#-----------------------------------------------------------
# xsim v2018.3 (64-bit)
# SW Build 2405991 on Thu Dec  6 23:38:27 MST 2018
# IP Build 2404404 on Fri Dec  7 01:43:56 MST 2018
# Start of session at: Mon Nov 11 05:34:33 2019
# Process ID: 13344
# Current directory: C:/Users/tkodera/Desktop/CPU/Fpu
# Command line: xsim.exe -mode tcl -source {xsim.dir/ftoi_testbench.sim/xsim_script.tcl}
# Log file: C:/Users/tkodera/Desktop/CPU/Fpu/xsim.log
# Journal file: C:/Users/tkodera/Desktop/CPU/Fpu\xsim.jou
#-----------------------------------------------------------
source xsim.dir/ftoi_testbench.sim/xsim_script.tcl
# xsim {ftoi_testbench.sim} -autoloadwcfg -runall
Vivado Simulator 2018.3
Time resolution is 100 ps
run -all
start of checking module fadd
difference message format
x1 = [input 1(bit)], [exponent 1(decimal)]
x2 = [input 2(bit)], [exponent 2(decimal)]
ref. : result(float) sign(bit),exponent(decimal),mantissa(bit) overflow(bit)
fadd : result(float) sign(bit),exponent(decimal),mantissa(bit) overflow(bit)
is_inf(0) is_zero(0)
ulp(0) g(1) r(0) s(0) flag(0)
x = 0 10010101 01011110101111010001001 5.746501e+06
y = 00000000010101111010111101000100     5746500
y = 00000000010101111010111101000101     5746501

is_inf(0) is_zero(0)
ulp(0) g(1) r(0) s(0) flag(0)
x = 1 10010010 11010000110011001001000 -9.519085e+05
y = 11111111111100010111100110011100     -951908
y = 11111111111100010111100110011011     -951909

is_inf(0) is_zero(0)
ulp(0) g(1) r(0) s(0) flag(0)
x = 1 10010011 10101101110100001000100 -1.760521e+06
y = 11111111111001010010001011111000    -1760520
y = 11111111111001010010001011110111    -1760521

is_inf(0) is_zero(0)
ulp(0) g(1) r(0) s(0) flag(0)
x = 0 10010101 10101000011000001101101 6.953015e+06
y = 00000000011010100001100000110110     6953014
y = 00000000011010100001100000110111     6953015

is_inf(0) is_zero(0)
ulp(0) g(1) r(0) s(0) flag(0)
x = 1 10010100 00000010111001011011010 -2.120887e+06
y = 11111111110111111010001101001010    -2120886
y = 11111111110111111010001101001001    -2120887

is_inf(0) is_zero(0)
ulp(0) g(1) r(0) s(0) flag(0)
x = 0 10010100 01111011000010110101010 3.105131e+06
y = 00000000001011110110000101101010     3105130
y = 00000000001011110110000101101011     3105131

is_inf(0) is_zero(0)
ulp(0) g(1) r(0) s(0) flag(0)
x = 0 10010101 01100100011011010000101 5.839683e+06
y = 00000000010110010001101101000010     5839682
y = 00000000010110010001101101000011     5839683

is_inf(0) is_zero(0)
ulp(0) g(1) r(0) s(0) flag(0)
x = 0 10010101 11100000110011011110101 7.877499e+06
y = 00000000011110000011001101111010     7877498
y = 00000000011110000011001101111011     7877499

is_inf(0) is_zero(0)
ulp(0) g(1) r(0) s(0) flag(0)
x = 0 10010010 01011001111000110101000 7.083785e+05
y = 00000000000010101100111100011010      708378
y = 00000000000010101100111100011011      708379

is_inf(0) is_zero(0)
ulp(0) g(1) r(0) s(0) flag(0)
x = 0 10010100 10001101001001100010010 3.253445e+06
y = 00000000001100011010010011000100     3253444
y = 00000000001100011010010011000101     3253445

is_inf(0) is_zero(0)
ulp(0) g(1) r(0) s(0) flag(0)
x = 1 10010010 10101000111111001101000 -8.703745e+05
y = 11111111111100101011100000011010     -870374
y = 11111111111100101011100000011001     -870375

is_inf(0) is_zero(0)
ulp(0) g(1) r(0) s(0) flag(0)
x = 0 10010101 10001100001011001111101 6.490943e+06
y = 00000000011000110000101100111110     6490942
y = 00000000011000110000101100111111     6490943

is_inf(0) is_zero(0)
ulp(0) g(1) r(0) s(0) flag(0)
x = 0 10010010 10101011011110000101000 8.754585e+05
y = 00000000000011010101101111000010      875458
y = 00000000000011010101101111000011      875459

is_inf(0) is_zero(0)
ulp(0) g(1) r(0) s(0) flag(0)
x = 1 10010011 10010101110011100110100 -1.662183e+06
y = 11111111111001101010001100011010    -1662182
y = 11111111111001101010001100011001    -1662183

is_inf(0) is_zero(0)
ulp(0) g(1) r(0) s(0) flag(0)
x = 1 10010100 11011101001110100010010 -3.909445e+06
y = 11111111110001000101100010111100    -3909444
y = 11111111110001000101100010111011    -3909445

is_inf(0) is_zero(0)
ulp(0) g(1) r(0) s(0) flag(0)
x = 1 10010100 00000000110110010101010 -2.104107e+06
y = 11111111110111111110010011010110    -2104106
y = 11111111110111111110010011010101    -2104107

is_inf(0) is_zero(0)
ulp(0) g(1) r(0) s(0) flag(0)
x = 1 10010011 11111100110101100000100 -2.084193e+06
y = 11111111111000000011001010100000    -2084192
y = 11111111111000000011001010011111    -2084193

is_inf(0) is_zero(0)
ulp(0) g(1) r(0) s(0) flag(0)
x = 1 10010101 11000100001111101101001 -7.409589e+06
y = 11111111100011101111000001001100    -7409588
y = 11111111100011101111000001001011    -7409589

is_inf(0) is_zero(0)
ulp(0) g(1) r(0) s(0) flag(0)
x = 1 10010011 11011110001000001010100 -1.958411e+06
y = 11111111111000100001110111110110    -1958410
y = 11111111111000100001110111110101    -1958411

is_inf(0) is_zero(0)
ulp(0) g(1) r(0) s(0) flag(0)
x = 1 10010011 10111010101110110100100 -1.813429e+06
y = 11111111111001000101010001001100    -1813428
y = 11111111111001000101010001001011    -1813429

is_inf(0) is_zero(0)
ulp(0) g(1) r(0) s(0) flag(0)
x = 0 10010101 10100110110100110001101 6.927559e+06
y = 00000000011010011011010011000110     6927558
y = 00000000011010011011010011000111     6927559

is_inf(0) is_zero(0)
ulp(0) g(1) r(0) s(0) flag(0)
x = 1 10010100 10010010000101101011010 -3.293911e+06
y = 11111111110011011011110100101010    -3293910
y = 11111111110011011011110100101001    -3293911

is_inf(0) is_zero(0)
ulp(0) g(1) r(0) s(0) flag(0)
x = 0 10010010 10000101101000001001000 7.979565e+05
y = 00000000000011000010110100000100      797956
y = 00000000000011000010110100000101      797957

is_inf(0) is_zero(0)
ulp(0) g(1) r(0) s(0) flag(0)
x = 1 10010101 01101001101010010001101 -5.925447e+06
y = 11111111101001011001010110111010    -5925446
y = 11111111101001011001010110111001    -5925447

is_inf(0) is_zero(0)
ulp(0) g(1) r(0) s(0) flag(0)
x = 0 10010100 11101100101000111000010 4.035697e+06
y = 00000000001111011001010001110000     4035696
y = 00000000001111011001010001110001     4035697

is_inf(0) is_zero(0)
ulp(0) g(1) r(0) s(0) flag(0)
x = 1 10010011 11011111110011010110100 -1.965271e+06
y = 11111111111000100000001100101010    -1965270
y = 11111111111000100000001100101001    -1965271

is_inf(0) is_zero(0)
ulp(0) g(1) r(0) s(0) flag(0)
x = 1 10010101 01110100111111011110001 -6.111097e+06
y = 11111111101000101100000010001000    -6111096
y = 11111111101000101100000010000111    -6111097

is_inf(0) is_zero(0)
ulp(0) g(1) r(0) s(0) flag(0)
x = 1 10010011 11010011010011011010100 -1.914075e+06
y = 11111111111000101100101100100110    -1914074
y = 11111111111000101100101100100101    -1914075

is_inf(0) is_zero(0)
ulp(0) g(1) r(0) s(0) flag(0)
x = 1 10010101 00001010011000100110101 -4.364443e+06
y = 11111111101111010110011101100110    -4364442
y = 11111111101111010110011101100101    -4364443

is_inf(0) is_zero(0)
ulp(0) g(1) r(0) s(0) flag(0)
x = 0 10010011 10101101110001101100100 1.760365e+06
y = 00000000000110101101110001101100     1760364
y = 00000000000110101101110001101101     1760365

is_inf(0) is_zero(0)
ulp(0) g(1) r(0) s(0) flag(0)
x = 0 10010100 11100111110001010111010 3.995823e+06
y = 00000000001111001111100010101110     3995822
y = 00000000001111001111100010101111     3995823

is_inf(0) is_zero(0)
ulp(0) g(1) r(0) s(0) flag(0)
x = 0 10010100 01000000010101110110010 2.624237e+06
y = 00000000001010000000101011101100     2624236
y = 00000000001010000000101011101101     2624237

is_inf(0) is_zero(0)
ulp(0) g(1) r(0) s(0) flag(0)
x = 0 10010101 10110010001011010101001 7.113557e+06
y = 00000000011011001000101101010100     7113556
y = 00000000011011001000101101010101     7113557

is_inf(0) is_zero(0)
ulp(0) g(1) r(0) s(0) flag(0)
x = 0 10010100 10110011001001010010010 3.564709e+06
y = 00000000001101100110010010100100     3564708
y = 00000000001101100110010010100101     3564709

is_inf(0) is_zero(0)
ulp(0) g(1) r(0) s(0) flag(0)
x = 0 10010101 00011100110011100011101 4.666255e+06
y = 00000000010001110011001110001110     4666254
y = 00000000010001110011001110001111     4666255

is_inf(0) is_zero(0)
ulp(0) g(1) r(0) s(0) flag(0)
x = 1 10010011 00011101011111110100100 -1.169397e+06
y = 11111111111011100010100000001100    -1169396
y = 11111111111011100010100000001011    -1169397

is_inf(0) is_zero(0)
ulp(0) g(1) r(0) s(0) flag(0)
x = 0 10010101 01110001100001001000001 6.054177e+06
y = 00000000010111000110000100100000     6054176
y = 00000000010111000110000100100001     6054177

is_inf(0) is_zero(0)
ulp(0) g(1) r(0) s(0) flag(0)
x = 0 10010101 00111011110000000001101 5.173255e+06
y = 00000000010011101111000000000110     5173254
y = 00000000010011101111000000000111     5173255

is_inf(0) is_zero(0)
ulp(0) g(1) r(0) s(0) flag(0)
x = 0 10010100 00111010011101011100010 2.576057e+06
y = 00000000001001110100111010111000     2576056
y = 00000000001001110100111010111001     2576057

is_inf(0) is_zero(0)
ulp(0) g(1) r(0) s(0) flag(0)
x = 1 10010011 01000000011110000010100 -1.312643e+06
y = 11111111111010111111100001111110    -1312642
y = 11111111111010111111100001111101    -1312643

is_inf(0) is_zero(0)
ulp(0) g(1) r(0) s(0) flag(0)
x = 0 10010011 01110110011110010110100 1.533847e+06
y = 00000000000101110110011110010110     1533846
y = 00000000000101110110011110010111     1533847

is_inf(0) is_zero(0)
ulp(0) g(1) r(0) s(0) flag(0)
x = 0 10010011 01110011000100100000100 1.519905e+06
y = 00000000000101110011000100100000     1519904
y = 00000000000101110011000100100001     1519905

is_inf(0) is_zero(0)
ulp(0) g(1) r(0) s(0) flag(0)
x = 1 10010101 11110110001010101110001 -8.227513e+06
y = 11111111100000100111010101001000    -8227512
y = 11111111100000100111010101000111    -8227513

is_inf(0) is_zero(0)
ulp(0) g(1) r(0) s(0) flag(0)
x = 0 10010100 10111001110010101011010 3.619159e+06
y = 00000000001101110011100101010110     3619158
y = 00000000001101110011100101010111     3619159

is_inf(0) is_zero(0)
ulp(0) g(1) r(0) s(0) flag(0)
x = 1 10010010 00101101111011110001000 -6.183605e+05
y = 11111111111101101001000010001000     -618360
y = 11111111111101101001000010000111     -618361

is_inf(0) is_zero(0)
ulp(0) g(1) r(0) s(0) flag(0)
x = 1 10010100 00100011010000010110010 -2.385965e+06
y = 11111111110110111001011111010100    -2385964
y = 11111111110110111001011111010011    -2385965

is_inf(0) is_zero(0)
ulp(0) g(1) r(0) s(0) flag(0)
x = 0 10010100 11111100001001010110010 4.162733e+06
y = 00000000001111111000010010101100     4162732
y = 00000000001111111000010010101101     4162733

is_inf(0) is_zero(0)
ulp(0) g(1) r(0) s(0) flag(0)
x = 1 10010011 11010000101010111000100 -1.903289e+06
y = 11111111111000101111010101001000    -1903288
y = 11111111111000101111010101000111    -1903289

is_inf(0) is_zero(0)
ulp(0) g(1) r(0) s(0) flag(0)
x = 0 10010101 11110010000010101101101 8.159927e+06
y = 00000000011111001000001010110110     8159926
y = 00000000011111001000001010110111     8159927

is_inf(0) is_zero(0)
ulp(0) g(1) r(0) s(0) flag(0)
x = 1 10001110 01100100010110010000000 -4.561250e+04
y = 11111111111111110100110111010100      -45612
y = 11111111111111110100110111010011      -45613

is_inf(0) is_zero(0)
ulp(0) g(1) r(0) s(0) flag(0)
x = 1 10010011 01011010101100100010100 -1.420067e+06
y = 11111111111010100101010011011110    -1420066
y = 11111111111010100101010011011101    -1420067

is_inf(0) is_zero(0)
ulp(0) g(1) r(0) s(0) flag(0)
x = 0 10010011 00001000011100100010100 1.083171e+06
y = 00000000000100001000011100100010     1083170
y = 00000000000100001000011100100011     1083171

is_inf(0) is_zero(0)
ulp(0) g(1) r(0) s(0) flag(0)
x = 1 10010010 01111001101010001101000 -7.734465e+05
y = 11111111111101000011001010111010     -773446
y = 11111111111101000011001010111001     -773447

is_inf(0) is_zero(0)
ulp(0) g(1) r(0) s(0) flag(0)
x = 1 10010101 01000100000011111111101 -5.309439e+06
y = 11111111101011101111110000000010    -5309438
y = 11111111101011101111110000000001    -5309439

exit
INFO: [Common 17-206] Exiting xsim at Mon Nov 11 05:34:36 2019...
