#-----------------------------------------------------------
# xsim v2018.3 (64-bit)
# SW Build 2405991 on Thu Dec  6 23:38:27 MST 2018
# IP Build 2404404 on Fri Dec  7 01:43:56 MST 2018
# Start of session at: Sun Oct 20 02:53:16 2019
# Process ID: 17972
# Current directory: C:/Users/tkodera/Desktop/CPU/Fpu
# Command line: xsim.exe -mode tcl -source {xsim.dir/finv_testbench.sim/xsim_script.tcl}
# Log file: C:/Users/tkodera/Desktop/CPU/Fpu/xsim.log
# Journal file: C:/Users/tkodera/Desktop/CPU/Fpu\xsim.jou
#-----------------------------------------------------------
source xsim.dir/finv_testbench.sim/xsim_script.tcl
# xsim {finv_testbench.sim} -autoloadwcfg -runall
Vivado Simulator 2018.3
Time resolution is 100 ps
run -all
start of checking module fadd
difference message format
x1 = [input 1(bit)], [exponent 1(decimal)]
x2 = [input 2(bit)], [exponent 2(decimal)]
ref. : result(float) sign(bit),exponent(decimal),mantissa(bit) overflow(bit)
fdiv : result(float) sign(bit),exponent(decimal),mantissa(bit) overflow(bit)
x1 = 0 11000111 01000011111100111100011, 199
00011011 00101111 00000011 00001110
00011011 01000110 10011110 11000110
xxxxxxxx xxxxxxxx xxxxxxxx xxxxxxxx
xxxxxxxx xxxxxxxx xxxxxxxx xxxxxxxx
xxxxxxxx xxxxxxxx xxxxxxxx xxxxxxxx
xxxxxxxx xxxxxxxx xxxxxxxx xxxxxxxx
1.673398e-22 0  54 10010100100110100101010 0
0.000000e+00 x x xxxxxxxxxxxxxxxxxxxxxxx carry(z) over(z) under(z)

x1 = 0 10110001 01110000000100100001011, 177
00100110 00100011 11111011 01111010
00100110 00110000 11110000 11011110
xxxxxxxx xxxxxxxx xxxxxxxx xxxxxxxx
xxxxxxxx xxxxxxxx xxxxxxxx xxxxxxxx
xxxxxxxx xxxxxxxx xxxxxxxx xxxxxxxx
xxxxxxxx xxxxxxxx xxxxxxxx xxxxxxxx
6.177447e-16 0  76 01100100000110110000011 0
0.000000e+00 x x xxxxxxxxxxxxxxxxxxxxxxx carry(z) over(z) under(z)

x1 = 1 01101110 01010100001101111010100, 110
11000111 10101010 11110010 00010110
11000111 10111110 00110000 01010101
xxxxxxxx xxxxxxxx xxxxxxxx xxxxxxxx
xxxxxxxx xxxxxxxx xxxxxxxx xxxxxxxx
xxxxxxxx xxxxxxxx xxxxxxxx xxxxxxxx
xxxxxxxx xxxxxxxx xxxxxxxx xxxxxxxx
-9.862644e+04 1 143 10000001010000100111000 0
0.000000e+00 x x xxxxxxxxxxxxxxxxxxxxxxx carry(z) over(z) under(z)

x1 = 0 01001100 00111000010111111110110,  76
01011000 10110001 11101000 00000101
01011000 11001100 11110011 01111000
xxxxxxxx xxxxxxxx xxxxxxxx xxxxxxxx
xxxxxxxx xxxxxxxx xxxxxxxx xxxxxxxx
xxxxxxxx xxxxxxxx xxxxxxxx xxxxxxxx
xxxxxxxx xxxxxxxx xxxxxxxx xxxxxxxx
1.845414e+15 0 177 10100011100110010100001 0
0.000000e+00 x x xxxxxxxxxxxxxxxxxxxxxxx carry(z) over(z) under(z)

x1 = 1 00010011 11000010011000111000101,  19
11110101 00001111 01100111 00011110
11110101 00010001 01111010 10110101
xxxxxxxx xxxxxxxx xxxxxxxx xxxxxxxx
xxxxxxxx xxxxxxxx xxxxxxxx xxxxxxxx
xxxxxxxx xxxxxxxx xxxxxxxx xxxxxxxx
xxxxxxxx xxxxxxxx xxxxxxxx xxxxxxxx
-1.844556e+32 1 234 00100011000001010000100 0
0.000000e+00 x x xxxxxxxxxxxxxxxxxxxxxxx carry(z) over(z) under(z)

x1 = 0 01001001 11111010110001011000001,  73
01011010 00000001 01001110 10100000
01011010 00000001 01010010 00010011
xxxxxxxx xxxxxxxx xxxxxxxx xxxxxxxx
xxxxxxxx xxxxxxxx xxxxxxxx xxxxxxxx
xxxxxxxx xxxxxxxx xxxxxxxx xxxxxxxx
xxxxxxxx xxxxxxxx xxxxxxxx xxxxxxxx
9.100129e+15 0 180 00000010101001000010011 0
0.000000e+00 x x xxxxxxxxxxxxxxxxxxxxxxx carry(z) over(z) under(z)

x1 = 0 11101011 00101101111100001000011, 235
00001001 00110100 10000011 11011110
00001001 01010010 11100110 01111100
xxxxxxxx xxxxxxxx xxxxxxxx xxxxxxxx
xxxxxxxx xxxxxxxx xxxxxxxx xxxxxxxx
xxxxxxxx xxxxxxxx xxxxxxxx xxxxxxxx
xxxxxxxx xxxxxxxx xxxxxxxx xxxxxxxx
2.612645e-33 0  18 10110010000110011010010 0
0.000000e+00 x x xxxxxxxxxxxxxxxxxxxxxxx carry(z) over(z) under(z)

x1 = 0 11011011 00000110010101110101000, 219
00010001 00111110 01101010 00101100
00010001 01101011 10110000 01111001
xxxxxxxx xxxxxxxx xxxxxxxx xxxxxxxx
xxxxxxxx xxxxxxxx xxxxxxxx xxxxxxxx
xxxxxxxx xxxxxxxx xxxxxxxx xxxxxxxx
xxxxxxxx xxxxxxxx xxxxxxxx xxxxxxxx
1.970671e-28 0  34 11110011100111111101101 0
0.000000e+00 x x xxxxxxxxxxxxxxxxxxxxxxx carry(z) over(z) under(z)

x1 = 0 11111011 01101010110101111001101, 251
00000001 00100101 01001010 00011010
00000001 00110011 01010001 01001001
xxxxxxxx xxxxxxxx xxxxxxxx xxxxxxxx
xxxxxxxx xxxxxxxx xxxxxxxx xxxxxxxx
xxxxxxxx xxxxxxxx xxxxxxxx xxxxxxxx
xxxxxxxx xxxxxxxx xxxxxxxx xxxxxxxx
3.317437e-38 0   2 01101001001111001010100 0
0.000000e+00 x x xxxxxxxxxxxxxxxxxxxxxxx carry(z) over(z) under(z)

x1 = 1 01011001 10000010001010000010111,  89
11010010 00011111 01110101 11110100
11010010 00101001 00011000 00010001
xxxxxxxx xxxxxxxx xxxxxxxx xxxxxxxx
xxxxxxxx xxxxxxxx xxxxxxxx xxxxxxxx
xxxxxxxx xxxxxxxx xxxxxxxx xxxxxxxx
xxxxxxxx xxxxxxxx xxxxxxxx xxxxxxxx
-1.822283e+11 1 164 01010011011011010100000 0
0.000000e+00 x x xxxxxxxxxxxxxxxxxxxxxxx carry(z) over(z) under(z)

x1 = 1 00100111 00111110101101110011111,  39
11101011 00110000 01010010 00110000
11101011 01001001 01110010 11110010
xxxxxxxx xxxxxxxx xxxxxxxx xxxxxxxx
xxxxxxxx xxxxxxxx xxxxxxxx xxxxxxxx
xxxxxxxx xxxxxxxx xxxxxxxx xxxxxxxx
xxxxxxxx xxxxxxxx xxxxxxxx xxxxxxxx
-2.485856e+26 1 214 10011011010000000001110 0
0.000000e+00 x x xxxxxxxxxxxxxxxxxxxxxxx carry(z) over(z) under(z)

x1 = 1 00001111 00101101001110110010010,  15
11110111 00110100 10110001 00110111
11110111 01010011 01010000 00010011
xxxxxxxx xxxxxxxx xxxxxxxx xxxxxxxx
xxxxxxxx xxxxxxxx xxxxxxxx xxxxxxxx
xxxxxxxx xxxxxxxx xxxxxxxx xxxxxxxx
xxxxxxxx xxxxxxxx xxxxxxxx xxxxxxxx
-4.412653e+33 1 238 10110011000111110000011 0
0.000000e+00 x x xxxxxxxxxxxxxxxxxxxxxxx carry(z) over(z) under(z)

x1 = 0 10100011 01111100111011011011000, 163
00101101 00100000 11000100 10010100
00101101 00101011 01001101 11001100
xxxxxxxx xxxxxxxx xxxxxxxx xxxxxxxx
xxxxxxxx xxxxxxxx xxxxxxxx xxxxxxxx
xxxxxxxx xxxxxxxx xxxxxxxx xxxxxxxx
xxxxxxxx xxxxxxxx xxxxxxxx xxxxxxxx
9.779501e-12 0  90 01011000000101011110101 0
0.000000e+00 x x xxxxxxxxxxxxxxxxxxxxxxx carry(z) over(z) under(z)

x1 = 1 00010010 01101100101001111100010,  18
11110101 10100100 11010110 00001111
11110101 10110010 01111100 11011001
xxxxxxxx xxxxxxxx xxxxxxxx xxxxxxxx
xxxxxxxx xxxxxxxx xxxxxxxx xxxxxxxx
xxxxxxxx xxxxxxxx xxxxxxxx xxxxxxxx
xxxxxxxx xxxxxxxx xxxxxxxx xxxxxxxx
-4.556453e+32 1 235 01100111011100001101100 0
0.000000e+00 x x xxxxxxxxxxxxxxxxxxxxxxx carry(z) over(z) under(z)

x1 = 0 11101010 00110011100100100111010, 234
00001001 10110011 00011011 01100011
00001001 11001111 10101000 11111010
xxxxxxxx xxxxxxxx xxxxxxxx xxxxxxxx
xxxxxxxx xxxxxxxx xxxxxxxx xxxxxxxx
xxxxxxxx xxxxxxxx xxxxxxxx xxxxxxxx
xxxxxxxx xxxxxxxx xxxxxxxx xxxxxxxx
5.129600e-33 0  19 10101010001001101000100 0
0.000000e+00 x x xxxxxxxxxxxxxxxxxxxxxxx carry(z) over(z) under(z)

x1 = 0 10011110 11100111110001010100101, 158
00101111 10000110 00001110 10101110
00101111 10000110 01011011 10001001
xxxxxxxx xxxxxxxx xxxxxxxx xxxxxxxx
xxxxxxxx xxxxxxxx xxxxxxxx xxxxxxxx
xxxxxxxx xxxxxxxx xxxxxxxx xxxxxxxx
xxxxxxxx xxxxxxxx xxxxxxxx xxxxxxxx
2.443962e-10 0  95 00001100101101110110101 0
0.000000e+00 x x xxxxxxxxxxxxxxxxxxxxxxx carry(z) over(z) under(z)

x1 = 1 01101011 11101110110011111111001, 107
11001001 00000100 01001100 00000100
11001001 00000100 01110010 00101110
xxxxxxxx xxxxxxxx xxxxxxxx xxxxxxxx
xxxxxxxx xxxxxxxx xxxxxxxx xxxxxxxx
xxxxxxxx xxxxxxxx xxxxxxxx xxxxxxxx
xxxxxxxx xxxxxxxx xxxxxxxx xxxxxxxx
-5.424996e+05 1 146 00001000111001000111001 0
0.000000e+00 x x xxxxxxxxxxxxxxxxxxxxxxx carry(z) over(z) under(z)

x1 = 0 00010001 01110010010010011011001,  17
01110110 00100011 01101101 10010100
01110110 00101111 11110010 10101011
xxxxxxxx xxxxxxxx xxxxxxxx xxxxxxxx
xxxxxxxx xxxxxxxx xxxxxxxx xxxxxxxx
xxxxxxxx xxxxxxxx xxxxxxxx xxxxxxxx
xxxxxxxx xxxxxxxx xxxxxxxx xxxxxxxx
8.974288e+32 0 236 01100001111110010010011 0
0.000000e+00 x x xxxxxxxxxxxxxxxxxxxxxxx carry(z) over(z) under(z)

x1 = 0 10101110 00010101000000000110111, 174
00100111 10111010 10111111 11100100
00100111 11100010 00010111 01000111
xxxxxxxx xxxxxxxx xxxxxxxx xxxxxxxx
xxxxxxxx xxxxxxxx xxxxxxxx xxxxxxxx
xxxxxxxx xxxxxxxx xxxxxxxx xxxxxxxx
xxxxxxxx xxxxxxxx xxxxxxxx xxxxxxxx
6.566709e-15 0  79 11011001001011100110011 0
0.000000e+00 x x xxxxxxxxxxxxxxxxxxxxxxx carry(z) over(z) under(z)

x1 = 0 00001111 01101011101111011010001,  15
01110111 00100101 00010000 10011000
01110111 00110010 11100111 11010001
xxxxxxxx xxxxxxxx xxxxxxxx xxxxxxxx
xxxxxxxx xxxxxxxx xxxxxxxx xxxxxxxx
xxxxxxxx xxxxxxxx xxxxxxxx xxxxxxxx
xxxxxxxx xxxxxxxx xxxxxxxx xxxxxxxx
3.654328e+33 0 238 01101000010110000011010 0
0.000000e+00 x x xxxxxxxxxxxxxxxxxxxxxxx carry(z) over(z) under(z)

x1 = 0 00100011 11011110111100010111011,  35
01101101 00001000 01000011 10100010
01101101 00001000 11010101 00001100
xxxxxxxx xxxxxxxx xxxxxxxx xxxxxxxx
xxxxxxxx xxxxxxxx xxxxxxxx xxxxxxxx
xxxxxxxx xxxxxxxx xxxxxxxx xxxxxxxx
xxxxxxxx xxxxxxxx xxxxxxxx xxxxxxxx
2.646766e+27 0 218 00010001101010110101000 0
0.000000e+00 x x xxxxxxxxxxxxxxxxxxxxxxx carry(z) over(z) under(z)

x1 = 0 10011000 01001000100100101110010, 152
00110010 10101101 11011011 01000111
00110010 11000100 00101011 10011110
xxxxxxxx xxxxxxxx xxxxxxxx xxxxxxxx
xxxxxxxx xxxxxxxx xxxxxxxx xxxxxxxx
xxxxxxxx xxxxxxxx xxxxxxxx xxxxxxxx
xxxxxxxx xxxxxxxx xxxxxxxx xxxxxxxx
2.321973e-08 0 101 10001110111010010111010 0
0.000000e+00 x x xxxxxxxxxxxxxxxxxxxxxxx carry(z) over(z) under(z)

x1 = 0 10101110 01010011100000101110111, 174
00100111 10101011 00011111 01000100
00100111 10111110 10001011 00111000
xxxxxxxx xxxxxxxx xxxxxxxx xxxxxxxx
xxxxxxxx xxxxxxxx xxxxxxxx xxxxxxxx
xxxxxxxx xxxxxxxx xxxxxxxx xxxxxxxx
xxxxxxxx xxxxxxxx xxxxxxxx xxxxxxxx
5.357667e-15 0  79 10000010000011111000011 0
0.000000e+00 x x xxxxxxxxxxxxxxxxxxxxxxx carry(z) over(z) under(z)

x1 = 0 10001111 11001101110000010110100, 143
00110111 00001100 10001111 10100110
00110111 00001101 11101010 00101110
xxxxxxxx xxxxxxxx xxxxxxxx xxxxxxxx
xxxxxxxx xxxxxxxx xxxxxxxx xxxxxxxx
xxxxxxxx xxxxxxxx xxxxxxxx xxxxxxxx
xxxxxxxx xxxxxxxx xxxxxxxx xxxxxxxx
8.459564e-06 0 110 00011011110110110001101 0
0.000000e+00 x x xxxxxxxxxxxxxxxxxxxxxxx carry(z) over(z) under(z)

x1 = 0 10101001 10111010110111001001011, 169
00101010 00010001 01001000 11011010
00101010 00010011 11101111 00001110
xxxxxxxx xxxxxxxx xxxxxxxx xxxxxxxx
xxxxxxxx xxxxxxxx xxxxxxxx xxxxxxxx
xxxxxxxx xxxxxxxx xxxxxxxx xxxxxxxx
xxxxxxxx xxxxxxxx xxxxxxxx xxxxxxxx
1.314353e-13 0  84 00100111111101110100110 0
0.000000e+00 x x xxxxxxxxxxxxxxxxxxxxxxx carry(z) over(z) under(z)

x1 = 0 01011100 01101000100000110101110,  92
01010000 10100101 11011111 00101001
01010000 10110100 01100100 01101011
xxxxxxxx xxxxxxxx xxxxxxxx xxxxxxxx
xxxxxxxx xxxxxxxx xxxxxxxx xxxxxxxx
xxxxxxxx xxxxxxxx xxxxxxxx xxxxxxxx
xxxxxxxx xxxxxxxx xxxxxxxx xxxxxxxx
2.439882e+10 0 161 01101011100100100001100 0
0.000000e+00 x x xxxxxxxxxxxxxxxxxxxxxxx carry(z) over(z) under(z)

x1 = 0 10011111 00111001011111110000110, 159
00101111 00110001 10100000 00111101
00101111 01001100 01010011 01010011
xxxxxxxx xxxxxxxx xxxxxxxx xxxxxxxx
xxxxxxxx xxxxxxxx xxxxxxxx xxxxxxxx
xxxxxxxx xxxxxxxx xxxxxxxx xxxxxxxx
xxxxxxxx xxxxxxxx xxxxxxxx xxxxxxxx
1.901287e-10 0  94 10100010000110001111010 0
0.000000e+00 x x xxxxxxxxxxxxxxxxxxxxxxx carry(z) over(z) under(z)

x1 = 0 11001101 10011001110011100000111, 205
00011000 00011001 10001100 01111100
00011000 00011111 10101010 10001010
xxxxxxxx xxxxxxxx xxxxxxxx xxxxxxxx
xxxxxxxx xxxxxxxx xxxxxxxx xxxxxxxx
xxxxxxxx xxxxxxxx xxxxxxxx xxxxxxxx
xxxxxxxx xxxxxxxx xxxxxxxx xxxxxxxx
2.066918e-24 0  48 00111111110101110000101 0
0.000000e+00 x x xxxxxxxxxxxxxxxxxxxxxxx carry(z) over(z) under(z)

x1 = 0 11110100 10110001000101100100000, 244
00000100 10010011 10111010 01110000
00000100 10010111 00111100 11010010
xxxxxxxx xxxxxxxx xxxxxxxx xxxxxxxx
xxxxxxxx xxxxxxxx xxxxxxxx xxxxxxxx
xxxxxxxx xxxxxxxx xxxxxxxx xxxxxxxx
xxxxxxxx xxxxxxxx xxxxxxxx xxxxxxxx
3.557586e-36 0   9 00101110101001010101110 0
0.000000e+00 x x xxxxxxxxxxxxxxxxxxxxxxx carry(z) over(z) under(z)

x1 = 1 01001101 10001101000000011111101,  77
11011000 00011100 10111111 10000010
11011000 00100100 10100111 10100101
xxxxxxxx xxxxxxxx xxxxxxxx xxxxxxxx
xxxxxxxx xxxxxxxx xxxxxxxx xxxxxxxx
xxxxxxxx xxxxxxxx xxxxxxxx xxxxxxxx
xxxxxxxx xxxxxxxx xxxxxxxx xxxxxxxx
-7.260070e+14 1 176 01001010001001100101011 0
0.000000e+00 x x xxxxxxxxxxxxxxxxxxxxxxx carry(z) over(z) under(z)

x1 = 0 01011101 01100111100011110111011,  93
01010000 00100110 00011100 00100010
01010000 00110100 11010101 10110011
xxxxxxxx xxxxxxxx xxxxxxxx xxxxxxxx
xxxxxxxx xxxxxxxx xxxxxxxx xxxxxxxx
xxxxxxxx xxxxxxxx xxxxxxxx xxxxxxxx
xxxxxxxx xxxxxxxx xxxxxxxx xxxxxxxx
1.223173e+10 0 160 01101100100010001011011 0
0.000000e+00 x x xxxxxxxxxxxxxxxxxxxxxxx carry(z) over(z) under(z)

x1 = 0 10011110 01101011111100101101100, 158
00101111 10100101 00000011 01001010
00101111 10110010 11001111 01111000
xxxxxxxx xxxxxxxx xxxxxxxx xxxxxxxx
xxxxxxxx xxxxxxxx xxxxxxxx xxxxxxxx
xxxxxxxx xxxxxxxx xxxxxxxx xxxxxxxx
xxxxxxxx xxxxxxxx xxxxxxxx xxxxxxxx
3.275443e-10 0  95 01101000001000111000011 0
0.000000e+00 x x xxxxxxxxxxxxxxxxxxxxxxx carry(z) over(z) under(z)

x1 = 0 10101001 11110101100001010101011, 169
00101010 00000010 10011110 10101010
00101010 00000010 10101100 10101100
xxxxxxxx xxxxxxxx xxxxxxxx xxxxxxxx
xxxxxxxx xxxxxxxx xxxxxxxx xxxxxxxx
xxxxxxxx xxxxxxxx xxxxxxxx xxxxxxxx
xxxxxxxx xxxxxxxx xxxxxxxx xxxxxxxx
1.160623e-13 0  84 00000101010110010101110 0
0.000000e+00 x x xxxxxxxxxxxxxxxxxxxxxxx carry(z) over(z) under(z)

x1 = 0 11111100 10100001000011101000001, 252
00000000 10010111 10111100 01100000
00000000 10011100 11110100 00011001
xxxxxxxx xxxxxxxx xxxxxxxx xxxxxxxx
xxxxxxxx xxxxxxxx xxxxxxxx xxxxxxxx
xxxxxxxx xxxxxxxx xxxxxxxx xxxxxxxx
xxxxxxxx xxxxxxxx xxxxxxxx xxxxxxxx
1.443097e-38 0   1 00111010010001110101010 0
0.000000e+00 x x xxxxxxxxxxxxxxxxxxxxxxx carry(z) over(z) under(z)

x1 = 1 01101100 00000101110000001110011, 108
11001000 10111110 10001111 11000110
11001000 11101100 00010101 10101110
xxxxxxxx xxxxxxxx xxxxxxxx xxxxxxxx
xxxxxxxx xxxxxxxx xxxxxxxx xxxxxxxx
xxxxxxxx xxxxxxxx xxxxxxxx xxxxxxxx
xxxxxxxx xxxxxxxx xxxxxxxx xxxxxxxx
-5.127638e+05 1 145 11110100101111101111010 0
0.000000e+00 x x xxxxxxxxxxxxxxxxxxxxxxx carry(z) over(z) under(z)

x1 = 0 10011110 10100110100110111001100, 158
00101111 10010110 01011001 00011010
00101111 10011010 11101110 01011111
xxxxxxxx xxxxxxxx xxxxxxxx xxxxxxxx
xxxxxxxx xxxxxxxx xxxxxxxx xxxxxxxx
xxxxxxxx xxxxxxxx xxxxxxxx xxxxxxxx
xxxxxxxx xxxxxxxx xxxxxxxx xxxxxxxx
2.820802e-10 0  95 00110110001001101000010 0
0.000000e+00 x x xxxxxxxxxxxxxxxxxxxxxxx carry(z) over(z) under(z)

x1 = 0 01001010 00101110000100000111110,  74
01011001 10110100 01111011 11100001
01011001 11010010 11010011 11100111
xxxxxxxx xxxxxxxx xxxxxxxx xxxxxxxx
xxxxxxxx xxxxxxxx xxxxxxxx xxxxxxxx
xxxxxxxx xxxxxxxx xxxxxxxx xxxxxxxx
xxxxxxxx xxxxxxxx xxxxxxxx xxxxxxxx
7.633614e+15 0 179 10110001111010111011010 0
0.000000e+00 x x xxxxxxxxxxxxxxxxxxxxxxx carry(z) over(z) under(z)

x1 = 0 11001001 01101101010100000101110, 201
00011010 00100100 10101011 11101001
00011010 00110010 00110000 00010011
xxxxxxxx xxxxxxxx xxxxxxxx xxxxxxxx
xxxxxxxx xxxxxxxx xxxxxxxx xxxxxxxx
xxxxxxxx xxxxxxxx xxxxxxxx xxxxxxxx
xxxxxxxx xxxxxxxx xxxxxxxx xxxxxxxx
3.709831e-23 0  52 01100110110010101111011 0
0.000000e+00 x x xxxxxxxxxxxxxxxxxxxxxxx carry(z) over(z) under(z)

x1 = 1 00111101 00010010100011100111000,  61
11100000 00111011 01011100 01100100
11100000 01100011 10101000 00011111
xxxxxxxx xxxxxxxx xxxxxxxx xxxxxxxx
xxxxxxxx xxxxxxxx xxxxxxxx xxxxxxxx
xxxxxxxx xxxxxxxx xxxxxxxx xxxxxxxx
xxxxxxxx xxxxxxxx xxxxxxxx xxxxxxxx
-6.879995e+19 1 192 11011101011001010100001 0
0.000000e+00 x x xxxxxxxxxxxxxxxxxxxxxxx carry(z) over(z) under(z)

x1 = 0 11110100 00100011100101011101010, 244
00000100 10110111 00011010 10001011
00000100 11011001 00001001 10110111
xxxxxxxx xxxxxxxx xxxxxxxx xxxxxxxx
xxxxxxxx xxxxxxxx xxxxxxxx xxxxxxxx
xxxxxxxx xxxxxxxx xxxxxxxx xxxxxxxx
xxxxxxxx xxxxxxxx xxxxxxxx xxxxxxxx
5.284025e-36 0   9 11000001100000111110001 0
0.000000e+00 x x xxxxxxxxxxxxxxxxxxxxxxx carry(z) over(z) under(z)

x1 = 0 11000110 00001110010111101110000, 198
00011011 10111100 01101000 01001000
00011011 11100110 01011110 10010101
xxxxxxxx xxxxxxxx xxxxxxxx xxxxxxxx
xxxxxxxx xxxxxxxx xxxxxxxx xxxxxxxx
xxxxxxxx xxxxxxxx xxxxxxxx xxxxxxxx
xxxxxxxx xxxxxxxx xxxxxxxx xxxxxxxx
4.010059e-22 0  55 11100100110010010101010 0
0.000000e+00 x x xxxxxxxxxxxxxxxxxxxxxxx carry(z) over(z) under(z)

x1 = 0 10101001 00011000010011110101011, 169
00101010 00111001 11101100 00101010
00101010 01011111 11111110 10100001
xxxxxxxx xxxxxxxx xxxxxxxx xxxxxxxx
xxxxxxxx xxxxxxxx xxxxxxxx xxxxxxxx
xxxxxxxx xxxxxxxx xxxxxxxx xxxxxxxx
xxxxxxxx xxxxxxxx xxxxxxxx xxxxxxxx
2.076547e-13 0  84 11010011100110001100010 0
0.000000e+00 x x xxxxxxxxxxxxxxxxxxxxxxx carry(z) over(z) under(z)

x1 = 0 10010010 11001010001100010110110, 146
00110101 10001101 01110011 10100101
00110101 10001111 00000011 10010011
xxxxxxxx xxxxxxxx xxxxxxxx xxxxxxxx
xxxxxxxx xxxxxxxx xxxxxxxx xxxxxxxx
xxxxxxxx xxxxxxxx xxxxxxxx xxxxxxxx
xxxxxxxx xxxxxxxx xxxxxxxx xxxxxxxx
1.065667e-06 0 107 00011110000100000001011 0
0.000000e+00 x x xxxxxxxxxxxxxxxxxxxxxxx carry(z) over(z) under(z)

x1 = 0 00010000 00111100011011110101110,  16
01110110 10110000 11100100 00101001
01110110 11001010 10110010 11101101
xxxxxxxx xxxxxxxx xxxxxxxx xxxxxxxx
xxxxxxxx xxxxxxxx xxxxxxxx xxxxxxxx
xxxxxxxx xxxxxxxx xxxxxxxx xxxxxxxx
xxxxxxxx xxxxxxxx xxxxxxxx xxxxxxxx
2.100318e+33 0 237 10011110001101101111000 0
0.000000e+00 x x xxxxxxxxxxxxxxxxxxxxxxx carry(z) over(z) under(z)

x1 = 0 01110010 10000101100111111011001, 114
01000101 10011110 10011000 00010100
01000101 10100111 10100111 10000010
xxxxxxxx xxxxxxxx xxxxxxxx xxxxxxxx
xxxxxxxx xxxxxxxx xxxxxxxx xxxxxxxx
xxxxxxxx xxxxxxxx xxxxxxxx xxxxxxxx
xxxxxxxx xxxxxxxx xxxxxxxx xxxxxxxx
5.382505e+03 0 139 01010000011010000001010 0
0.000000e+00 x x xxxxxxxxxxxxxxxxxxxxxxx carry(z) over(z) under(z)

x1 = 0 11001111 11011100101111111101110, 207
00010111 00001000 11010000 00001001
00010111 00001001 01110110 00001110
xxxxxxxx xxxxxxxx xxxxxxxx xxxxxxxx
xxxxxxxx xxxxxxxx xxxxxxxx xxxxxxxx
xxxxxxxx xxxxxxxx xxxxxxxx xxxxxxxx
xxxxxxxx xxxxxxxx xxxxxxxx xxxxxxxx
4.441709e-25 0  46 00010010111011011011000 0
0.000000e+00 x x xxxxxxxxxxxxxxxxxxxxxxx carry(z) over(z) under(z)

x1 = 0 00000100 01100000000001010011000,   4
01111100 10100111 11111110 10110100
01111100 10111000 01100101 10000011
xxxxxxxx xxxxxxxx xxxxxxxx xxxxxxxx
xxxxxxxx xxxxxxxx xxxxxxxx xxxxxxxx
xxxxxxxx xxxxxxxx xxxxxxxx xxxxxxxx
xxxxxxxx xxxxxxxx xxxxxxxx xxxxxxxx
7.733245e+36 0 249 01110100010101111001101 0
0.000000e+00 x x xxxxxxxxxxxxxxxxxxxxxxx carry(z) over(z) under(z)

x1 = 0 00111000 10010011111111101001001,  56
01100010 10011011 00000000 01011100
01100010 10100001 11100110 00011010
xxxxxxxx xxxxxxxx xxxxxxxx xxxxxxxx
xxxxxxxx xxxxxxxx xxxxxxxx xxxxxxxx
xxxxxxxx xxxxxxxx xxxxxxxx xxxxxxxx
xxxxxxxx xxxxxxxx xxxxxxxx xxxxxxxx
1.496216e+21 0 197 01000100011100001010110 0
0.000000e+00 x x xxxxxxxxxxxxxxxxxxxxxxx carry(z) over(z) under(z)

x1 = 1 01111000 11110101000011110011001, 120
11000010 10000010 10111100 00110100
11000010 10000010 11001011 01111100
xxxxxxxx xxxxxxxx xxxxxxxx xxxxxxxx
xxxxxxxx xxxxxxxx xxxxxxxx xxxxxxxx
xxxxxxxx xxxxxxxx xxxxxxxx xxxxxxxx
xxxxxxxx xxxxxxxx xxxxxxxx xxxxxxxx
-6.539744e+01 1 133 00000101100101101111101 0
0.000000e+00 x x xxxxxxxxxxxxxxxxxxxxxxx carry(z) over(z) under(z)

x1 = 0 10010111 00101010001101101001110, 151
00110011 00110101 01110010 01011001
00110011 01010101 00010100 11110101
xxxxxxxx xxxxxxxx xxxxxxxx xxxxxxxx
xxxxxxxx xxxxxxxx xxxxxxxx xxxxxxxx
xxxxxxxx xxxxxxxx xxxxxxxx xxxxxxxx
xxxxxxxx xxxxxxxx xxxxxxxx xxxxxxxx
5.116736e-08 0 102 10110111100001100011100 0
0.000000e+00 x x xxxxxxxxxxxxxxxxxxxxxxx carry(z) over(z) under(z)

x1 = 1 01001000 11010000011011011111000,  72
11011010 10001011 11100100 10000100
11011010 10001101 00011001 10101010
xxxxxxxx xxxxxxxx xxxxxxxx xxxxxxxx
xxxxxxxx xxxxxxxx xxxxxxxx xxxxxxxx
xxxxxxxx xxxxxxxx xxxxxxxx xxxxxxxx
xxxxxxxx xxxxxxxx xxxxxxxx xxxxxxxx
-1.985958e+16 1 181 00011010001110001011100 0
0.000000e+00 x x xxxxxxxxxxxxxxxxxxxxxxx carry(z) over(z) under(z)

x1 = 0 11101011 01111010101011101110010, 235
00001001 00100001 01010100 01000111
00001001 00101100 01000100 01110000
xxxxxxxx xxxxxxxx xxxxxxxx xxxxxxxx
xxxxxxxx xxxxxxxx xxxxxxxx xxxxxxxx
xxxxxxxx xxxxxxxx xxxxxxxx xxxxxxxx
xxxxxxxx xxxxxxxx xxxxxxxx xxxxxxxx
2.083169e-33 0  18 01011010001000000011001 0
0.000000e+00 x x xxxxxxxxxxxxxxxxxxxxxxx carry(z) over(z) under(z)

x1 = 0 01100111 00000110111101100111100, 103
01001011 00111110 01000010 01100010
01001011 01101011 01000101 10100000
xxxxxxxx xxxxxxxx xxxxxxxx xxxxxxxx
xxxxxxxx xxxxxxxx xxxxxxxx xxxxxxxx
xxxxxxxx xxxxxxxx xxxxxxxx xxxxxxxx
xxxxxxxx xxxxxxxx xxxxxxxx xxxxxxxx
1.633299e+07 0 150 11110010011100010111010 0
0.000000e+00 x x xxxxxxxxxxxxxxxxxxxxxxx carry(z) over(z) under(z)

x1 = 0 01001101 00110000011100110010000,  77
01011000 00110011 11100011 00111000
01011000 01010001 01110010 10100100
xxxxxxxx xxxxxxxx xxxxxxxx xxxxxxxx
xxxxxxxx xxxxxxxx xxxxxxxx xxxxxxxx
xxxxxxxx xxxxxxxx xxxxxxxx xxxxxxxx
xxxxxxxx xxxxxxxx xxxxxxxx xxxxxxxx
9.467257e+14 0 176 10101110100001010110001 0
0.000000e+00 x x xxxxxxxxxxxxxxxxxxxxxxx carry(z) over(z) under(z)

x1 = 1 00100100 00001110101011010111100,  36
11101100 10111100 01010100 10100010
11101100 11100110 00101011 01001011
xxxxxxxx xxxxxxxx xxxxxxxx xxxxxxxx
xxxxxxxx xxxxxxxx xxxxxxxx xxxxxxxx
xxxxxxxx xxxxxxxx xxxxxxxx xxxxxxxx
xxxxxxxx xxxxxxxx xxxxxxxx xxxxxxxx
-2.341624e+27 1 217 11100100001111001001000 0
0.000000e+00 x x xxxxxxxxxxxxxxxxxxxxxxx carry(z) over(z) under(z)

x1 = 0 11011111 11111100000001011010101, 223
00001111 00000000 11111110 10010110
00001111 00000001 00000000 10010100
xxxxxxxx xxxxxxxx xxxxxxxx xxxxxxxx
xxxxxxxx xxxxxxxx xxxxxxxx xxxxxxxx
xxxxxxxx xxxxxxxx xxxxxxxx xxxxxxxx
xxxxxxxx xxxxxxxx xxxxxxxx xxxxxxxx
6.360302e-30 0  30 00000010000000010010100 0
0.000000e+00 x x xxxxxxxxxxxxxxxxxxxxxxx carry(z) over(z) under(z)

x1 = 0 11100100 01011010101010011011111, 228
00001100 10101001 01010101 10010000
00001100 10111010 11111110 00001011
xxxxxxxx xxxxxxxx xxxxxxxx xxxxxxxx
xxxxxxxx xxxxxxxx xxxxxxxx xxxxxxxx
xxxxxxxx xxxxxxxx xxxxxxxx xxxxxxxx
xxxxxxxx xxxxxxxx xxxxxxxx xxxxxxxx
2.912748e-31 0  25 01111010000110001010010 0
0.000000e+00 x x xxxxxxxxxxxxxxxxxxxxxxx carry(z) over(z) under(z)

x1 = 1 01101100 11011111000110110110100, 108
11001000 10001000 00111001 00100110
11001000 10001000 11001001 00010100
xxxxxxxx xxxxxxxx xxxxxxxx xxxxxxxx
xxxxxxxx xxxxxxxx xxxxxxxx xxxxxxxx
xxxxxxxx xxxxxxxx xxxxxxxx xxxxxxxx
xxxxxxxx xxxxxxxx xxxxxxxx xxxxxxxx
-2.801414e+05 1 145 00010001100100110101101 0
0.000000e+00 x x xxxxxxxxxxxxxxxxxxxxxxx carry(z) over(z) under(z)

x1 = 0 11001011 01110110101101001001000, 203
00011001 00100010 01010010 11011100
00011001 00101101 11111110 11101011
xxxxxxxx xxxxxxxx xxxxxxxx xxxxxxxx
xxxxxxxx xxxxxxxx xxxxxxxx xxxxxxxx
xxxxxxxx xxxxxxxx xxxxxxxx xxxxxxxx
xxxxxxxx xxxxxxxx xxxxxxxx xxxxxxxx
9.042123e-24 0  50 01011101110011001101101 0
0.000000e+00 x x xxxxxxxxxxxxxxxxxxxxxxx carry(z) over(z) under(z)

x1 = 0 01001011 01100001101000000011011,  75
01011001 00100111 10010111 11110010
01011001 00110111 10100001 00010001
xxxxxxxx xxxxxxxx xxxxxxxx xxxxxxxx
xxxxxxxx xxxxxxxx xxxxxxxx xxxxxxxx
xxxxxxxx xxxxxxxx xxxxxxxx xxxxxxxx
xxxxxxxx xxxxxxxx xxxxxxxx xxxxxxxx
3.260287e+15 0 178 01110010101001101101010 0
0.000000e+00 x x xxxxxxxxxxxxxxxxxxxxxxx carry(z) over(z) under(z)

x1 = 0 10111010 00001111100011101000100, 186
00100001 10111100 00011100 01011110
00100001 11100101 10011000 10111000
xxxxxxxx xxxxxxxx xxxxxxxx xxxxxxxx
xxxxxxxx xxxxxxxx xxxxxxxx xxxxxxxx
xxxxxxxx xxxxxxxx xxxxxxxx xxxxxxxx
xxxxxxxx xxxxxxxx xxxxxxxx xxxxxxxx
1.635346e-18 0  67 11100010101010110011110 0
0.000000e+00 x x xxxxxxxxxxxxxxxxxxxxxxx carry(z) over(z) under(z)

x1 = 0 11101111 10000101011000100000100, 239
00000111 00011110 10100111 01111110
00000111 00100111 11000000 11110001
xxxxxxxx xxxxxxxx xxxxxxxx xxxxxxxx
xxxxxxxx xxxxxxxx xxxxxxxx xxxxxxxx
xxxxxxxx xxxxxxxx xxxxxxxx xxxxxxxx
xxxxxxxx xxxxxxxx xxxxxxxx xxxxxxxx
1.266204e-34 0  14 01010000100111010101101 0
0.000000e+00 x x xxxxxxxxxxxxxxxxxxxxxxx carry(z) over(z) under(z)

x1 = 1 00101011 01011101101001011110001,  43
11101001 00101000 10010110 10001000
11101001 00111001 10001010 00001111
xxxxxxxx xxxxxxxx xxxxxxxx xxxxxxxx
xxxxxxxx xxxxxxxx xxxxxxxx xxxxxxxx
xxxxxxxx xxxxxxxx xxxxxxxx xxxxxxxx
xxxxxxxx xxxxxxxx xxxxxxxx xxxxxxxx
-1.416213e+25 1 210 01110110110111100101010 0
0.000000e+00 x x xxxxxxxxxxxxxxxxxxxxxxx carry(z) over(z) under(z)

x1 = 0 10011110 01101010001110000100011, 158
00101111 10100101 01110001 11101110
00101111 10110011 10011010 10001110
xxxxxxxx xxxxxxxx xxxxxxxx xxxxxxxx
xxxxxxxx xxxxxxxx xxxxxxxx xxxxxxxx
xxxxxxxx xxxxxxxx xxxxxxxx xxxxxxxx
xxxxxxxx xxxxxxxx xxxxxxxx xxxxxxxx
3.291076e-10 0  95 01101001110110111000110 0
0.000000e+00 x x xxxxxxxxxxxxxxxxxxxxxxx carry(z) over(z) under(z)

x1 = 1 01011100 01100100011111010111000,  92
11010000 10100110 11100000 10100100
11010000 10110110 01000101 10110111
xxxxxxxx xxxxxxxx xxxxxxxx xxxxxxxx
xxxxxxxx xxxxxxxx xxxxxxxx xxxxxxxx
xxxxxxxx xxxxxxxx xxxxxxxx xxxxxxxx
xxxxxxxx xxxxxxxx xxxxxxxx xxxxxxxx
-2.467417e+10 1 161 01101111101011000111100 0
0.000000e+00 x x xxxxxxxxxxxxxxxxxxxxxxx carry(z) over(z) under(z)

x1 = 0 11110110 11010100010110100111001, 246
00000011 10001010 11101001 01100100
00000011 10001011 11101011 11010001
xxxxxxxx xxxxxxxx xxxxxxxx xxxxxxxx
xxxxxxxx xxxxxxxx xxxxxxxx xxxxxxxx
xxxxxxxx xxxxxxxx xxxxxxxx xxxxxxxx
xxxxxxxx xxxxxxxx xxxxxxxx xxxxxxxx
8.224261e-37 0   7 00010111110110110110110 0
0.000000e+00 x x xxxxxxxxxxxxxxxxxxxxxxx carry(z) over(z) under(z)

x1 = 0 11101001 11001011110110000111111, 233
00001010 00001101 00001001 11100000
00001010 00001110 10000000 10000110
xxxxxxxx xxxxxxxx xxxxxxxx xxxxxxxx
xxxxxxxx xxxxxxxx xxxxxxxx xxxxxxxx
xxxxxxxx xxxxxxxx xxxxxxxx xxxxxxxx
xxxxxxxx xxxxxxxx xxxxxxxx xxxxxxxx
6.861962e-33 0  20 00011101000010001110011 0
0.000000e+00 x x xxxxxxxxxxxxxxxxxxxxxxx carry(z) over(z) under(z)

x1 = 0 00010110 01110100000010111111100,  22
01110011 10100010 11111101 00000010
01110011 10101111 00101010 10011111
xxxxxxxx xxxxxxxx xxxxxxxx xxxxxxxx
xxxxxxxx xxxxxxxx xxxxxxxx xxxxxxxx
xxxxxxxx xxxxxxxx xxxxxxxx xxxxxxxx
xxxxxxxx xxxxxxxx xxxxxxxx xxxxxxxx
2.791207e+31 0 231 01100000010011001100000 0
0.000000e+00 x x xxxxxxxxxxxxxxxxxxxxxxx carry(z) over(z) under(z)

x1 = 0 11100110 01011001101111000111101, 230
00001011 10101001 10010000 11100010
00001011 10111011 01110010 01110000
xxxxxxxx xxxxxxxx xxxxxxxx xxxxxxxx
xxxxxxxx xxxxxxxx xxxxxxxx xxxxxxxx
xxxxxxxx xxxxxxxx xxxxxxxx xxxxxxxx
xxxxxxxx xxxxxxxx xxxxxxxx xxxxxxxx
7.301389e-32 0  23 01111011000111000001110 0
0.000000e+00 x x xxxxxxxxxxxxxxxxxxxxxxx carry(z) over(z) under(z)

x1 = 1 00010101 00101001011111100110000,  21
11110100 00110101 10100000 01101000
11110100 01010101 10000001 10110111
xxxxxxxx xxxxxxxx xxxxxxxx xxxxxxxx
xxxxxxxx xxxxxxxx xxxxxxxx xxxxxxxx
xxxxxxxx xxxxxxxx xxxxxxxx xxxxxxxx
xxxxxxxx xxxxxxxx xxxxxxxx xxxxxxxx
-6.981388e+31 1 232 10111000100101100110101 0
0.000000e+00 x x xxxxxxxxxxxxxxxxxxxxxxx carry(z) over(z) under(z)

x1 = 0 10110100 11011110010001000100000, 180
00100100 10001000 01101110 11110000
00100100 10001001 00000110 10001101
xxxxxxxx xxxxxxxx xxxxxxxx xxxxxxxx
xxxxxxxx xxxxxxxx xxxxxxxx xxxxxxxx
xxxxxxxx xxxxxxxx xxxxxxxx xxxxxxxx
xxxxxxxx xxxxxxxx xxxxxxxx xxxxxxxx
5.942650e-17 0  73 00010010000011100110111 0
0.000000e+00 x x xxxxxxxxxxxxxxxxxxxxxxx carry(z) over(z) under(z)

x1 = 1 01000010 10111110001110011110101,  66
11011101 10010000 01110001 10000110
11011101 10010010 11010011 11000100
xxxxxxxx xxxxxxxx xxxxxxxx xxxxxxxx
xxxxxxxx xxxxxxxx xxxxxxxx xxxxxxxx
xxxxxxxx xxxxxxxx xxxxxxxx xxxxxxxx
xxxxxxxx xxxxxxxx xxxxxxxx xxxxxxxx
-1.322862e+18 1 187 00100101101111000000001 0
0.000000e+00 x x xxxxxxxxxxxxxxxxxxxxxxx carry(z) over(z) under(z)

x1 = 1 00001011 11111101110110001101001,  11
11111001 00000000 10001001 11001100
11111001 00000000 10001010 01100001
xxxxxxxx xxxxxxxx xxxxxxxx xxxxxxxx
xxxxxxxx xxxxxxxx xxxxxxxx xxxxxxxx
xxxxxxxx xxxxxxxx xxxxxxxx xxxxxxxx
xxxxxxxx xxxxxxxx xxxxxxxx xxxxxxxx
-4.171379e+34 1 242 00000001000101001100000 0
0.000000e+00 x x xxxxxxxxxxxxxxxxxxxxxxx carry(z) over(z) under(z)

x1 = 0 10011110 10101010000111001011111, 158
00101111 10010101 01111000 11010000
00101111 10011001 10101101 10010101
xxxxxxxx xxxxxxxx xxxxxxxx xxxxxxxx
xxxxxxxx xxxxxxxx xxxxxxxx xxxxxxxx
xxxxxxxx xxxxxxxx xxxxxxxx xxxxxxxx
xxxxxxxx xxxxxxxx xxxxxxxx xxxxxxxx
2.797603e-10 0  95 00110011100110011000010 0
0.000000e+00 x x xxxxxxxxxxxxxxxxxxxxxxx carry(z) over(z) under(z)

x1 = 0 01011001 00110010010001011110001,  89
01010010 00110011 01101110 10001000
01010010 01010000 01100110 10111101
xxxxxxxx xxxxxxxx xxxxxxxx xxxxxxxx
xxxxxxxx xxxxxxxx xxxxxxxx xxxxxxxx
xxxxxxxx xxxxxxxx xxxxxxxx xxxxxxxx
xxxxxxxx xxxxxxxx xxxxxxxx xxxxxxxx
2.297583e+11 0 164 10101011111101010100011 0
0.000000e+00 x x xxxxxxxxxxxxxxxxxxxxxxx carry(z) over(z) under(z)

x1 = 0 11110010 01010111100101010100110, 242
00000101 10101010 00011010 10101101
00000101 10111100 10000010 01110111
xxxxxxxx xxxxxxxx xxxxxxxx xxxxxxxx
xxxxxxxx xxxxxxxx xxxxxxxx xxxxxxxx
xxxxxxxx xxxxxxxx xxxxxxxx xxxxxxxx
xxxxxxxx xxxxxxxx xxxxxxxx xxxxxxxx
1.793736e-35 0  11 01111101011111000100100 0
0.000000e+00 x x xxxxxxxxxxxxxxxxxxxxxxx carry(z) over(z) under(z)

x1 = 0 10110011 11010011100110110001111, 179
00100101 00001011 00011001 00111000
00100101 00001100 00100100 11101111
xxxxxxxx xxxxxxxx xxxxxxxx xxxxxxxx
xxxxxxxx xxxxxxxx xxxxxxxx xxxxxxxx
xxxxxxxx xxxxxxxx xxxxxxxx xxxxxxxx
xxxxxxxx xxxxxxxx xxxxxxxx xxxxxxxx
1.215627e-16 0  74 00011000010011011110111 0
0.000000e+00 x x xxxxxxxxxxxxxxxxxxxxxxx carry(z) over(z) under(z)

x1 = 0 00001110 00010000100010100010001,  14
01110111 10111011 11011101 01111000
01110111 11100100 11110101 01101011
xxxxxxxx xxxxxxxx xxxxxxxx xxxxxxxx
xxxxxxxx xxxxxxxx xxxxxxxx xxxxxxxx
xxxxxxxx xxxxxxxx xxxxxxxx xxxxxxxx
xxxxxxxx xxxxxxxx xxxxxxxx xxxxxxxx
9.754385e+33 0 239 11100000111011011010011 0
0.000000e+00 x x xxxxxxxxxxxxxxxxxxxxxxx carry(z) over(z) under(z)

x1 = 1 00110101 00010101110011110011011,  53
11100100 00111010 10001100 00110010
11100100 01100001 10010011 10100111
xxxxxxxx xxxxxxxx xxxxxxxx xxxxxxxx
xxxxxxxx xxxxxxxx xxxxxxxx xxxxxxxx
xxxxxxxx xxxxxxxx xxxxxxxx xxxxxxxx
xxxxxxxx xxxxxxxx xxxxxxxx xxxxxxxx
-1.740655e+22 1 200 11010111110011100011001 0
0.000000e+00 x x xxxxxxxxxxxxxxxxxxxxxxx carry(z) over(z) under(z)

x1 = 0 10111111 11010001011100111111000, 191
00011111 00001011 10100011 00000100
00011111 00001100 11001010 01110111
xxxxxxxx xxxxxxxx xxxxxxxx xxxxxxxx
xxxxxxxx xxxxxxxx xxxxxxxx xxxxxxxx
xxxxxxxx xxxxxxxx xxxxxxxx xxxxxxxx
xxxxxxxx xxxxxxxx xxxxxxxx xxxxxxxx
2.981567e-20 0  62 00011001100110011101110 0
0.000000e+00 x x xxxxxxxxxxxxxxxxxxxxxxx carry(z) over(z) under(z)

x1 = 0 10101100 10111010101001101110000, 172
00101000 10010001 01010110 01001000
00101000 10010100 00000000 11011010
xxxxxxxx xxxxxxxx xxxxxxxx xxxxxxxx
xxxxxxxx xxxxxxxx xxxxxxxx xxxxxxxx
xxxxxxxx xxxxxxxx xxxxxxxx xxxxxxxx
xxxxxxxx xxxxxxxx xxxxxxxx xxxxxxxx
1.643720e-14 0  81 00101000000110110011011 0
0.000000e+00 x x xxxxxxxxxxxxxxxxxxxxxxx carry(z) over(z) under(z)

x1 = 0 10001110 01001000000101010001100, 142
00110111 10101101 11111010 10111010
00110111 11000100 01101101 11000101
xxxxxxxx xxxxxxxx xxxxxxxx xxxxxxxx
xxxxxxxx xxxxxxxx xxxxxxxx xxxxxxxx
xxxxxxxx xxxxxxxx xxxxxxxx xxxxxxxx
xxxxxxxx xxxxxxxx xxxxxxxx xxxxxxxx
2.381262e-05 0 111 10001111100000100110100 0
0.000000e+00 x x xxxxxxxxxxxxxxxxxxxxxxx carry(z) over(z) under(z)

x1 = 0 10110010 00101001000010010011110, 178
00100101 10110101 10111101 10110001
00100101 11010101 11000111 00000101
xxxxxxxx xxxxxxxx xxxxxxxx xxxxxxxx
xxxxxxxx xxxxxxxx xxxxxxxx xxxxxxxx
xxxxxxxx xxxxxxxx xxxxxxxx xxxxxxxx
xxxxxxxx xxxxxxxx xxxxxxxx xxxxxxxx
3.827375e-16 0  75 10111001010001000010101 0
0.000000e+00 x x xxxxxxxxxxxxxxxxxxxxxxx carry(z) over(z) under(z)

x1 = 0 01100000 10001110010000011111111,  96
01001110 10011100 01101111 10000000
01001110 10100100 00100111 11101100
xxxxxxxx xxxxxxxx xxxxxxxx xxxxxxxx
xxxxxxxx xxxxxxxx xxxxxxxx xxxxxxxx
xxxxxxxx xxxxxxxx xxxxxxxx xxxxxxxx
xxxxxxxx xxxxxxxx xxxxxxxx xxxxxxxx
1.380402e+09 0 157 01001001000111010000110 0
0.000000e+00 x x xxxxxxxxxxxxxxxxxxxxxxx carry(z) over(z) under(z)

x1 = 0 10011100 01011000100111110011110, 156
00110000 10101001 11011000 00110001
00110000 10111011 11111110 11101101
xxxxxxxx xxxxxxxx xxxxxxxx xxxxxxxx
xxxxxxxx xxxxxxxx xxxxxxxx xxxxxxxx
xxxxxxxx xxxxxxxx xxxxxxxx xxxxxxxx
xxxxxxxx xxxxxxxx xxxxxxxx xxxxxxxx
1.383653e-09 0  97 01111100010101011110011 0
0.000000e+00 x x xxxxxxxxxxxxxxxxxxxxxxx carry(z) over(z) under(z)

x1 = 0 11100111 00111110110110000111001, 231
00001011 00110000 01001001 11100100
00001011 01001001 01100000 11010101
xxxxxxxx xxxxxxxx xxxxxxxx xxxxxxxx
xxxxxxxx xxxxxxxx xxxxxxxx xxxxxxxx
xxxxxxxx xxxxxxxx xxxxxxxx xxxxxxxx
xxxxxxxx xxxxxxxx xxxxxxxx xxxxxxxx
3.958586e-32 0  22 10011011000101010100100 0
0.000000e+00 x x xxxxxxxxxxxxxxxxxxxxxxx carry(z) over(z) under(z)

x1 = 0 00100000 01011111101101011110111,  32
01101110 10101000 00010010 10000100
01101110 10111000 10001011 10001001
xxxxxxxx xxxxxxxx xxxxxxxx xxxxxxxx
xxxxxxxx xxxxxxxx xxxxxxxx xxxxxxxx
xxxxxxxx xxxxxxxx xxxxxxxx xxxxxxxx
xxxxxxxx xxxxxxxx xxxxxxxx xxxxxxxx
2.883394e+28 0 221 01110100101010111000001 0
0.000000e+00 x x xxxxxxxxxxxxxxxxxxxxxxx carry(z) over(z) under(z)

x1 = 0 01001001 00010011010001100001110,  73
01011010 00111011 00101110 01111001
01011010 01100011 00110010 00100011
xxxxxxxx xxxxxxxx xxxxxxxx xxxxxxxx
xxxxxxxx xxxxxxxx xxxxxxxx xxxxxxxx
xxxxxxxx xxxxxxxx xxxxxxxx xxxxxxxx
xxxxxxxx xxxxxxxx xxxxxxxx xxxxxxxx
1.675308e+16 0 180 11011100001001101011101 0
0.000000e+00 x x xxxxxxxxxxxxxxxxxxxxxxx carry(z) over(z) under(z)

x1 = 0 01110101 10000110111011011000101, 117
01000100 00011110 01000100 10011110
01000100 00100111 00011110 00110101
xxxxxxxx xxxxxxxx xxxxxxxx xxxxxxxx
xxxxxxxx xxxxxxxx xxxxxxxx xxxxxxxx
xxxxxxxx xxxxxxxx xxxxxxxx xxxxxxxx
xxxxxxxx xxxxxxxx xxxxxxxx xxxxxxxx
6.705687e+02 0 136 01001111010010001100101 0
0.000000e+00 x x xxxxxxxxxxxxxxxxxxxxxxx carry(z) over(z) under(z)

x1 = 0 11010010 10001000101111110010101, 210
00010101 10011101 11010000 00110110
00010101 10100110 01011111 11101100
xxxxxxxx xxxxxxxx xxxxxxxx xxxxxxxx
xxxxxxxx xxxxxxxx xxxxxxxx xxxxxxxx
xxxxxxxx xxxxxxxx xxxxxxxx xxxxxxxx
xxxxxxxx xxxxxxxx xxxxxxxx xxxxxxxx
6.739656e-26 0  43 01001101101110110100101 0
0.000000e+00 x x xxxxxxxxxxxxxxxxxxxxxxx carry(z) over(z) under(z)

x1 = 0 10101001 10100001100010000001110, 169
00101010 00010111 10011101 11111001
00101010 00011100 11000111 01010100
xxxxxxxx xxxxxxxx xxxxxxxx xxxxxxxx
xxxxxxxx xxxxxxxx xxxxxxxx xxxxxxxx
xxxxxxxx xxxxxxxx xxxxxxxx xxxxxxxx
xxxxxxxx xxxxxxxx xxxxxxxx xxxxxxxx
1.394090e-13 0  84 00111001111010111100110 0
0.000000e+00 x x xxxxxxxxxxxxxxxxxxxxxxx carry(z) over(z) under(z)

x1 = 0 00010001 11011111100011001100011,  17
01110110 00001000 00011100 11001110
01110110 00001000 10101000 11000111
xxxxxxxx xxxxxxxx xxxxxxxx xxxxxxxx
xxxxxxxx xxxxxxxx xxxxxxxx xxxxxxxx
xxxxxxxx xxxxxxxx xxxxxxxx xxxxxxxx
xxxxxxxx xxxxxxxx xxxxxxxx xxxxxxxx
6.929560e+32 0 236 00010001010100101010111 0
0.000000e+00 x x xxxxxxxxxxxxxxxxxxxxxxx carry(z) over(z) under(z)

x1 = 0 10111001 11000111100101111001110, 185
00100010 00001110 00011010 00011001
00100010 00001111 11010011 10100110
xxxxxxxx xxxxxxxx xxxxxxxx xxxxxxxx
xxxxxxxx xxxxxxxx xxxxxxxx xxxxxxxx
xxxxxxxx xxxxxxxx xxxxxxxx xxxxxxxx
xxxxxxxx xxxxxxxx xxxxxxxx xxxxxxxx
1.949503e-18 0  68 00011111101100100010010 0
0.000000e+00 x x xxxxxxxxxxxxxxxxxxxxxxx carry(z) over(z) under(z)

x1 = 0 11001010 00000001001111100000101, 202
00011001 10111111 10110000 01111110
00011001 11101111 00100101 11010100
xxxxxxxx xxxxxxxx xxxxxxxx xxxxxxxx
xxxxxxxx xxxxxxxx xxxxxxxx xxxxxxxx
xxxxxxxx xxxxxxxx xxxxxxxx xxxxxxxx
xxxxxxxx xxxxxxxx xxxxxxxx xxxxxxxx
2.634195e-23 0  51 11111101100001101111111 0
0.000000e+00 x x xxxxxxxxxxxxxxxxxxxxxxx carry(z) over(z) under(z)

x1 = 1 01011010 11110010110100101110010,  90
11010001 10000011 01001011 01000111
11010001 10000011 01100001 10001010
xxxxxxxx xxxxxxxx xxxxxxxx xxxxxxxx
xxxxxxxx xxxxxxxx xxxxxxxx xxxxxxxx
xxxxxxxx xxxxxxxx xxxxxxxx xxxxxxxx
xxxxxxxx xxxxxxxx xxxxxxxx xxxxxxxx
-7.053467e+10 1 163 00000110110000110001101 0
0.000000e+00 x x xxxxxxxxxxxxxxxxxxxxxxx carry(z) over(z) under(z)

x1 = 1 00101111 01001110100001010010100,  47
11100111 00101100 01011110 10110110
11100111 01000001 00010100 11110100
xxxxxxxx xxxxxxxx xxxxxxxx xxxxxxxx
xxxxxxxx xxxxxxxx xxxxxxxx xxxxxxxx
xxxxxxxx xxxxxxxx xxxxxxxx xxxxxxxx
xxxxxxxx xxxxxxxx xxxxxxxx xxxxxxxx
-9.251611e+23 1 206 10000111110100100010101 0
0.000000e+00 x x xxxxxxxxxxxxxxxxxxxxxxx carry(z) over(z) under(z)

x1 = 0 10011100 10001001111111010011011, 156
00110000 10011101 10000000 10110010
00110000 10100101 11011110 11000010
xxxxxxxx xxxxxxxx xxxxxxxx xxxxxxxx
xxxxxxxx xxxxxxxx xxxxxxxx xxxxxxxx
xxxxxxxx xxxxxxxx xxxxxxxx xxxxxxxx
xxxxxxxx xxxxxxxx xxxxxxxx xxxxxxxx
1.210280e-09 0  97 01001100101011011110010 0
0.000000e+00 x x xxxxxxxxxxxxxxxxxxxxxxx carry(z) over(z) under(z)

x1 = 1 00000100 10010100010110110000000,   4
11111100 10011010 11101001 01000000
11111100 10100001 11000010 00110000
xxxxxxxx xxxxxxxx xxxxxxxx xxxxxxxx
xxxxxxxx xxxxxxxx xxxxxxxx xxxxxxxx
xxxxxxxx xxxxxxxx xxxxxxxx xxxxxxxx
xxxxxxxx xxxxxxxx xxxxxxxx xxxxxxxx
-6.732341e+36 1 249 01000100001001101000001 0
0.000000e+00 x x xxxxxxxxxxxxxxxxxxxxxxx carry(z) over(z) under(z)

x1 = 0 01000001 00101110000100011110111,  65
01011110 00110100 01111011 10000100
01011110 01010010 11010011 00010001
xxxxxxxx xxxxxxxx xxxxxxxx xxxxxxxx
xxxxxxxx xxxxxxxx xxxxxxxx xxxxxxxx
xxxxxxxx xxxxxxxx xxxxxxxx xxxxxxxx
xxxxxxxx xxxxxxxx xxxxxxxx xxxxxxxx
3.908337e+18 0 188 10110001111010011010001 0
0.000000e+00 x x xxxxxxxxxxxxxxxxxxxxxxx carry(z) over(z) under(z)

x1 = 0 01010110 01010001100101001101001,  86
01010011 10101011 10011010 11001100
01010011 10111111 10000100 11111010
xxxxxxxx xxxxxxxx xxxxxxxx xxxxxxxx
xxxxxxxx xxxxxxxx xxxxxxxx xxxxxxxx
xxxxxxxx xxxxxxxx xxxxxxxx xxxxxxxx
xxxxxxxx xxxxxxxx xxxxxxxx xxxxxxxx
1.667598e+12 0 167 10000100010001001001011 0
0.000000e+00 x x xxxxxxxxxxxxxxxxxxxxxxx carry(z) over(z) under(z)

end of checking module fadd
exit
INFO: [Common 17-206] Exiting xsim at Sun Oct 20 02:53:24 2019...
