#-----------------------------------------------------------
# xsim v2018.3 (64-bit)
# SW Build 2405991 on Thu Dec  6 23:38:27 MST 2018
# IP Build 2404404 on Fri Dec  7 01:43:56 MST 2018
# Start of session at: Tue Oct 29 08:05:14 2019
# Process ID: 11924
# Current directory: C:/Users/tkodera/Desktop/CPU/Fpu
# Command line: xsim.exe -mode tcl -source {xsim.dir/fsqrt_testbench.sim/xsim_script.tcl}
# Log file: C:/Users/tkodera/Desktop/CPU/Fpu/xsim.log
# Journal file: C:/Users/tkodera/Desktop/CPU/Fpu\xsim.jou
#-----------------------------------------------------------
source xsim.dir/fsqrt_testbench.sim/xsim_script.tcl
# xsim {fsqrt_testbench.sim} -autoloadwcfg -runall
Vivado Simulator 2018.3
Time resolution is 100 ps
run -all
start of checking module fadd
difference message format
x1 = [input 1(bit)], [exponent 1(decimal)]
x2 = [input 2(bit)], [exponent 2(decimal)]
ref. : result(float) sign(bit),exponent(decimal),mantissa(bit) overflow(bit)
fdiv : result(float) sign(bit),exponent(decimal),mantissa(bit) overflow(bit)
01000011 11110011 11000110 00000000 00000000 00000000 00000000 00000000
00000000 00000000 00000000 00000000 01111001 10100110 00010101 01111011
00000000 00000000 00000000 00000001 00001000 10100110 00010101 01111011
01000011 11110011 11000110 00000000 00000000 00000000 00000000 00000000
00000000 00000000 00000000 00000000 10000011 01110110 10001101 10101011
00000000 00000000 00000000 00000001 00000111 11001001 10011000 01101000
5.975864e+21 0 11000111 01000011111100111100011 199
7.677254e+10 0 10100011 00011110000000000000000 163
7.104111e+10 0 10100011 00001000101001100001010 163
7.080991e+10 0 10100011 00000111110010011001100 163
5.014044e+21 0 11000111 00001111110011111101011 199

01110000 00010010 00010110 00000000 00000000 00000000 00000000 00000000
00000000 00000000 00000000 00000000 10111011 10000100 01010011 10101000
00000000 00000000 00000000 00000001 01010100 10000100 01010011 10101000
01110000 00010010 00010110 00000000 00000000 00000000 00000000 00000000
00000000 00000000 00000000 00000000 10101000 10000010 01001111 10011110
00000000 00000000 00000000 00000001 01010010 11000100 01111001 01110010
1.618792e+15 0 10110001 01110000000100100001011 177
4.010803e+07 0 10011000 00110010000000000000000 152
4.463223e+07 0 10011000 01010100100001000101001 152
4.440293e+07 0 10011000 01010010110001000111101 152
1.971620e+15 0 10110001 11000000010010110110100 177

10101010 00011011 11010100 00000000 00000000 00000000 00000000 00000000
00000000 00000000 00000000 00000000 11010001 01011101 01010011 10110001
00000000 00000000 00000000 00000001 10100001 01011101 01010011 10110001
10101010 00011011 11010100 00000000 00000000 00000000 00000000 00000000
00000000 00000000 00000000 00000000 11010000 10101110 00010111 10101000
00000000 00000000 00000000 00000001 10100001 01011100 11000001 10000000
-1.013927e-05 1 01101110 01010100001101111010100 110
3.173828e-03 0 01110110 10100000000000000000000 118
3.184239e-03 0 01110110 10100001010111010101001 118
3.184222e-03 0 01110110 10100001010111001100001 118
1.013927e-05 0 01101110 01010100001101111010100 110

10011100 00101111 11110110 00000000 00000000 00000000 00000000 00000000
00000000 00000000 00000000 00000000 11001000 11101100 10100111 00111100
00000000 00000000 00000000 00000001 10001111 11101100 10100111 00111100
10011100 00101111 11110110 00000000 00000000 00000000 00000000 00000000
00000000 00000000 00000000 00000000 11000111 11110101 00100100 00101101
00000000 00000000 00000000 00000001 10001111 11101011 01110111 11001011
5.418837e-16 0 01001100 00111000010111111110110  76
2.316665e-08 0 01100101 10001110000000000000000 101
2.327866e-08 0 01100101 10001111111011001010011 101
2.327840e-08 0 01100101 10001111111010110111100 101
5.418837e-16 0 01001100 00111000010111111110110  76

11000010 01100011 10001010 00000000 00000000 00000000 00000000 00000000
00000000 00000000 00000000 00000001 00100110 01110101 01110100 10100011
00000000 00000000 00000000 00000001 11001111 01110101 01110100 10100011
11000010 01100011 10001010 00000000 00000000 00000000 00000000 00000000
00000000 00000000 00000000 00000000 11010110 10111111 10011100 11001100
00000000 00000000 00000000 00000001 10111110 01111010 01010111 00011101
-5.421358e-33 1 00010011 11000010011000111000101  19
7.329207e-17 0 01001001 01010010000000000000000  73
1.004966e-16 0 01001001 11001111011101010111010  73
9.681446e-17 0 01001001 10111110011110100101100  73
9.373040e-33 0 00010100 10000101010101110100001  20

11111010 11000101 10000010 00000000 00000000 00000000 00000000 00000000
00000000 00000000 00000000 00000001 01100110 10100101 00110010 00001110
00000000 00000000 00000000 00000010 00011001 10100101 00110010 00001110
11111010 11000101 10000010 00000000 00000000 00000000 00000000 00000000
00000000 00000000 00000000 00000000 11101110 11001111 01010101 00101101
00000000 00000000 00000000 00000001 11111011 10100001 11101110 00110100
1.098886e-16 0 01001001 11111010110001011000001  73
1.041917e-08 0 01100100 01100110000000000000000 100
8.196957e-09 0 01100100 00011001101001010011001 100
1.477405e-08 0 01100100 11111011101000011110111 100
2.182726e-16 0 01001010 11110111010011010110011  74

00101101 11110000 10000110 00000000 00000000 00000000 00000000 00000000
00000000 00000000 00000000 00000000 01010101 00111000 10011111 10001001
00000000 00000000 00000000 00000000 11011111 00111000 10011111 10001001
00101101 11110000 10000110 00000000 00000000 00000000 00000000 00000000
00000000 00000000 00000000 00000000 01101001 01011110 11111100 00001100
00000000 00000000 00000000 00000000 11011000 11111011 01001011 11010000
3.827538e+32 0 11101011 00101101111100001000011 235
1.942177e+16 0 10110101 00010100000000000000000 181
3.372219e+16 0 10110101 11011111001110001001111 181
3.328312e+16 0 10110101 11011000111110110100110 181
1.107766e+33 0 11101100 10110100111011111101000 236

00000110 01010111 01010000 00000000 00000000 00000000 00000000 00000000
00000000 00000000 00000000 00000000 00001100 10010101 01110101 00010101
00000000 00000000 00000000 00000000 10001101 10010101 01110101 00010101
00000110 01010111 01010000 00000000 00000000 00000000 00000000 00000000
00000000 00000000 00000000 00000000 00010110 11101110 01000110 01111111
00000000 00000000 00000000 00000000 01011101 10111001 00000001 00001001
5.074414e+27 0 11011011 00000110010101110101000 219
7.091850e+13 0 10101101 00000010000000000000000 173
1.092870e+14 0 10101101 10001101100101010111010 173
9.613104e+13 0 10101101 01011101101110010000001 173
9.241177e+27 0 11011011 11011101110000011111011 219

01101010 11010111 10011010 00000000 00000000 00000000 00000000 00000000
00000000 00000000 00000000 00000000 10110011 11110001 11011010 11110010
00000000 00000000 00000000 00000001 01001011 11110001 11011010 11110010
01101010 11010111 10011010 00000000 00000000 00000000 00000000 00000000
00000000 00000000 00000000 00000000 10100100 11001011 11001101 11100000
00000000 00000000 00000000 00000001 01001010 11000100 10111011 01011001
3.014375e+37 0 11111011 01101010110101111001101 251
5.476377e+18 0 10111101 00110000000000000000000 189
5.979785e+18 0 10111101 01001011111100011101101 189
5.958595e+18 0 10111101 01001010110001001011110 189
3.550486e+37 0 11111011 10101011010111111100110 251

10000010 00101000 00101110 00000000 00000000 00000000 00000000 00000000
00000000 00000000 00000000 00000000 11010100 00111010 11111110 01011110
00000000 00000000 00000000 00000001 01110001 00111010 11111110 01011110
10000010 00101000 00101110 00000000 00000000 00000000 00000000 00000000
00000000 00000000 00000000 00000000 10110100 01111100 00000101 11110001
00000000 00000000 00000000 00000001 01101101 00011001 10000101 00100000
-5.487620e-12 1 01011001 10000010001010000010111  89
2.339482e-06 0 01101100 00111010000000000000000 108
2.750981e-06 0 01101100 01110001001110101111111 108
2.720205e-06 0 01101100 01101101000110011000011 108
7.399514e-12 0 01011010 00000100010110001110011  90

00111110 10110111 00111110 00000000 00000000 00000000 00000000 00000000
00000000 00000000 00000000 00000000 01110001 00010000 10101001 01110110
00000000 00000000 00000000 00000000 11111111 00010000 10101001 01110110
00111110 10110111 00111110 00000000 00000000 00000000 00000000 00000000
00000000 00000000 00000000 00000000 01111101 11100100 00101110 10010110
00000000 00000000 00000000 00000000 11111101 01101100 10000011 01010001
-4.022759e-27 1 00100111 00111110101101110011111  39
6.306067e-14 0 01010011 00011100000000000000000  83
1.134792e-13 0 01010011 11111111000100001010100  83
1.131148e-13 0 01010011 11111101011011001000010  83
1.279496e-26 0 00101000 11111010110111000101101  40

00101101 00111011 00100100 00000000 00000000 00000000 00000000 00000000
00000000 00000000 00000000 00000000 01010011 11101000 00100101 00011001
00000000 00000000 00000000 00000000 11011101 11101000 00100101 00011001
00101101 00111011 00100100 00000000 00000000 00000000 00000000 00000000
00000000 00000000 00000000 00000000 01101000 01011100 01000010 01010110
00000000 00000000 00000000 00000000 11010111 01010000 01010100 11100010
-2.266210e-34 1 00001111 00101101001110110010010  15
1.496199e-17 0 01000111 00010100000000000000000  71
2.590738e-17 0 01000111 11011101111010000010010  71
2.554997e-17 0 01000111 11010111010100000101010  71
6.528011e-34 0 00010000 10110001110111000101100  16

01111100 11101101 10110000 00000000 00000000 00000000 00000000 00000000
00000000 00000000 00000000 00000000 11001110 01010101 01011110 00100100
00000000 00000000 00000000 00000001 01101001 01010101 01011110 00100100
01111100 11101101 10110000 00000000 00000000 00000000 00000000 00000000
00000000 00000000 00000000 00000000 10110001 00000101 00110101 01001111
00000000 00000000 00000000 00000001 01100101 10101111 11100100 01100001
1.022547e+11 0 10100011 01111100111011011011000 163
3.174400e+05 0 10010001 00110110000000000000000 145
3.700055e+05 0 10010001 01101001010101010101111 145
3.662716e+05 0 10010001 01100101101011111110010 145
1.341549e+11 0 10100011 11110011110001000000101 163

10110110 01010011 11100010 00000000 00000000 00000000 00000000 00000000
00000000 00000000 00000000 00000000 11011001 00011000 11011101 01111000
00000000 00000000 00000000 00000001 10110000 00011000 11011101 01111000
10110110 01010011 11100010 00000000 00000000 00000000 00000000 00000000
00000000 00000000 00000000 00000000 11011000 00001011 00100001 00110111
00000000 00000000 00000000 00000001 10110000 00010111 10001111 11110011
-2.194689e-33 1 00010010 01101100101001111100010  18
4.662069e-17 0 01001000 10101110000000000000000  72
4.684806e-17 0 01001000 10110000000110001101110  72
4.684751e-17 0 01001000 10110000000101111001000  72
2.194689e-33 0 00010010 01101100101001111100010  18

10011001 11001001 00111010 00000000 00000000 00000000 00000000 00000000
00000000 00000000 00000000 00000000 11000111 11011000 00000010 10011001
00000000 00000000 00000000 00000001 10001100 11011000 00000010 10011001
10011001 11001001 00111010 00000000 00000000 00000000 00000000 00000000
00000000 00000000 00000000 00000000 11000110 01101001 01100101 10001000
00000000 00000000 00000000 00000001 10001100 11010101 01100110 11010100
1.949470e+32 0 11101010 00110011100100100111010 234
1.386264e+16 0 10110100 10001010000000000000000 180
1.396270e+16 0 10110100 10001100110110000000001 180
1.396234e+16 0 10110100 10001100110101010110011 180
1.949469e+32 0 11101010 00110011100100100111001 234

11110011 11100010 10100101 00000000 00000000 00000000 00000000 00000000
00000000 00000000 00000000 00000000 11111010 10111101 11010101 11011000
00000000 00000000 00000000 00000001 11110011 10111101 11010101 11011000
11110011 11100010 10100101 00000000 00000000 00000000 00000000 00000000
00000000 00000000 00000000 00000000 11111001 11011110 00100100 00001101
00000000 00000000 00000000 00000001 11110011 10111101 00001110 11111001
4.091717e+09 0 10011110 11100111110001010100101 158
6.374400e+04 0 10001110 11110010000000000000000 142
6.396691e+04 0 10001110 11110011101111011101010 142
6.396653e+04 0 10001110 11110011101111010000111 142
4.091717e+09 0 10011110 11100111110001010100100 158

11101110 11001111 11110010 00000000 00000000 00000000 00000000 00000000
00000000 00000000 00000000 00000001 01011001 01100110 10011100 00110100
00000000 00000000 00000000 00000010 00001010 01100110 10011100 00110100
11101110 11001111 11110010 00000000 00000000 00000000 00000000 00000000
00000000 00000000 00000000 00000000 11101010 00001110 10111111 11100111
00000000 00000000 00000000 00000001 11101111 01000010 00001110 00000001
-1.843319e-06 1 01101011 11101110110011111111001 107
1.350403e-03 0 01110101 01100010000000000000000 117
1.016238e-03 0 01110101 00001010011001101001110 117
1.889259e-03 0 01110101 11101111010000100000111 117
3.569301e-06 0 01101100 11011111000100000100001 108

01110010 01001001 10110010 00000000 00000000 00000000 00000000 00000000
00000000 00000000 00000000 00000000 10111111 00111010 00001101 01100010
00000000 00000000 00000000 00000001 01011000 00111010 00001101 01100010
01110010 01001001 10110010 00000000 00000000 00000000 00000000 00000000
00000000 00000000 00000000 00000000 10101001 11111101 10100110 01101111
00000000 00000000 00000000 00000001 01010110 00011010 10101101 00100000
1.114295e-33 0 00010001 01110010010010011011001  17
3.317659e-17 0 01001000 00110010000000000000000  72
3.732114e-17 0 01001000 01011000001110100000110  72
3.709101e-17 0 01001000 01010110000110101010111  72
1.375743e-33 0 00010001 11001001001010110100110  17

10001010 10000000 00110111 00000000 00000000 00000000 00000000 00000000
00000000 00000000 00000000 00000000 10111101 10011010 11111101 01000011
00000000 00000000 00000000 00000001 01111000 10011010 11111101 01000011
10001010 10000000 00110111 00000000 00000000 00000000 00000000 00000000
00000000 00000000 00000000 00000000 10111100 01001011 00101111 11111110
00000000 00000000 00000000 00000001 01111000 10011000 10101110 10011111
1.522833e+14 0 10101110 00010101000000000110111 174
1.225523e+07 0 10010110 01110110000000000000000 150
1.234061e+07 0 10010110 01111000100110101111110 150
1.234031e+07 0 10010110 01111000100110001010111 150
1.522833e+14 0 10101110 00010101000000000110111 174

01101011 10111101 10100010 00000000 00000000 00000000 00000000 00000000
00000000 00000000 00000000 00000000 10110101 01110101 01000110 10111100
00000000 00000000 00000000 00000001 01001101 01110101 01000110 10111100
01101011 10111101 10100010 00000000 00000000 00000000 00000000 00000000
00000000 00000000 00000000 00000000 10100101 01101101 10001001 00000100
00000000 00000000 00000000 00000001 01001100 00101000 00101100 01100010
2.736481e-34 0 00001111 01101011101111011010001  15
1.647987e-17 0 01000111 00110000000000000000000  71
1.807680e-17 0 01000111 01001101011101010100011  71
1.800626e-17 0 01000111 01001100001010000010110  71
3.242255e-34 0 00001111 10101110111110000011100  15

11011110 11110001 01110110 00000000 00000000 00000000 00000000 00000000
00000000 00000000 00000000 00000001 01001000 00000010 00100110 01000000
00000000 00000000 00000000 00000001 11110110 00000010 00100110 01000000
11011110 11110001 01110110 00000000 00000000 00000000 00000000 00000000
00000000 00000000 00000000 00000000 11100011 01100001 01101000 10101101
00000000 00000000 00000000 00000001 11011110 01100010 01111011 11001101
3.778196e-28 0 00100011 11011110111100010111011  35
1.931788e-14 0 01010001 01011100000000000000000  81
2.786706e-14 0 01010001 11110110000000100010011  81
2.655569e-14 0 01010001 11011110011000100111110  81
7.052044e-28 0 00100100 10111110111110011111011  36

10100100 01001001 01110010 00000000 00000000 00000000 00000000 00000000
00000000 00000000 00000000 00000000 11001110 00101001 11111000 01111000
00000000 00000000 00000000 00000001 10011010 00101001 11111000 01111000
10100100 01001001 01110010 00000000 00000000 00000000 00000000 00000000
00000000 00000000 00000000 00000000 11001101 00010011 10000110 00100011
00000000 00000000 00000000 00000001 10011010 00101000 10000010 01011111
4.306682e+07 0 10011000 01001000100100101110010 152
6.528000e+03 0 10001011 10011000000000000000000 139
6.562623e+03 0 10001011 10011010001010011111100 139
6.562532e+03 0 10001011 10011010001010001000001 139
4.306682e+07 0 10011000 01001000100100101110010 152

10101001 11000001 01110111 00000000 00000000 00000000 00000000 00000000
00000000 00000000 00000000 00000000 11010000 11101110 00011100 01001110
00000000 00000000 00000000 00000001 10100000 11101110 00011100 01001110
10101001 11000001 01110111 00000000 00000000 00000000 00000000 00000000
00000000 00000000 00000000 00000000 11010000 01110110 11001010 00101001
00000000 00000000 00000000 00000001 10100000 11101101 11011000 01010000
1.866484e+14 0 10101110 01010011100000101110111 174
1.363149e+07 0 10010110 10100000000000000000000 150
1.366197e+07 0 10010110 10100000111011100001110 150
1.366193e+07 0 10010110 10100000111011011101100 150
1.866484e+14 0 10101110 01010011100000101110111 174

11001101 11000001 01101000 00000000 00000000 00000000 00000000 00000000
00000000 00000000 00000000 00000001 00110100 00001000 00010111 11110100
00000000 00000000 00000000 00000001 11011111 00001000 00010111 11110100
11001101 11000001 01101000 00000000 00000000 00000000 00000000 00000000
00000000 00000000 00000000 00000000 11011011 11101010 10001100 00010011
00000000 00000000 00000000 00000001 11001011 01101110 10011000 00001101
1.182094e+05 0 10001111 11001101110000010110100 143
3.420000e+02 0 10000111 01010110000000000000000 135
4.790316e+02 0 10000111 11011111000010000001011 135
4.594320e+02 0 10000111 11001011011011101001100 135
2.110778e+05 0 10010000 10011100010000101110001 144

10111010 11011100 10010110 00000000 00000000 00000000 00000000 00000000
00000000 00000000 00000000 00000001 00011100 10111101 11011000 01100001
00000000 00000000 00000000 00000001 11000100 10111101 11011000 01100001
10111010 11011100 10010110 00000000 00000000 00000000 00000000 00000000
00000000 00000000 00000000 00000000 11010011 01010001 11010001 10001100
00000000 00000000 00000000 00000001 10110101 10110000 10111101 10111100
7.608305e+12 0 10101001 10111010110111001001011 169
2.752512e+06 0 10010100 01010000000000000000000 148
3.708859e+06 0 10010100 11000100101111011101100 148
3.585560e+06 0 10010100 10110101101100001011111 148
1.285624e+13 0 10101010 01110110001010100111001 170

10110100 01000001 10101110 00000000 00000000 00000000 00000000 00000000
00000000 00000000 00000000 00000000 11010111 10100010 01001110 11110100
00000000 00000000 00000000 00000001 10101101 10100010 01001110 11110100
10110100 01000001 10101110 00000000 00000000 00000000 00000000 00000000
00000000 00000000 00000000 00000000 11010110 11010000 01011011 11010110
00000000 00000000 00000000 00000001 10101101 10100001 10000011 01010000
4.098560e-11 0 01011100 01101000100000110101110  92
6.377697e-06 0 01101101 10101100000000000000000 109
6.402046e-06 0 01101101 10101101101000100100111 109
6.402000e-06 0 01101101 10101101101000011000010 109
4.098560e-11 0 01011100 01101000100000110101111  92

00111001 01111111 00001100 00000000 00000000 00000000 00000000 00000000
00000000 00000000 00000000 00000000 01101000 01100011 11110001 01111001
00000000 00000000 00000000 00000000 11110101 01100011 11110001 01111001
00111001 01111111 00001100 00000000 00000000 00000000 00000000 00000000
00000000 00000000 00000000 00000000 01110111 11110110 11011101 11101001
00000000 00000000 00000000 00000000 11110010 10101000 11010110 10100101
5.259595e+09 0 10011111 00111001011111110000110 159
7.219200e+04 0 10001111 00011010000000000000000 143
1.283559e+05 0 10001111 11110101011000111111000 143
1.276568e+05 0 10001111 11110010101010001101011 143
1.629627e+10 0 10100000 11100101101010101010100 160

10011001 11001110 00001110 00000000 00000000 00000000 00000000 00000000
00000000 00000000 00000000 00000000 11110100 10001111 00110001 01001010
00000000 00000000 00000000 00000001 10010101 10001111 00110001 01001010
10011001 11001110 00001110 00000000 00000000 00000000 00000000 00000000
00000000 00000000 00000000 00000000 11000010 00101011 11101110 01011001
00000000 00000000 00000000 00000001 10001100 11110011 10000110 11111110
4.838122e+23 0 11001101 10011001110011100000111 205
6.914897e+11 0 10100110 01000010000000000000000 166
8.709320e+11 0 10100110 10010101100011110011000 166
8.524463e+11 0 10100110 10001100111100111000011 166
7.266648e+23 0 11001110 00110011110000010010100 206

11011000 10001011 00100000 00000000 00000000 00000000 00000000 00000000
00000000 00000000 00000000 00000000 11101011 11100100 11100110 11110001
00000000 00000000 00000000 00000001 11010110 11100100 11100110 11110001
11011000 10001011 00100000 00000000 00000000 00000000 00000000 00000000
00000000 00000000 00000000 00000000 11101011 01110010 00111011 11010111
00000000 00000000 00000000 00000001 11010110 11100100 10101111 01001111
2.810895e+35 0 11110100 10110001000101100100000 244
5.291730e+17 0 10111001 11010110000000000000000 185
5.301797e+17 0 10111001 11010110111001001110011 185
5.301787e+17 0 10111001 11010110111001001011000 185
2.810895e+35 0 11110100 10110001000101100100001 244

10001101 00000001 11111010 00000000 00000000 00000000 00000000 00000000
00000000 00000000 00000000 00000000 11100011 00001000 00000011 00111000
00000000 00000000 00000000 00000001 10000010 00001000 00000011 00111000
10001101 00000001 11111010 00000000 00000000 00000000 00000000 00000000
00000000 00000000 00000000 00000000 10111011 00000101 01011111 00101000
00000000 00000000 00000000 00000001 01111100 00001001 01100000 11000100
-1.377397e-15 1 01001101 10001101000000011111101  77
3.702007e-08 0 01100110 00111110000000000000000 102
4.493996e-08 0 01100110 10000010000010000000001 102
4.424209e-08 0 01100110 01111100000010010110000 102
1.957362e-15 0 01001110 00011010000101011110101  78

01100111 10001111 01110110 00000000 00000000 00000000 00000000 00000000
00000000 00000000 00000000 00000000 10101111 10010010 10010101 00110001
00000000 00000000 00000000 00000001 01000110 10010010 10010101 00110001
01100111 10001111 01110110 00000000 00000000 00000000 00000000 00000000
00000000 00000000 00000000 00000000 10100010 01011100 10100000 10100001
00000000 00000000 00000000 00000001 01000101 10100101 11101011 00111001
8.175457e-11 0 01011101 01100111100011110111011  93
9.000301e-06 0 01101110 00101110000000000000000 110
9.732621e-06 0 01101110 01000110100100101001010 110
9.705071e-06 0 01101110 01000101101001011110110 110
9.418839e-11 0 01011101 10011110001111101011010  93

10110101 11111001 01101100 00000000 00000000 00000000 00000000 00000000
00000000 00000000 00000000 00000000 11011000 10101101 00100111 01001011
00000000 00000000 00000000 00000001 10101111 10101101 00100111 01001011
10110101 11111001 01101100 00000000 00000000 00000000 00000000 00000000
00000000 00000000 00000000 00000000 11010111 11010101 10111110 01010011
00000000 00000000 00000000 00000001 10101111 10101100 01010001 11111000
3.053022e+09 0 10011110 01101011111100101101100 158
5.504000e+04 0 10001110 10101110000000000000000 142
5.525457e+04 0 10001110 10101111101011010010011 142
5.525416e+04 0 10001110 10101111101011000101001 142
3.053022e+09 0 10011110 01101011111100101101100 158

11110101 10000101 01010110 00000000 00000000 00000000 00000000 00000000
00000000 00000000 00000000 00000001 01100001 00011011 11001111 00011001
00000000 00000000 00000000 00000010 00010011 00011011 11001111 00011001
11110101 10000101 01010110 00000000 00000000 00000000 00000000 00000000
00000000 00000000 00000000 00000000 11101100 10101111 11110011 01110011
00000000 00000000 00000000 00000001 11110110 00111101 11011010 11111111
8.616062e+12 0 10101001 11110101100001010101011 169
2.916352e+06 0 10010100 01100100000000000000000 148
2.253690e+06 0 10010100 00010011000110111100111 148
4.114363e+06 0 10010100 11110110001111011101101 148
1.692798e+13 0 10101010 11101100101010110101000 170

11010000 10000111 01000001 00000000 00000000 00000000 00000000 00000000
00000000 00000000 00000000 00000000 11101000 00011001 11100001 11110010
00000000 00000000 00000000 00000001 11001110 00011001 11100001 11110010
11010000 10000111 01000001 00000000 00000000 00000000 00000000 00000000
00000000 00000000 00000000 00000000 11100111 00001011 10110111 11101101
00000000 00000000 00000000 00000001 11001110 00011000 10101000 11100110
6.929543e+37 0 11111100 10100001000011101000001 252
8.286623e+18 0 10111101 11001100000000000000000 189
8.324473e+18 0 10111101 11001110000110011110000 189
8.324387e+18 0 10111101 11001110000110001010100 189
6.929542e+37 0 11111100 10100001000011101000000 252

10000010 11100000 01110011 00000000 00000000 00000000 00000000 00000000
00000000 00000000 00000000 00000000 10111000 00010111 00100011 00101010
00000000 00000000 00000000 00000001 01101110 00010111 00100011 00101010
10000010 11100000 01110011 00000000 00000000 00000000 00000000 00000000
00000000 00000000 00000000 00000000 10110111 00001010 00001010 01110101
00000000 00000000 00000000 00000001 01101110 00010101 10011100 00001010
-1.950216e-06 1 01101100 00000101110000001110011 108
1.388550e-03 0 01110101 01101100000000000000000 117
1.396524e-03 0 01110101 01101110000101110010001 117
1.396501e-03 0 01110101 01101110000101011001110 117
1.950216e-06 0 01101100 00000101110000001110011 108

11010011 01001101 11001100 00000000 00000000 00000000 00000000 00000000
00000000 00000000 00000000 00000000 11101001 00101001 10110100 11110111
00000000 00000000 00000000 00000001 11010001 00101001 10110100 11110111
11010011 01001101 11001100 00000000 00000000 00000000 00000000 00000000
00000000 00000000 00000000 00000000 11101000 10010100 01111011 00110111
00000000 00000000 00000000 00000001 11010001 00101001 01010101 10110010
3.545091e+09 0 10011110 10100110100110111001100 158
5.939200e+04 0 10001110 11010000000000000000000 142
5.954085e+04 0 10001110 11010001001010011011010 142
5.954067e+04 0 10001110 11010001001010010101011 142
3.545091e+09 0 10011110 10100110100110111001100 158

10010111 00001000 00111110 00000000 00000000 00000000 00000000 00000000
00000000 00000000 00000000 00000000 11000101 01000100 00111100 00010100
00000000 00000000 00000000 00000001 10001001 01000100 00111100 00010100
10010111 00001000 00111110 00000000 00000000 00000000 00000000 00000000
00000000 00000000 00000000 00000000 11000100 10100001 10011000 01100001
00000000 00000000 00000000 00000001 10001001 01000011 10110110 01101011
1.309995e-16 0 01001010 00101110000100000111110  74
1.140870e-08 0 01100100 10001000000000000000000 100
1.144556e-08 0 01100100 10001001010001000011110 100
1.144550e-08 0 01100100 10001001010000111011011 100
1.309995e-16 0 01001010 00101110000100000111110  74

01101101 01010000 01011100 00000000 00000000 00000000 00000000 00000000
00000000 00000000 00000000 00000000 10111000 00011011 10001101 01111001
00000000 00000000 00000000 00000001 01010000 00011011 10001101 01111001
01101101 01010000 01011100 00000000 00000000 00000000 00000000 00000000
00000000 00000000 00000000 00000000 10100110 10000101 00101101 10101001
00000000 00000000 00000000 00000001 01001110 10010010 11110100 01100101
2.695541e+22 0 11001001 01101101010100000101110 201
1.632088e+11 0 10100100 00110000000000000000000 164
1.804464e+11 0 10100100 01010000000110111000110 164
1.796231e+11 0 10100100 01001110100100101111010 164
3.226445e+22 0 11001001 10110101010000111100101 201

00010010 10001110 01110000 00000000 00000000 00000000 00000000 00000000
00000000 00000000 00000000 00000000 00100011 11111100 11111000 00111110
00000000 00000000 00000000 00000000 10100111 11111100 11111000 00111110
00010010 10001110 01110000 00000000 00000000 00000000 00000000 00000000
00000000 00000000 00000000 00000000 00111000 10001110 10001011 01000000
00000000 00000000 00000000 00000000 10001100 10001101 00000111 01011111
-1.453489e-20 1 00111101 00010010100011100111000  61
1.200533e-10 0 01011110 00001000000000000000000  94
1.928075e-10 0 01011110 10100111111111001111100  94
1.803305e-10 0 01011110 10001100100011010000100  94
3.251908e-20 0 00111110 00110011001000100101000  62

10010001 11001010 11101010 00000000 00000000 00000000 00000000 00000000
00000000 00000000 00000000 00000000 11000010 01100011 11100010 10101010
00000000 00000000 00000000 00000001 10000010 01100011 11100010 10101010
10010001 11001010 11101010 00000000 00000000 00000000 00000000 00000000
00000000 00000000 00000000 00000000 11000001 00110000 00001100 11011000
00000000 00000000 00000000 00000001 10000010 01100001 11111110 00101101
1.892497e+35 0 11110100 00100011100101011101010 244
4.323456e+17 0 10111001 10000000000000000000000 185
4.350367e+17 0 10111001 10000010011000111110001 185
4.350283e+17 0 10111001 10000010011000011111111 185
1.892497e+35 0 11110100 00100011100101011101010 244

10000111 00101111 01110000 00000000 00000000 00000000 00000000 00000000
00000000 00000000 00000000 00000000 10111011 00010001 00110101 11110111
00000000 00000000 00000000 00000001 01110100 00010001 00110101 11110111
10000111 00101111 01110000 00000000 00000000 00000000 00000000 00000000
00000000 00000000 00000000 00000000 10111010 00000111 00100010 10011111
00000000 00000000 00000000 00000001 01110100 00001111 10111101 10011010
2.493729e+21 0 11000110 00001110010111101110000 198
4.966056e+10 0 10100010 01110010000000000000000 162
4.993801e+10 0 10100010 01110100000100010011010 162
4.993725e+10 0 10100010 01110100000011111011111 162
2.493729e+21 0 11000110 00001110010111101110000 198

00011000 01001111 01010110 00000000 00000000 00000000 00000000 00000000
00000000 00000000 00000000 00000000 00101110 11001010 11000000 01111011
00000000 00000000 00000000 00000000 10110011 11001010 11000000 01111011
00011000 01001111 01010110 00000000 00000000 00000000 00000000 00000000
00000000 00000000 00000000 00000000 01000101 00111010 01101001 10100001
00000000 00000000 00000000 00000000 10011111 00011111 11001001 11011110
4.815688e+12 0 10101001 00011000010011110101011 169
2.179072e+06 0 10010100 00001010000000000000000 148
3.570008e+06 0 10010100 10110011110010101100000 148
3.400697e+06 0 10010100 10011111000111111100101 148
1.156474e+13 0 10101010 01010000100101000000101 170

11100101 00011000 10110110 00000000 00000000 00000000 00000000 00000000
00000000 00000000 00000000 00000000 11110010 01011001 10011100 10001111
00000000 00000000 00000000 00000001 11100100 01011001 10011100 10001111
11100101 00011000 10110110 00000000 00000000 00000000 00000000 00000000
00000000 00000000 00000000 00000000 11110010 00101100 11000101 11111110
00000000 00000000 00000000 00000001 11100100 01011001 10010100 01000101
9.383794e+05 0 10010010 11001010001100010110110 146
9.680000e+02 0 10001000 11100100000000000000000 136
9.687001e+02 0 10001000 11100100010110011001110 136
9.686998e+02 0 10001000 11100100010110011001010 136
9.383794e+05 0 10010010 11001010001100010110110 146

10011110 00110111 10101110 00000000 00000000 00000000 00000000 00000000
00000000 00000000 00000000 00000000 11001001 10000010 11000110 10101111
00000000 00000000 00000000 00000001 10010010 10000010 11000110 10101111
10011110 00110111 10101110 00000000 00000000 00000000 00000000 00000000
00000000 00000000 00000000 00000000 11001001 01000001 01001110 00011010
00000000 00000000 00000000 00000001 10010010 10000010 10110001 01110001
4.761185e-34 0 00010000 00111100011011110101110  16
2.179246e-17 0 01000111 10010010000000000000000  71
2.182016e-17 0 01000111 10010010100000101100011  71
2.182014e-17 0 01000111 10010010100000101011001  71
4.761185e-34 0 00010000 00111100011011110101110  16

11000010 11001111 11011001 00000000 00000000 00000000 00000000 00000000
00000000 00000000 00000000 00000000 11100000 10100101 11100000 11011101
00000000 00000000 00000000 00000001 10111110 10100101 11100000 11011101
11000010 11001111 11011001 00000000 00000000 00000000 00000000 00000000
00000000 00000000 00000000 00000000 11011111 01010000 11101110 00000110
00000000 00000000 00000000 00000001 10111110 10100011 11011110 01110100
1.857871e-04 0 01110010 10000101100111111011001 114
1.354980e-02 0 01111000 10111100000000000000000 120
1.363061e-02 0 01111000 10111110101001011110000 120
1.363037e-02 0 01111000 10111110101000111101111 120
1.857871e-04 0 01110010 10000101100111111011001 114

11011100 10111111 11011100 00000000 00000000 00000000 00000000 00000000
00000000 00000000 00000000 00000001 01000100 11000111 11100010 10010011
00000000 00000000 00000000 00000001 11110010 11000111 11100010 10010011
11011100 10111111 11011100 00000000 00000000 00000000 00000000 00000000
00000000 00000000 00000000 00000000 11100010 10011001 10011000 00110000
00000000 00000000 00000000 00000001 11011011 11111101 10001001 01111001
2.251386e+24 0 11001111 11011100101111111101110 207
1.494649e+12 0 10100111 01011100000000000000000 167
2.142247e+12 0 10100111 11110010110001111110001 167
2.044363e+12 0 10100111 11011011111111011000101 167
4.179421e+24 0 11010000 10111010100000110110110 208

10110000 00000010 10011000 00000000 00000000 00000000 00000000 00000000
00000000 00000000 00000000 00000000 11010100 10001010 01100000 10011010
00000000 00000000 00000000 00000001 10101000 10001010 01100000 10011010
10110000 00000010 10011000 00000000 00000000 00000000 00000000 00000000
00000000 00000000 00000000 00000000 11010100 01000101 00011001 11000000
00000000 00000000 00000000 00000001 10101000 10001010 01001010 00001101
1.293118e-37 0 00000100 01100000000001010011000   4
3.591420e-19 0 01000001 10101000000000000000000  65
3.595998e-19 0 01000001 10101000100010100110000  65
3.595995e-19 0 01000001 10101000100010100100101  65
1.293118e-37 0 00000100 01100000000001010011000   4

11001001 11111111 01001001 00000000 00000000 00000000 00000000 00000000
00000000 00000000 00000000 00000000 11100100 11001111 10011101 01110011
00000000 00000000 00000000 00000001 11000110 11001111 10011101 01110011
11001001 11111111 01001001 00000000 00000000 00000000 00000000 00000000
00000000 00000000 00000000 00000000 11100011 01100101 10010101 01101110
00000000 00000000 00000000 00000001 11000110 11001101 01100100 00100111
6.683527e-22 0 00111000 10010011111111101001001  56
2.569323e-11 0 01011011 11000100000000000000000  91
2.585301e-11 0 01011011 11000110110011111001110  91
2.585252e-11 0 01011011 11000110110011010110010  91
6.683527e-22 0 00111000 10010011111111101001001  56

11111010 10000111 10011001 00000000 00000000 00000000 00000000 00000000
00000000 00000000 00000000 00000000 11111110 10000001 10011111 01111101
00000000 00000000 00000000 00000001 11111010 10000001 10011111 01111101
11111010 10000111 10011001 00000000 00000000 00000000 00000000 00000000
00000000 00000000 00000000 00000000 11111101 00111111 00111001 01011011
00000000 00000000 00000000 00000001 11111010 10000000 00001001 00011001
-1.529112e-02 1 01111000 11110101000011110011001 120
1.230469e-01 0 01111011 11111000000000000000000 123
1.236588e-01 0 01111011 11111010100000011001111 123
1.236573e-01 0 01111011 11111010100000000000101 123
1.529112e-02 0 01111000 11110101000011110011010 120

00101010 00110110 10011100 00000000 00000000 00000000 00000000 00000000
00000000 00000000 00000000 00000000 01001110 01001111 00001011 00100001
00000000 00000000 00000000 00000000 11011000 01001111 00001011 00100001
00101010 00110110 10011100 00000000 00000000 00000000 00000000 00000000
00000000 00000000 00000000 00000000 01100011 11101011 00011010 00110011
00000000 00000000 00000000 00000000 11010000 00010010 10011111 11000011
1.954371e+07 0 10010111 00101010001101101001110 151
4.416000e+03 0 10001011 00010100000000000000000 139
7.556940e+03 0 10001011 11011000010011110000101 139
7.425164e+03 0 10001011 11010000000100101010000 139
5.513306e+07 0 10011000 10100100101000011100001 152

11101000 00110110 11111000 00000000 00000000 00000000 00000000 00000000
00000000 00000000 00000000 00000000 11110100 10100011 01000010 01011110
00000000 00000000 00000000 00000001 11100111 10100011 01000010 01011110
11101000 00110110 11111000 00000000 00000000 00000000 00000000 00000000
00000000 00000000 00000000 00000000 11110011 11010000 11101100 11110011
00000000 00000000 00000000 00000001 11100111 10100010 10001110 00100010
-5.035354e-17 1 01001000 11010000011011011111000  72
7.072231e-09 0 01100011 11100110000000000000000  99
7.096063e-09 0 01100011 11100111101000110100001  99
7.096023e-09 0 01100011 11100111101000101000111  99
5.035354e-17 0 01001000 11010000011011011111000  72

01111010 10101110 11100100 00000000 00000000 00000000 00000000 00000000
00000000 00000000 00000000 00000000 11001010 10100000 00000110 10011011
00000000 00000000 00000000 00000001 01100101 10100000 00000110 10011011
01111010 10101110 11100100 00000000 00000000 00000000 00000000 00000000
00000000 00000000 00000000 00000000 10101111 10100100 00110100 00111100
00000000 00000000 00000000 00000001 01100010 01110100 00110111 10001001
4.800379e+32 0 11101011 01111010101011101110010 235
2.181431e+16 0 10110101 00110110000000000000000 181
2.516563e+16 0 10110101 01100101101000000000011 181
2.494248e+16 0 10110101 01100010011101000011100 181
6.221274e+32 0 11101011 11101010110001011010000 235

00000110 11110110 01111000 00000000 00000000 00000000 00000000 00000000
00000000 00000000 00000000 00000000 00001101 11010001 01001101 01100101
00000000 00000000 00000000 00000000 10001110 11010001 01001101 01100101
00000110 11110110 01111000 00000000 00000000 00000000 00000000 00000000
00000000 00000000 00000000 00000000 00011000 11110110 00100011 00101010
00000000 00000000 00000000 00000000 01100000 01011110 11001001 11011100
6.122579e-08 0 01100111 00000110111101100111100 103
2.460480e-04 0 01110011 00000010000000000000000 115
3.803421e-04 0 01110011 10001110110100010100110 115
3.360465e-04 0 01110011 01100000010111101100101 115
1.129272e-07 0 01100111 11100101000001001100111 103

00110000 01110011 00100000 00000000 00000000 00000000 00000000 00000000
00000000 00000000 00000000 00000000 01011001 00111011 00101010 01011100
00000000 00000000 00000000 00000000 11100100 00111011 00101010 01011100
00110000 01110011 00100000 00000000 00000000 00000000 00000000 00000000
00000000 00000000 00000000 00000000 01101100 10110000 01101101 01001111
00000000 00000000 00000000 00000000 11011110 11001110 00000010 01111101
1.056272e-15 0 01001101 00110000011100110010000  77
3.236346e-08 0 01100110 00010110000000000000000 102
5.637192e-08 0 01100110 11100100001110110010101 102
5.574021e-08 0 01100110 11011110110011100000001 102
3.106970e-15 0 01001110 10111111110000101111101  78

10000111 01010110 10111100 00000000 00000000 00000000 00000000 00000000
00000000 00000000 00000000 00000000 10111011 01000111 10010110 11010101
00000000 00000000 00000000 00000001 01110100 01000111 10010110 11010101
10000111 01010110 10111100 00000000 00000000 00000000 00000000 00000000
00000000 00000000 00000000 00000000 10111010 00100010 00000001 11111111
00000000 00000000 00000000 00000001 01110100 01000101 11001101 01101001
-4.270540e-28 1 00100100 00001110101011010111100  36
2.053913e-14 0 01010001 01110010000000000000000  81
2.066567e-14 0 01010001 01110100010001111001011  81
2.066528e-14 0 01010001 01110100010001011100111  81
4.270540e-28 0 00100100 00001110101011010111100  36

11111100 00000101 10101010 00000000 00000000 00000000 00000000 00000000
00000000 00000000 00000000 00000001 01100110 01101110 01110100 10011111
00000000 00000000 00000000 00000010 00011010 01101110 01110100 10011111
11111100 00000101 10101010 00000000 00000000 00000000 00000000 00000000
00000000 00000000 00000000 00000000 11101111 10100110 10000010 00001001
00000000 00000000 00000000 00000001 11111100 11011101 10111100 01011000
1.572252e+29 0 11011111 11111100000001011010101 223
3.958242e+14 0 10101111 01101000000000000000000 175
3.105367e+14 0 10101111 00011010011011100111010 175
5.595042e+14 0 10101111 11111100110111011011110 175
3.130450e+29 0 11100000 11111001110000000110001 224

10101101 01010100 11011111 00000000 00000000 00000000 00000000 00000000
00000000 00000000 00000000 00000000 11010011 01001100 10100100 10010010
00000000 00000000 00000000 00000001 10100101 01001100 10100100 10010010
10101101 01010100 11011111 00000000 00000000 00000000 00000000 00000000
00000000 00000000 00000000 00000000 11010010 10100101 11001110 11110111
00000000 00000000 00000000 00000001 10100101 01001100 00100001 01000000
3.433185e+30 0 11100100 01011010101010011011111 228
1.847180e+15 0 10110001 10100100000000000000000 177
1.852894e+15 0 10110001 10100101010011001010010 177
1.852886e+15 0 10110001 10100101010011000010001 177
3.433185e+30 0 11100100 01011010101010011100000 228

11101111 10001101 10110100 00000000 00000000 00000000 00000000 00000000
00000000 00000000 00000000 00000000 11111000 01001000 00111110 00101111
00000000 00000000 00000000 00000001 11101111 01001000 00111110 00101111
11101111 10001101 10110100 00000000 00000000 00000000 00000000 00000000
00000000 00000000 00000000 00000000 11110111 10100011 10110010 01010011
00000000 00000000 00000000 00000001 11101111 01000111 11010001 01101010
-3.569626e-06 1 01101100 11011111000110110110100 108
1.884460e-03 0 01110101 11101110000000000000000 117
1.889352e-03 0 01110101 11101111010010000011111 117
1.889345e-03 0 01110101 11101111010001111101001 117
3.569626e-06 0 01101100 11011111000110110110101 108

01110110 10110100 10010000 00000000 00000000 00000000 00000000 00000000
00000000 00000000 00000000 00000000 11000101 01010100 00001101 01001100
00000000 00000000 00000000 00000001 01011111 01010100 00001101 01001100
01110110 10110100 10010000 00000000 00000000 00000000 00000000 00000000
00000000 00000000 00000000 00000000 10101100 11111110 00001100 11100000
00000000 00000000 00000000 00000001 01011100 10101000 00010011 10000110
1.105935e+23 0 11001011 01110110101101001001000 203
3.307125e+11 0 10100101 00110100000000000000000 165
3.772359e+11 0 10100101 01011111010101000000110 165
3.743671e+11 0 10100101 01011100101010000001010 165
1.401507e+23 0 11001011 11011010110110010110010 203

01100001 10100000 00110110 00000000 00000000 00000000 00000000 00000000
00000000 00000000 00000000 00000000 10100110 10011101 01011111 10010010
00000000 00000000 00000000 00000001 00111100 10011101 01011111 10010010
01100001 10100000 00110110 00000000 00000000 00000000 00000000 00000000
00000000 00000000 00000000 00000000 10011101 11011111 00010110 00010011
00000000 00000000 00000000 00000001 00111100 00101101 11000101 11011100
3.067215e-16 0 01001011 01100001101000000011011  75
1.746230e-08 0 01100101 00101100000000000000000 101
1.842940e-08 0 01100101 00111100100111010101111 101
1.840403e-08 0 01100101 00111100001011011100011 101
3.387083e-16 0 01001011 10000110100000010000100  75

10000111 11000111 01000100 00000000 00000000 00000000 00000000 00000000
00000000 00000000 00000000 00000000 10111011 11100011 01001110 11100000
00000000 00000000 00000000 00000001 01110100 11100011 01001110 11100000
10000111 11000111 01000100 00000000 00000000 00000000 00000000 00000000
00000000 00000000 00000000 00000000 10111010 01101110 11001010 10001010
00000000 00000000 00000000 00000001 01110100 11100000 01110001 11111010
6.114915e+17 0 10111010 00001111100011101000100 186
7.759462e+08 0 10011100 01110010000000000000000 156
7.820026e+08 0 10011100 01110100111000110100111 156
7.819792e+08 0 10011100 01110100111000000111001 156
6.114915e+17 0 10111010 00001111100011101000100 186

10000101 01100010 00001000 00000000 00000000 00000000 00000000 00000000
00000000 00000000 00000000 00000000 11011001 01111101 10011010 11100111
00000000 00000000 00000000 00000001 01110110 01111101 10011010 11100111
10000101 01100010 00001000 00000000 00000000 00000000 00000000 00000000
00000000 00000000 00000000 00000000 10110110 01011100 00011111 11110011
00000000 00000000 00000000 00000001 01110001 10011010 11101101 01100110
7.897624e+33 0 11101111 10000101011000100000100 239
8.838314e+16 0 10110111 00111010000000000000000 183
1.054097e+17 0 10110111 01110110011111011001101 183
1.040346e+17 0 10110111 01110001100110101110111 183
1.082320e+34 0 11110000 00001010110100000000000 240

01011101 10100101 11100010 00000000 00000000 00000000 00000000 00000000
00000000 00000000 00000000 00000000 10100000 11100110 00000110 11011111
00000000 00000000 00000000 00000001 00110101 11100110 00000110 11011111
01011101 10100101 11100010 00000000 00000000 00000000 00000000 00000000
00000000 00000000 00000000 00000000 10011010 10111000 10001001 10010010
00000000 00000000 00000000 00000001 00110101 10101011 10001101 00000001
-7.061085e-26 1 00101011 01011101101001011110001  43
2.646772e-13 0 01010101 00101010000000000000000  85
2.752452e-13 0 01010101 00110101111001100000011  85
2.750423e-13 0 01010101 00110101101010111000110  85
7.564827e-26 0 00101011 01110110100101111001001  43

10110101 00011100 00100011 00000000 00000000 00000000 00000000 00000000
00000000 00000000 00000000 00000000 11010111 10100101 10101011 01110101
00000000 00000000 00000000 00000001 10101110 10100101 10101011 01110101
10110101 00011100 00100011 00000000 00000000 00000000 00000000 00000000
00000000 00000000 00000000 00000000 11010111 01010010 10110101 11011110
00000000 00000000 00000000 00000001 10101110 10100101 10001011 10011000
3.038520e+09 0 10011110 01101010001110000100011 158
5.504000e+04 0 10001110 10101110000000000000000 142
5.512283e+04 0 10001110 10101110101001011010101 142
5.512277e+04 0 10001110 10101110101001011000110 142
3.038520e+09 0 10011110 01101010001110000100011 158

10110010 00111110 10111000 00000000 00000000 00000000 00000000 00000000
00000000 00000000 00000000 00000000 11010110 00111010 10001101 11010010
00000000 00000000 00000000 00000001 10101011 00111010 10001101 11010010
10110010 00111110 10111000 00000000 00000000 00000000 00000000 00000000
00000000 00000000 00000000 00000000 11010101 10011100 11010011 00011101
00000000 00000000 00000000 00000001 10101011 00111010 00011010 00000110
-4.052822e-11 1 01011100 01100100011111010111000  92
6.347895e-06 0 01101101 10101010000000000000000 109
6.366204e-06 0 01101101 10101011001110101000110 109
6.366178e-06 0 01101101 10101011001110100001101 109
4.052822e-11 0 01011100 01100100011111010111000  92

11101010 00101101 00111001 00000000 00000000 00000000 00000000 00000000
00000000 00000000 00000000 00000000 11110101 10110001 10001011 10001010
00000000 00000000 00000000 00000001 11101001 10110001 10001011 10001010
11101010 00101101 00111001 00000000 00000000 00000000 00000000 00000000
00000000 00000000 00000000 00000000 11110100 11011000 00000101 11011010
00000000 00000000 00000000 00000001 11101001 10110000 11001011 10011111
1.215915e+36 0 11110110 11010100010110100111001 246
1.098878e+18 0 10111010 11101000000000000000000 186
1.102692e+18 0 10111010 11101001101100011000101 186
1.102685e+18 0 10111010 11101001101100001100110 186
1.215915e+36 0 11110110 11010100010110100111001 246

11001011 11011000 01111110 00000000 00000000 00000000 00000000 00000000
00000000 00000000 00000000 00000001 00110001 00101100 00100110 11101100
00000000 00000000 00000000 00000001 11011100 00101100 00100110 11101100
11001011 11011000 01111110 00000000 00000000 00000000 00000000 00000000
00000000 00000000 00000000 00000000 11011011 00101110 11100011 01001010
00000000 00000000 00000000 00000001 11001001 01000100 11110110 11000000
1.457309e+32 0 11101001 11001011110110000111111 233
1.203306e+16 0 10110100 01010110000000000000000 180
1.675383e+16 0 10110100 11011100001011000010011 180
1.608874e+16 0 10110100 11001001010001001111011 180
2.588474e+32 0 11101010 10011000011000111010010 234

10111010 00000101 11111100 00000000 00000000 00000000 00000000 00000000
00000000 00000000 00000000 00000000 11011010 01110011 00010000 01110000
00000000 00000000 00000000 00000001 10110100 01110011 00010000 01110000
10111010 00000101 11111100 00000000 00000000 00000000 00000000 00000000
00000000 00000000 00000000 00000000 11011010 00111001 01111001 00001101
00000000 00000000 00000000 00000001 10110100 01110011 00000001 01000101
3.582680e-32 0 00010110 01110100000010111111100  22
1.890849e-16 0 01001010 10110100000000000000000  74
1.892798e-16 0 01001010 10110100011100110001000  74
1.892797e-16 0 01001010 10110100011100110000001  74
3.582680e-32 0 00010110 01110100000010111111101  22

10101100 11011110 00111101 00000000 00000000 00000000 00000000 00000000
00000000 00000000 00000000 00000000 11010011 10111110 00100101 11111000
00000000 00000000 00000000 00000001 10100100 10111110 00100101 11111000
10101100 11011110 00111101 00000000 00000000 00000000 00000000 00000000
00000000 00000000 00000000 00000000 11010010 01011100 11001001 00011010
00000000 00000000 00000000 00000001 10100100 10111011 11011100 00010110
1.369602e+31 0 11100110 01011001101111000111101 230
3.676767e+15 0 10110010 10100010000000000000000 178
3.700892e+15 0 10110010 10100100101111100010010 178
3.700814e+15 0 10110010 10100100101110111101110 178
1.369602e+31 0 11100110 01011001101111000111101 230

00101001 01111110 01100000 00000000 00000000 00000000 00000000 00000000
00000000 00000000 00000000 00000000 01001101 10001001 00011100 00000111
00000000 00000000 00000000 00000000 11010110 10001001 00011100 00000111
00101001 01111110 01100000 00000000 00000000 00000000 00000000 00000000
00000000 00000000 00000000 00000000 01100011 00000110 11010101 10001001
00000000 00000000 00000000 00000000 11001110 01001011 01100011 10001100
-1.432380e-32 1 00010101 00101001011111100110000  21
1.188286e-16 0 01001010 00010010000000000000000  74
2.040623e-16 0 01001010 11010110100010010001110  74
2.004883e-16 0 01001010 11001110010010110110010  74
4.019555e-32 0 00010110 10100001011010100001101  22

11101111 00100010 00100000 00000000 00000000 00000000 00000000 00000000
00000000 00000000 00000000 00000000 11110111 11011000 10111110 10110100
00000000 00000000 00000000 00000001 11101110 11011000 10111110 10110100
11101111 00100010 00100000 00000000 00000000 00000000 00000000 00000000
00000000 00000000 00000000 00000000 11110111 01101100 00101111 11100010
00000000 00000000 00000000 00000001 11101110 11011000 10001111 00111100
1.682751e+16 0 10110100 11011110010001000100000 180
1.294991e+08 0 10011001 11101110000000000000000 153
1.297211e+08 0 10011001 11101110110110001011111 153
1.297209e+08 0 10011001 11101110110110001001000 153
1.682751e+16 0 10110100 11011110010001000100001 180

11011111 00011100 11110101 00000000 00000000 00000000 00000000 00000000
00000000 00000000 00000000 00000000 11101111 11111100 10111010 00010101
00000000 00000000 00000000 00000001 11011101 11111100 10111010 00010101
11011111 00011100 11110101 00000000 00000000 00000000 00000000 00000000
00000000 00000000 00000000 00000000 11101110 11111101 01001110 01010010
00000000 00000000 00000000 00000001 11011101 11111011 10101011 01011100
-7.559366e-19 1 01000010 10111110001110011110101  66
8.658390e-10 0 01100000 11011100000000000000000  96
8.694537e-10 0 01100000 11011101111111001011101  96
8.694462e-10 0 01100000 11011101111110111010110  96
7.559367e-19 0 01000010 10111110001110011110110  66

11111101 11011000 11010010 00000000 00000000 00000000 00000000 00000000
00000000 00000000 00000000 00000001 01101001 00000110 11011011 00000101
00000000 00000000 00000000 00000010 00011101 00000110 11011011 00000101
11111101 11011000 11010010 00000000 00000000 00000000 00000000 00000000
00000000 00000000 00000000 00000000 11110000 00111010 01001101 00101111
00000000 00000000 00000000 00000001 11111110 10111101 10111010 10110001
-2.397289e-35 1 00001011 11111101110110001101001  11
4.878910e-18 0 01000101 01101000000000000000000  69
3.862833e-18 0 01000101 00011101000001101101101  69
6.921833e-18 0 01000101 11111110101111011011101  69
4.791177e-35 0 00001100 11111101011111000011111  12

11010101 00001110 01011111 00000000 00000000 00000000 00000000 00000000
00000000 00000000 00000000 00000000 11101010 00010110 01100001 11001001
00000000 00000000 00000000 00000001 11010011 00010110 01100001 11001001
11010101 00001110 01011111 00000000 00000000 00000000 00000000 00000000
00000000 00000000 00000000 00000000 11101001 10001010 11011101 11110000
00000000 00000000 00000000 00000001 11010011 00010110 00001110 11010100
3.574489e+09 0 10011110 10101010000111001011111 158
5.964800e+04 0 10001110 11010010000000000000000 142
5.978719e+04 0 10001110 11010011000101100110000 142
5.978703e+04 0 10001110 11010011000101100000111 142
3.574489e+09 0 10011110 10101010000111001011110 158

00110010 01000101 11100010 00000000 00000000 00000000 00000000 00000000
00000000 00000000 00000000 00000000 01011100 10010110 11001110 01000101
00000000 00000000 00000000 00000000 11100111 10010110 11001110 01000101
00110010 01000101 11100010 00000000 00000000 00000000 00000000 00000000
00000000 00000000 00000000 00000000 01101111 00100100 11100101 00110110
00000000 00000000 00000000 00000000 11100010 11110000 01001100 01011000
4.352401e-12 0 01011001 00110010010001011110001  89
2.071261e-06 0 01101100 00010110000000000000000 108
3.632822e-06 0 01101100 11100111100101101100111 108
3.598173e-06 0 01101100 11100010111100000100110 108
1.294685e-11 0 01011010 11000111100001101110000  90

10101011 11001010 10100110 00000000 00000000 00000000 00000000 00000000
00000000 00000000 00000000 00000000 11010010 01101100 10010101 01101111
00000000 00000000 00000000 00000001 10100011 01101100 10010101 01101111
10101011 11001010 10100110 00000000 00000000 00000000 00000000 00000000
00000000 00000000 00000000 00000000 11010001 10110101 10101100 01000011
00000000 00000000 00000000 00000001 10100011 01101011 11110110 11111010
5.574956e+34 0 11110010 01010111100101010100110 242
2.353131e+17 0 10111000 10100010000000000000000 184
2.361148e+17 0 10111000 10100011011011001001010 184
2.361134e+17 0 10111000 10100011011010111111011 184
5.574956e+34 0 11110010 01010111100101010100101 242

11010011 10011011 00011110 00000000 00000000 00000000 00000000 00000000
00000000 00000000 00000000 00000001 00111010 11110010 11000111 01110001
00000000 00000000 00000000 00000001 11100110 11110010 11000111 01110001
11010011 10011011 00011110 00000000 00000000 00000000 00000000 00000000
00000000 00000000 00000000 00000000 11011110 01111110 00000011 11111001
00000000 00000000 00000000 00000001 11010001 11110111 01100111 10110001
8.226210e+15 0 10110011 11010011100110110001111 179
9.017754e+07 0 10011001 01011000000000000000000 153
1.276506e+08 0 10011001 11100110111100101100011 153
1.221503e+08 0 10011001 11010001111101110110100 153
1.492070e+16 0 10110100 10101000000100100101110 180

10001000 01000101 00010001 00000000 00000000 00000000 00000000 00000000
00000000 00000000 00000000 00000000 10111011 10001101 11011010 11010110
00000000 00000000 00000000 00000001 01110101 10001101 11011010 11010110
10001000 01000101 00010001 00000000 00000000 00000000 00000000 00000000
00000000 00000000 00000000 00000000 10111010 11000110 00011001 10001101
00000000 00000000 00000000 00000001 01110101 10001101 00000110 11111000
1.025180e-34 0 00001110 00010000100010100010001  14
1.008308e-17 0 01000110 01110100000000000000000  70
1.012520e-17 0 01000110 01110101100011011101101  70
1.012512e-17 0 01000110 01110101100011010000011  70
1.025180e-34 0 00001110 00010000100010100010000  14

00010101 11001111 00110110 00000000 00000000 00000000 00000000 00000000
00000000 00000000 00000000 00000000 00101010 01001100 00001011 10100010
00000000 00000000 00000000 00000000 10101110 01001100 00001011 10100010
00010101 11001111 00110110 00000000 00000000 00000000 00000000 00000000
00000000 00000000 00000000 00000000 01000000 00010000 11000010 01011111
00000000 00000000 00000000 00000000 10010111 00110110 11001000 00110000
-5.744964e-23 1 00110101 00010101110011110011011  53
7.503331e-12 0 01011010 00001000000000000000000  90
1.222978e-11 0 01011010 10101110010011000000101  90
1.157372e-11 0 01011010 10010111001101101100100  90
1.339509e-22 0 00110110 01000011110111111001111  54

11010001 01110011 11110000 00000000 00000000 00000000 00000000 00000000
00000000 00000000 00000000 00000001 00110111 10111110 01101011 00101001
00000000 00000000 00000000 00000001 11100011 10111110 01101011 00101001
11010001 01110011 11110000 00000000 00000000 00000000 00000000 00000000
00000000 00000000 00000000 00000000 11011101 10101111 11110100 10101010
00000000 00000000 00000000 00000001 11001111 10001111 00101010 00111110
3.353941e+19 0 10111111 11010001011100111111000 191
5.771362e+09 0 10011111 01011000000000000000000 159
8.115874e+09 0 10011111 11100011101111100110101 159
7.777233e+09 0 10011111 11001111100011110010101 159
6.048536e+19 0 11000000 10100011101100111001010 192

11011101 01010011 01110000 00000000 00000000 00000000 00000000 00000000
00000000 00000000 00000000 00000000 11101111 00010001 11000001 01011001
00000000 00000000 00000000 00000001 11011100 00010001 11000001 01011001
11011101 01010011 01110000 00000000 00000000 00000000 00000000 00000000
00000000 00000000 00000000 00000000 11101110 00000111 10111001 11101110
00000000 00000000 00000000 00000001 11011100 00010000 10011010 10011010
6.083761e+13 0 10101100 10111010101001101110000 172
7.766016e+06 0 10010101 11011010000000000000000 149
7.799920e+06 0 10010101 11011100000100011100000 149
7.799847e+06 0 10010101 11011100000100001001101 149
6.083760e+13 0 10101100 10111010101001101101111 172

10100100 00001010 10001100 00000000 00000000 00000000 00000000 00000000
00000000 00000000 00000000 00000000 11001101 11011011 00001010 00001010
00000000 00000000 00000000 00000001 10011001 11011011 00001010 00001010
10100100 00001010 10001100 00000000 00000000 00000000 00000000 00000000
00000000 00000000 00000000 00000000 11001100 11101100 01110001 10111001
00000000 00000000 00000000 00000001 10011001 11011001 11110110 10111110
4.199455e+04 0 10001110 01001000000101010001100 142
2.040000e+02 0 10000110 10011000000000000000000 134
2.049278e+02 0 10000110 10011001110110110000101 134
2.049257e+02 0 10000110 10011001110110011111011 134
4.199454e+04 0 10001110 01001000000101010001011 142

10010100 10000100 10011110 00000000 00000000 00000000 00000000 00000000
00000000 00000000 00000000 00000000 11000011 11111011 10001001 00111100
00000000 00000000 00000000 00000001 10000101 11111011 10001001 00111100
10010100 10000100 10011110 00000000 00000000 00000000 00000000 00000000
00000000 00000000 00000000 00000000 11000010 11111100 01111010 01011011
00000000 00000000 00000000 00000001 10000101 11111010 00111110 11111001
2.612757e+15 0 10110010 00101001000010010011110 178
5.085594e+07 0 10011000 10000100000000000000000 152
5.111579e+07 0 10011000 10000101111110111000100 152
5.111513e+07 0 10011000 10000101111110100011111 152
2.612757e+15 0 10110010 00101001000010010011101 178

11000111 00100000 11111111 00000000 00000000 00000000 00000000 00000000
00000000 00000000 00000000 00000000 11100010 10010000 01111110 01001011
00000000 00000000 00000000 00000001 11000011 10010000 01111110 01001011
11000111 00100000 11111111 00000000 00000000 00000000 00000000 00000000
00000000 00000000 00000000 00000000 11100001 11000111 10001101 10001100
00000000 00000000 00000000 00000001 11000011 10001111 11001100 10110001
7.244267e-10 0 01100000 10001110010000011111111  96
2.682209e-05 0 01101111 11000010000000000000000 111
2.691534e-05 0 01101111 11000011100100000111111 111
2.691518e-05 0 01101111 11000011100011111100110 111
7.244266e-10 0 01100000 10001110010000011111110  96

10101100 01001111 10011110 00000000 00000000 00000000 00000000 00000000
00000000 00000000 00000000 00000000 11010011 00001111 01110100 01011101
00000000 00000000 00000000 00000001 10100100 00001111 01110100 01011101
10101100 01001111 10011110 00000000 00000000 00000000 00000000 00000000
00000000 00000000 00000000 00000000 11010010 00000110 01101111 00000111
00000000 00000000 00000000 00000001 10100100 00001110 00101001 00110101
7.227247e+08 0 10011100 01011000100111110011110 156
2.675200e+04 0 10001101 10100010000000000000000 141
2.688386e+04 0 10001101 10100100000011110111010 141
2.688354e+04 0 10001101 10100100000011100010101 141
7.227248e+08 0 10011100 01011000100111110011111 156

00111110 11011000 01110010 00000000 00000000 00000000 00000000 00000000
00000000 00000000 00000000 00000000 01110001 01001100 10000101 01101000
00000000 00000000 00000000 00000000 11111111 01001100 10000101 01101000
00111110 11011000 01110010 00000000 00000000 00000000 00000000 00000000
00000000 00000000 00000000 00000000 01111110 00001001 01000000 11010011
00000000 00000000 00000000 00000000 11111101 10101111 10000011 10000111
2.526154e+31 0 11100111 00111110110110000111001 231
4.996181e+15 0 10110011 00011100000000000000000 179
8.994865e+15 0 10110011 11111111010011001000010 179
8.966484e+15 0 10110011 11111101101011111000010 179
8.039784e+31 0 11101000 11111011011000011011011 232

10101111 11011010 11110111 00000000 00000000 00000000 00000000 00000000
00000000 00000000 00000000 00000000 11010101 01011100 00101010 01110110
00000000 00000000 00000000 00000001 10101000 01011100 00101010 01110110
10101111 11011010 11110111 00000000 00000000 00000000 00000000 00000000
00000000 00000000 00000000 00000000 11010100 00101100 01100111 00100111
00000000 00000000 00000000 00000001 10101000 01011010 01111100 01100010
3.468135e-29 0 00100000 01011111101101011110111  32
5.856426e-15 0 01001111 10100110000000000000000  79
5.889178e-15 0 01001111 10101000010111000010101  79
5.889087e-15 0 01001111 10101000010110100111110  79
3.468135e-29 0 00100000 01011111101101011110111  32

00010011 01000110 00011100 00000000 00000000 00000000 00000000 00000000
00000000 00000000 00000000 00000000 00100101 01100001 00101110 10001011
00000000 00000000 00000000 00000000 10101001 01100001 00101110 10001011
00010011 01000110 00011100 00000000 00000000 00000000 00000000 00000000
00000000 00000000 00000000 00000000 00111010 01000010 11001110 00101000
00000000 00000000 00000000 00000000 10001110 11110011 01100101 01101101
5.969050e-17 0 01001001 00010011010001100001110  73
7.683411e-09 0 01100100 00001000000000000000000 100
1.238018e-08 0 01100100 10101001011000010010111 100
1.161100e-08 0 01100100 10001110111100110110011 100
1.348152e-16 0 01001010 00110110110111001101110  74

10000110 11101101 10001010 00000000 00000000 00000000 00000000 00000000
00000000 00000000 00000000 00000000 11011100 00000010 10000010 01110010
00000000 00000000 00000000 00000001 01111001 00000010 10000010 01110010
10000110 11101101 10001010 00000000 00000000 00000000 00000000 00000000
00000000 00000000 00000000 00000000 10110111 00111101 01001110 00110001
00000000 00000000 00000000 00000001 01110011 10111110 10001111 01101010
1.491272e-03 0 01110101 10000110111011011000101 117
3.833008e-02 0 01111010 00111010000000000000000 122
4.602170e-02 0 01111010 01111001000000101000001 122
4.537895e-02 0 01111010 01110011101111101001000 122
2.059249e-03 0 01110110 00001101111010001111001 118

11000100 01011111 10010101 00000000 00000000 00000000 00000000 00000000
00000000 00000000 00000000 00000000 11100000 01101101 00111100 10010010
00000000 00000000 00000000 00000001 11000000 01101101 00111100 10010010
11000100 01011111 10010101 00000000 00000000 00000000 00000000 00000000
00000000 00000000 00000000 00000000 11100000 00110110 10010000 11111011
00000000 00000000 00000000 00000001 11000000 01101101 00101111 01000100
1.483755e+25 0 11010010 10001000101111110010101 210
3.848291e+12 0 10101000 11000000000000000000000 168
3.851956e+12 0 10101000 11000000011011010011110 168
3.851954e+12 0 10101000 11000000011011010011000 168
1.483755e+25 0 11010010 10001000101111110010110 210

10100001 10001000 00011100 00000000 00000000 00000000 00000000 00000000
00000000 00000000 00000000 00000000 11111101 10110001 10100100 11101000
00000000 00000000 00000000 00000001 10100000 10110001 10100100 11101000
10100001 10001000 00011100 00000000 00000000 00000000 00000000 00000000
00000000 00000000 00000000 00000000 11000110 01111010 00100101 11110111
00000000 00000000 00000000 00000001 10010110 11010010 11111000 01101011
7.173140e+12 0 10101001 10100001100010000001110 169
2.670592e+06 0 10010100 01000110000000000000000 148
3.413557e+06 0 10010100 10100000101100011010010 148
3.332703e+06 0 10010100 10010110110100101111100 148
1.110691e+13 0 10101010 01000011010000001110110 170

11011111 10001100 11000110 00000000 00000000 00000000 00000000 00000000
00000000 00000000 00000000 00000001 01001000 11100110 10100111 10111001
00000000 00000000 00000000 00000001 11110110 11100110 10100111 10111001
11011111 10001100 11000110 00000000 00000000 00000000 00000000 00000000
00000000 00000000 00000000 00000000 11100011 10011000 00110111 00100101
00000000 00000000 00000000 00000001 11011111 00001011 10001011 00000001
1.443093e-33 0 00010001 11011111100011001100011  17
3.773024e-17 0 01001000 01011100000000000000000  72
5.452463e-17 0 01001000 11110110111001101010011  72
5.193817e-17 0 01001000 11011111000010111000110  72
2.697574e-33 0 00010010 11000000001101100001110  18

11000111 10010111 10011100 00000000 00000000 00000000 00000000 00000000
00000000 00000000 00000000 00000001 00101100 10001111 11111001 11111001
00000000 00000000 00000000 00000001 11010110 10001111 11111001 11111001
11000111 10010111 10011100 00000000 00000000 00000000 00000000 00000000
00000000 00000000 00000000 00000000 11011001 00101011 00010011 00000000
00000000 00000000 00000000 00000001 11000100 01110011 00001111 11111100
5.129512e+17 0 10111001 11000111100101111001110 185
7.130317e+08 0 10011100 01010100000000000000000 156
9.868408e+08 0 10011100 11010110100011111111100 156
9.488553e+08 0 10011100 11000100011100110001000 156
9.003264e+17 0 10111010 10001111110100110100001 186

10000000 10011111 00000101 00000000 00000000 00000000 00000000 00000000
00000000 00000000 00000000 00000000 10110101 11101010 11001111 11101001
00000000 00000000 00000000 00000001 01101010 11101010 11001111 11101001
10000000 10011111 00000101 00000000 00000000 00000000 00000000 00000000
00000000 00000000 00000000 00000000 10110101 01110101 00011011 11111110
00000000 00000000 00000000 00000001 01101010 11101010 10000011 11110010
3.796227e+22 0 11001010 00000001001111100000101 202
1.943473e+11 0 10100100 01101010000000000000000 164
1.948397e+11 0 10100100 01101010111010101100111 164
1.948391e+11 0 10100100 01101010111010101000010 164
3.796227e+22 0 11001010 00000001001111100000101 202

11111001 01101001 01110010 00000000 00000000 00000000 00000000 00000000
00000000 00000000 00000000 00000000 11111101 01011110 11101101 10110110
00000000 00000000 00000000 00000001 11111001 01011110 11101101 10110110
11111001 01101001 01110010 00000000 00000000 00000000 00000000 00000000
00000000 00000000 00000000 00000000 11111100 10101110 11111101 00000100
00000000 00000000 00000000 00000001 11111001 01011110 01110011 11011111
-1.417742e-11 1 01011010 11110010110100101110010  90
3.755093e-06 0 01101100 11111000000000000000000 108
3.765306e-06 0 01101100 11111001010111101110110 108
3.765292e-06 0 01101100 11111001010111100111010 108
1.417742e-11 0 01011010 11110010110100101110010  90

01001110 10000101 00101000 00000000 00000000 00000000 00000000 00000000
00000000 00000000 00000000 00000000 10001001 10101101 11011100 11101110
00000000 00000000 00000000 00000001 00011011 10101101 11011100 11101110
01001110 10000101 00101000 00000000 00000000 00000000 00000000 00000000
00000000 00000000 00000000 00000000 10001101 10110111 10110000 11100111
00000000 00000000 00000000 00000001 00011011 10001110 10011111 01011110
-1.080893e-24 1 00101111 01001110100001010010100  47
1.037392e-12 0 01010111 00100100000000000000000  87
1.007831e-12 0 01010111 00011011101011011101110  87
1.007397e-12 0 01010111 00011011100011101010000  87
1.014849e-24 0 00101111 00111010000101001010011  47

11000100 11111110 10011011 00000000 00000000 00000000 00000000 00000000
00000000 00000000 00000000 00000000 11100001 00100010 11111010 01001001
00000000 00000000 00000000 00000001 11000001 00100010 11111010 01001001
11000100 11111110 10011011 00000000 00000000 00000000 00000000 00000000
00000000 00000000 00000000 00000000 11100000 10010001 00011110 11100011
00000000 00000000 00000000 00000001 11000001 00100010 10011100 00000111
8.262550e+08 0 10011100 10001001111111010011011 156
2.867200e+04 0 10001101 11000000000000000000000 141
2.874474e+04 0 10001101 11000001001000101111101 141
2.874465e+04 0 10001101 11000001001000101001110 141
8.262550e+08 0 10011100 10001001111111010011011 156

11001010 00101101 10000000 00000000 00000000 00000000 00000000 00000000
00000000 00000000 00000000 00000000 11100100 00000001 10110001 00001110
00000000 00000000 00000000 00000001 11000111 00000001 10110001 00001110
11001010 00101101 10000000 00000000 00000000 00000000 00000000 00000000
00000000 00000000 00000000 00000000 11100011 10000000 10001111 10001110
00000000 00000000 00000000 00000001 11000111 00000001 01101000 00010101
-1.485367e-37 1 00000100 10010100010110110000000   4
3.845530e-19 0 01000001 11000110000000000000000  65
3.854056e-19 0 01000001 11000111000000011011000  65
3.854046e-19 0 01000001 11000111000000010110100  65
1.485367e-37 0 00000100 10010100010110110000000   4

00101110 00010001 11101110 00000000 00000000 00000000 00000000 00000000
00000000 00000000 00000000 00000000 01010100 11011001 00110001 10111010
00000000 00000000 00000000 00000000 11011111 11011001 00110001 10111010
00101110 00010001 11101110 00000000 00000000 00000000 00000000 00000000
00000000 00000000 00000000 00000000 01101001 01011111 11001111 00000000
00000000 00000000 00000000 00000000 11011001 01001100 01100111 11011101
2.558633e-19 0 01000001 00101110000100011110111  65
5.056791e-10 0 01100000 00010110000000000000000  96
8.728391e-10 0 01100000 11011111110110010011000  96
8.609249e-10 0 01100000 11011001010011000110100  96
7.411917e-19 0 01000010 10110101100001011011100  66

10101000 11001010 01101001 00000000 00000000 00000000 00000000 00000000
00000000 00000000 00000000 00000000 11010000 10111110 11110110 00011011
00000000 00000000 00000000 00000001 10011111 10111110 11110110 00011011
10101000 11001010 01101001 00000000 00000000 00000000 00000000 00000000
00000000 00000000 00000000 00000000 11001111 11011110 10001010 11001011
00000000 00000000 00000000 00000001 10011111 10111110 00000101 11011000
5.996649e-13 0 01010110 01010001100101001101001  86
7.711351e-07 0 01101010 10011110000000000000000 106
7.743872e-07 0 01101010 10011111101111101111011 106
7.743803e-07 0 01101010 10011111101111100000011 106
5.996649e-13 0 01010110 01010001100101001101001  86

end of checking module fadd
counter:          0
exit
INFO: [Common 17-206] Exiting xsim at Tue Oct 29 08:05:17 2019...
