#-----------------------------------------------------------
# xsim v2018.3 (64-bit)
# SW Build 2405991 on Thu Dec  6 23:38:27 MST 2018
# IP Build 2404404 on Fri Dec  7 01:43:56 MST 2018
# Start of session at: Sat Oct 19 15:54:38 2019
# Process ID: 124
# Current directory: C:/Users/tkodera/Desktop/CPU/Fpu
# Command line: xsim.exe -mode tcl -source {xsim.dir/fadd_testbench.sim/xsim_script.tcl}
# Log file: C:/Users/tkodera/Desktop/CPU/Fpu/xsim.log
# Journal file: C:/Users/tkodera/Desktop/CPU/Fpu\xsim.jou
#-----------------------------------------------------------
source xsim.dir/fadd_testbench.sim/xsim_script.tcl
# xsim {fadd_testbench.sim} -autoloadwcfg -runall
Vivado Simulator 2018.3
Time resolution is 100 ps
run -all
start of checking module fadd
difference message format
x1 = [input 1(bit)], [exponent 1(decimal)]
x2 = [input 2(bit)], [exponent 2(decimal)]
ref. : result(float) sign(bit),exponent(decimal),mantissa(bit) overflow(bit)
fadd : result(float) sign(bit),exponent(decimal),mantissa(bit) overflow(bit)
x1 = 1 00011010 10010100101100111111011,  26
x2 = 1 00000000 01111000000011111110000,   0
-6.235437e-31 + -5.512977e-39 = -6.235437e-31
00000000000000000000000000000011001010010110011111101101
00000000000000000000000000101111000000011111110000000000
ulp(1) G(0) R(1) S(01111000000011111110000000000)
-6.235437e-31 1, 26,10010100101100111111011 0
-4.263284e-31 1, 26,00010100101100111111010 0

end of checking module fadd
exit
INFO: [Common 17-206] Exiting xsim at Sat Oct 19 15:54:47 2019...
