#-----------------------------------------------------------
# xsim v2018.3 (64-bit)
# SW Build 2405991 on Thu Dec  6 23:38:27 MST 2018
# IP Build 2404404 on Fri Dec  7 01:43:56 MST 2018
# Start of session at: Sat Oct 19 15:51:54 2019
# Process ID: 15132
# Current directory: C:/Users/tkodera/Desktop/CPU/Fpu
# Command line: xsim.exe -mode tcl -source {xsim.dir/fadd_testbench.sim/xsim_script.tcl}
# Log file: C:/Users/tkodera/Desktop/CPU/Fpu/xsim.log
# Journal file: C:/Users/tkodera/Desktop/CPU/Fpu\xsim.jou
#-----------------------------------------------------------
source xsim.dir/fadd_testbench.sim/xsim_script.tcl
# xsim {fadd_testbench.sim} -autoloadwcfg -runall
Vivado Simulator 2018.3
Time resolution is 100 ps
run -all
start of checking module fadd
difference message format
x1 = [input 1(bit)], [exponent 1(decimal)]
x2 = [input 2(bit)], [exponent 2(decimal)]
ref. : result(float) sign(bit),exponent(decimal),mantissa(bit) overflow(bit)
fadd : result(float) sign(bit),exponent(decimal),mantissa(bit) overflow(bit)
x1 = 1 00000000 10000000010010110101011,   0
x2 = 1 00001000 10100001000011111110110,   8
-5.890984e-39 + -2.451271e-36 = -2.457162e-36
00000000000000000000000000000011010010000010000100000101
00000000110000000010010110101011000000000000000000000000
ulp(1) G(0) R(1) S(01011000000000000000000000000)
-2.457162e-36 1,  8,10100010000100001000001 0
-2.468917e-36 1,  8,10100100000100001000001 0

x1 = 0 00000010 10110000001101010011010,   2
x2 = 1 00000000 00111110110010111111000,   0
3.969202e-38 + -2.883480e-39 = 3.680854e-38
00000000000000000000000000000010001000011001111001111000
00100111110110010111111000000000000000000000000000000000
ulp(0) G(0) R(0) S(00000000000000000000000000000)
3.680854e-38 0,  2,10010000110011110011110 0
2.505360e-38 0,  2,00010000110011110011110 0

x1 = 0 00000000 10001110110110100011110,   0
x2 = 1 00001011 00110000001000001100100,  11
6.559464e-39 + -1.430003e-35 = -1.429347e-35
00000000000000000000000000000010010111110111101000100011
00000000000110001110110110100011110000000000000000000000
ulp(0) G(1) R(1) S(00011110000000000000000000000)
-1.429347e-35 1, 11,00101111111111010001001 0
-1.428172e-35 1, 11,00101111101111010001001 0

x1 = 0 00000111 10010101010010110110001,   7
x2 = 1 00000000 01010101001001010000010,   0
1.191053e-36 + -3.909648e-39 = 1.187144e-36
00000000000000000000000000000011000111111110110110011100
00000001010101010010010100000100000000000000000000000000
ulp(1) G(0) R(0) S(00100000000000000000000000000)
1.187144e-36 0,  7,10010011111101101100111 0
1.175389e-36 0,  7,10001111111101101100111 0

x1 = 0 00000000 01000101100110001111010,   0
x2 = 0 00001110 10101000011001000111001,  14
3.195759e-39 + 1.596387e-34 = 1.596419e-34
00000000000000000000000000000011010100001101110100111101
00000000000000101000101100110001111010000000000000000000
ulp(1) G(0) R(1) S(10001111010000000000000000000)
1.596419e-34 0, 14,10101000011001101001111 0
1.596536e-34 0, 14,10101000011011101001111 0

x1 = 1 00000010 11010101100000000111011,   2
x2 = 0 00000000 00100100111001010010000,   0
-4.311693e-38 + 1.694136e-39 = -4.142279e-38
00000000000000000000000000000010100001100001101111001100
00100100100111001010010000000000000000000000000000000000
ulp(1) G(0) R(0) S(00000000000000000000000000000)
-4.142279e-38 1,  2,11000011000011011110011 0
-2.966785e-38 1,  2,01000011000011011110011 0

x1 = 1 00000000 01001011011000100010011,   0
x2 = 1 00010111 10101000101000011000100,  23
-3.461436e-39 + -8.178095e-32 = -8.178096e-32
00000000000000000000000000000011010100010100001100011010
00000000000000000000000101001011011000100010011000000000
ulp(0) G(1) R(0) S(01011011000100010011000000000)
-8.178096e-32 1, 23,10101000101000011000101 0
-8.178097e-32 1, 23,10101000101000011000111 0

end of checking module fadd
exit
INFO: [Common 17-206] Exiting xsim at Sat Oct 19 15:52:02 2019...
