#-----------------------------------------------------------
# xsim v2018.3 (64-bit)
# SW Build 2405991 on Thu Dec  6 23:38:27 MST 2018
# IP Build 2404404 on Fri Dec  7 01:43:56 MST 2018
# Start of session at: Sun Oct 20 02:50:46 2019
# Process ID: 10228
# Current directory: C:/Users/tkodera/Desktop/CPU/Fpu
# Command line: xsim.exe -mode tcl -source {xsim.dir/finv_testbench.sim/xsim_script.tcl}
# Log file: C:/Users/tkodera/Desktop/CPU/Fpu/xsim.log
# Journal file: C:/Users/tkodera/Desktop/CPU/Fpu\xsim.jou
#-----------------------------------------------------------
source xsim.dir/finv_testbench.sim/xsim_script.tcl
# xsim {finv_testbench.sim} -autoloadwcfg -runall
Vivado Simulator 2018.3
Time resolution is 100 ps
run -all
start of checking module fadd
difference message format
x1 = [input 1(bit)], [exponent 1(decimal)]
x2 = [input 2(bit)], [exponent 2(decimal)]
ref. : result(float) sign(bit),exponent(decimal),mantissa(bit) overflow(bit)
fdiv : result(float) sign(bit),exponent(decimal),mantissa(bit) overflow(bit)
x1 = 0 11000111 01000011111100111100011, 199
01000000 00000000 00000000 00000000
11100100 10100001 11111001 11100011
11111111 10000000 00000000 00000000
zzzzzzzz zzzzzzzz zzzzzzzz zzzzzzzz
zzzzzzzz zzzzzzzz zzzzzzzz zzzzzzzz
zzzzzzzz zzzzzzzz zzzzzzzz zzzzzzzz
1.673398e-22 0  54 10010100100110100101010 0
-inf 1 255 00000000000000000000000 carry(z) over(z) under(z)

x1 = 0 10110001 01110000000100100001011, 177
01000000 00000000 00000000 00000000
11011001 10111000 00001001 00001011
11111111 10000000 00000000 00000000
zzzzzzzz zzzzzzzz zzzzzzzz zzzzzzzz
zzzzzzzz zzzzzzzz zzzzzzzz zzzzzzzz
zzzzzzzz zzzzzzzz zzzzzzzz zzzzzzzz
6.177447e-16 0  76 01100100000110110000011 0
-inf 1 255 00000000000000000000000 carry(z) over(z) under(z)

x1 = 1 01101110 01010100001101111010100, 110
01000000 00000000 00000000 00000000
01000000 10000000 00000000 01010101
01000001 00000000 00000000 11111111
zzzzzzzz zzzzzzzz zzzzzzzz zzzzzzzz
zzzzzzzz zzzzzzzz zzzzzzzz zzzzzzzz
zzzzzzzz zzzzzzzz zzzzzzzz zzzzzzzz
-9.862644e+04 1 143 10000001010000100111000 0
8.000243e+00 0 130 00000000000000011111111 carry(z) over(z) under(z)

x1 = 0 01001100 00111000010111111110110,  76
01000000 00000000 00000000 00000000
01000000 10000000 00000000 00000000
01000001 00000000 00000000 00000000
zzzzzzzz zzzzzzzz zzzzzzzz zzzzzzzz
zzzzzzzz zzzzzzzz zzzzzzzz zzzzzzzz
zzzzzzzz zzzzzzzz zzzzzzzz zzzzzzzz
1.845414e+15 0 177 10100011100110010100001 0
8.000000e+00 0 130 00000000000000000000000 carry(z) over(z) under(z)

x1 = 1 00010011 11000010011000111000101,  19
01000000 00000000 00000000 00000000
01000000 10000000 00000000 00000000
01000001 00000000 00000000 00000000
zzzzzzzz zzzzzzzz zzzzzzzz zzzzzzzz
zzzzzzzz zzzzzzzz zzzzzzzz zzzzzzzz
zzzzzzzz zzzzzzzz zzzzzzzz zzzzzzzz
-1.844556e+32 1 234 00100011000001010000100 0
8.000000e+00 0 130 00000000000000000000000 carry(z) over(z) under(z)

x1 = 0 01001001 11111010110001011000001,  73
01000000 00000000 00000000 00000000
01000000 10000000 00000000 00000000
01000001 00000000 00000000 00000000
zzzzzzzz zzzzzzzz zzzzzzzz zzzzzzzz
zzzzzzzz zzzzzzzz zzzzzzzz zzzzzzzz
zzzzzzzz zzzzzzzz zzzzzzzz zzzzzzzz
9.100129e+15 0 180 00000010101001000010011 0
8.000000e+00 0 130 00000000000000000000000 carry(z) over(z) under(z)

x1 = 0 11101011 00101101111100001000011, 235
01000000 00000000 00000000 00000000
11110110 10010110 11111000 01000011
11111111 10000000 00000000 00000000
zzzzzzzz zzzzzzzz zzzzzzzz zzzzzzzz
zzzzzzzz zzzzzzzz zzzzzzzz zzzzzzzz
zzzzzzzz zzzzzzzz zzzzzzzz zzzzzzzz
2.612645e-33 0  18 10110010000110011010010 0
-inf 1 255 00000000000000000000000 carry(z) over(z) under(z)

x1 = 0 11011011 00000110010101110101000, 219
01000000 00000000 00000000 00000000
11101110 10000011 00101011 10101000
11111111 10000000 00000000 00000000
zzzzzzzz zzzzzzzz zzzzzzzz zzzzzzzz
zzzzzzzz zzzzzzzz zzzzzzzz zzzzzzzz
zzzzzzzz zzzzzzzz zzzzzzzz zzzzzzzz
1.970671e-28 0  34 11110011100111111101101 0
-inf 1 255 00000000000000000000000 carry(z) over(z) under(z)

x1 = 0 11111011 01101010110101111001101, 251
01000000 00000000 00000000 00000000
11111110 10110101 01101011 11001101
11111111 10000000 00000000 00000000
zzzzzzzz zzzzzzzz zzzzzzzz zzzzzzzz
zzzzzzzz zzzzzzzz zzzzzzzz zzzzzzzz
zzzzzzzz zzzzzzzz zzzzzzzz zzzzzzzz
3.317437e-38 0   2 01101001001111001010100 0
-inf 1 255 00000000000000000000000 carry(z) over(z) under(z)

x1 = 1 01011001 10000010001010000010111,  89
01000000 00000000 00000000 00000000
01000000 10000000 00000000 00000000
01000001 00000000 00000000 00000000
zzzzzzzz zzzzzzzz zzzzzzzz zzzzzzzz
zzzzzzzz zzzzzzzz zzzzzzzz zzzzzzzz
zzzzzzzz zzzzzzzz zzzzzzzz zzzzzzzz
-1.822283e+11 1 164 01010011011011010100000 0
8.000000e+00 0 130 00000000000000000000000 carry(z) over(z) under(z)

x1 = 1 00100111 00111110101101110011111,  39
01000000 00000000 00000000 00000000
01000000 10000000 00000000 00000000
01000001 00000000 00000000 00000000
zzzzzzzz zzzzzzzz zzzzzzzz zzzzzzzz
zzzzzzzz zzzzzzzz zzzzzzzz zzzzzzzz
zzzzzzzz zzzzzzzz zzzzzzzz zzzzzzzz
-2.485856e+26 1 214 10011011010000000001110 0
8.000000e+00 0 130 00000000000000000000000 carry(z) over(z) under(z)

x1 = 1 00001111 00101101001110110010010,  15
01000000 00000000 00000000 00000000
01000000 10000000 00000000 00000000
01000001 00000000 00000000 00000000
zzzzzzzz zzzzzzzz zzzzzzzz zzzzzzzz
zzzzzzzz zzzzzzzz zzzzzzzz zzzzzzzz
zzzzzzzz zzzzzzzz zzzzzzzz zzzzzzzz
-4.412653e+33 1 238 10110011000111110000011 0
8.000000e+00 0 130 00000000000000000000000 carry(z) over(z) under(z)

x1 = 0 10100011 01111100111011011011000, 163
01000000 00000000 00000000 00000000
11010010 10111110 01110110 11011000
11111000 01010010 11011011 10101111
zzzzzzzz zzzzzzzz zzzzzzzz zzzzzzzz
zzzzzzzz zzzzzzzz zzzzzzzz zzzzzzzz
zzzzzzzz zzzzzzzz zzzzzzzz zzzzzzzz
9.779501e-12 0  90 01011000000101011110101 0
-1.710684e+34 1 240 10100101101101110101111 carry(z) over(z) under(z)

x1 = 1 00010010 01101100101001111100010,  18
01000000 00000000 00000000 00000000
01000000 10000000 00000000 00000000
01000001 00000000 00000000 00000000
zzzzzzzz zzzzzzzz zzzzzzzz zzzzzzzz
zzzzzzzz zzzzzzzz zzzzzzzz zzzzzzzz
zzzzzzzz zzzzzzzz zzzzzzzz zzzzzzzz
-4.556453e+32 1 235 01100111011100001101100 0
8.000000e+00 0 130 00000000000000000000000 carry(z) over(z) under(z)

x1 = 0 11101010 00110011100100100111010, 234
01000000 00000000 00000000 00000000
11110110 00011001 11001001 00111010
11111111 10000000 00000000 00000000
zzzzzzzz zzzzzzzz zzzzzzzz zzzzzzzz
zzzzzzzz zzzzzzzz zzzzzzzz zzzzzzzz
zzzzzzzz zzzzzzzz zzzzzzzz zzzzzzzz
5.129600e-33 0  19 10101010001001101000100 0
-inf 1 255 00000000000000000000000 carry(z) over(z) under(z)

x1 = 0 10011110 11100111110001010100101, 158
01000000 00000000 00000000 00000000
11010000 01110011 11100010 10100101
11110001 01011101 01011001 01001001
zzzzzzzz zzzzzzzz zzzzzzzz zzzzzzzz
zzzzzzzz zzzzzzzz zzzzzzzz zzzzzzzz
zzzzzzzz zzzzzzzz zzzzzzzz zzzzzzzz
2.443962e-10 0  95 00001100101101110110101 0
-1.096066e+30 1 226 10111010101100101001001 carry(z) over(z) under(z)

x1 = 1 01101011 11101110110011111111001, 107
01000000 00000000 00000000 00000000
01000000 10000000 00000000 00001111
01000001 00000000 00000000 00101110
zzzzzzzz zzzzzzzz zzzzzzzz zzzzzzzz
zzzzzzzz zzzzzzzz zzzzzzzz zzzzzzzz
zzzzzzzz zzzzzzzz zzzzzzzz zzzzzzzz
-5.424996e+05 1 146 00001000111001000111001 0
8.000044e+00 0 130 00000000000000000101110 carry(z) over(z) under(z)

x1 = 0 00010001 01110010010010011011001,  17
01000000 00000000 00000000 00000000
01000000 10000000 00000000 00000000
01000001 00000000 00000000 00000000
zzzzzzzz zzzzzzzz zzzzzzzz zzzzzzzz
zzzzzzzz zzzzzzzz zzzzzzzz zzzzzzzz
zzzzzzzz zzzzzzzz zzzzzzzz zzzzzzzz
8.974288e+32 0 236 01100001111110010010011 0
8.000000e+00 0 130 00000000000000000000000 carry(z) over(z) under(z)

x1 = 0 10101110 00010101000000000110111, 174
01000000 00000000 00000000 00000000
11011000 00001010 10000000 00110111
11111111 10000000 00000000 00000000
zzzzzzzz zzzzzzzz zzzzzzzz zzzzzzzz
zzzzzzzz zzzzzzzz zzzzzzzz zzzzzzzz
zzzzzzzz zzzzzzzz zzzzzzzz zzzzzzzz
6.566709e-15 0  79 11011001001011100110011 0
-inf 1 255 00000000000000000000000 carry(z) over(z) under(z)

x1 = 0 00001111 01101011101111011010001,  15
01000000 00000000 00000000 00000000
01000000 10000000 00000000 00000000
01000001 00000000 00000000 00000000
zzzzzzzz zzzzzzzz zzzzzzzz zzzzzzzz
zzzzzzzz zzzzzzzz zzzzzzzz zzzzzzzz
zzzzzzzz zzzzzzzz zzzzzzzz zzzzzzzz
3.654328e+33 0 238 01101000010110000011010 0
8.000000e+00 0 130 00000000000000000000000 carry(z) over(z) under(z)

x1 = 0 00100011 11011110111100010111011,  35
01000000 00000000 00000000 00000000
01000000 10000000 00000000 00000000
01000001 00000000 00000000 00000000
zzzzzzzz zzzzzzzz zzzzzzzz zzzzzzzz
zzzzzzzz zzzzzzzz zzzzzzzz zzzzzzzz
zzzzzzzz zzzzzzzz zzzzzzzz zzzzzzzz
2.646766e+27 0 218 00010001101010110101000 0
8.000000e+00 0 130 00000000000000000000000 carry(z) over(z) under(z)

x1 = 0 10011000 01001000100100101110010, 152
01000000 00000000 00000000 00000000
11001101 00100100 01001001 01110010
11100111 10000111 01010001 10101011
zzzzzzzz zzzzzzzz zzzzzzzz zzzzzzzz
zzzzzzzz zzzzzzzz zzzzzzzz zzzzzzzz
zzzzzzzz zzzzzzzz zzzzzzzz zzzzzzzz
2.321973e-08 0 101 10001110111010010111010 0
-1.278052e+24 1 207 00001110101000110101011 carry(z) over(z) under(z)

x1 = 0 10101110 01010011100000101110111, 174
01000000 00000000 00000000 00000000
11011000 00101001 11000001 01110111
11111111 10000000 00000000 00000000
zzzzzzzz zzzzzzzz zzzzzzzz zzzzzzzz
zzzzzzzz zzzzzzzz zzzzzzzz zzzzzzzz
zzzzzzzz zzzzzzzz zzzzzzzz zzzzzzzz
5.357667e-15 0  79 10000010000011111000011 0
-inf 1 255 00000000000000000000000 carry(z) over(z) under(z)

x1 = 0 10001111 11001101110000010110100, 143
01000000 00000000 00000000 00000000
11001000 11100110 11100000 00110100
11011010 10111011 11001000 10111110
zzzzzzzz zzzzzzzz zzzzzzzz zzzzzzzz
zzzzzzzz zzzzzzzz zzzzzzzz zzzzzzzz
zzzzzzzz zzzzzzzz zzzzzzzz zzzzzzzz
8.459564e-06 0 110 00011011110110110001101 0
-2.642827e+16 1 181 01110111100100010111110 carry(z) over(z) under(z)

x1 = 0 10101001 10111010110111001001011, 169
01000000 00000000 00000000 00000000
11010101 11011101 01101110 01001011
11111111 10000000 00000000 00000000
zzzzzzzz zzzzzzzz zzzzzzzz zzzzzzzz
zzzzzzzz zzzzzzzz zzzzzzzz zzzzzzzz
zzzzzzzz zzzzzzzz zzzzzzzz zzzzzzzz
1.314353e-13 0  84 00100111111101110100110 0
-inf 1 255 00000000000000000000000 carry(z) over(z) under(z)

x1 = 0 01011100 01101000100000110101110,  92
01000000 00000000 00000000 00000000
01000000 10000000 00000000 00000000
01000001 00000000 00000000 00000000
zzzzzzzz zzzzzzzz zzzzzzzz zzzzzzzz
zzzzzzzz zzzzzzzz zzzzzzzz zzzzzzzz
zzzzzzzz zzzzzzzz zzzzzzzz zzzzzzzz
2.439882e+10 0 161 01101011100100100001100 0
8.000000e+00 0 130 00000000000000000000000 carry(z) over(z) under(z)

x1 = 0 10011111 00111001011111110000110, 159
01000000 00000000 00000000 00000000
11010000 10011100 10111111 10000110
11110001 11101011 00010000 10001010
zzzzzzzz zzzzzzzz zzzzzzzz zzzzzzzz
zzzzzzzz zzzzzzzz zzzzzzzz zzzzzzzz
zzzzzzzz zzzzzzzz zzzzzzzz zzzzzzzz
1.901287e-10 0  94 10100010000110001111010 0
-2.327967e+30 1 227 11010110001000010001010 carry(z) over(z) under(z)

x1 = 0 11001101 10011001110011100000111, 205
01000000 00000000 00000000 00000000
11100111 11001100 11100111 00000111
11111111 10000000 00000000 00000000
zzzzzzzz zzzzzzzz zzzzzzzz zzzzzzzz
zzzzzzzz zzzzzzzz zzzzzzzz zzzzzzzz
zzzzzzzz zzzzzzzz zzzzzzzz zzzzzzzz
2.066918e-24 0  48 00111111110101110000101 0
-inf 1 255 00000000000000000000000 carry(z) over(z) under(z)

x1 = 0 11110100 10110001000101100100000, 244
01000000 00000000 00000000 00000000
11111011 01011000 10001011 00100000
11111111 10000000 00000000 00000000
zzzzzzzz zzzzzzzz zzzzzzzz zzzzzzzz
zzzzzzzz zzzzzzzz zzzzzzzz zzzzzzzz
zzzzzzzz zzzzzzzz zzzzzzzz zzzzzzzz
3.557586e-36 0   9 00101110101001010101110 0
-inf 1 255 00000000000000000000000 carry(z) over(z) under(z)

x1 = 1 01001101 10001101000000011111101,  77
01000000 00000000 00000000 00000000
01000000 10000000 00000000 00000000
01000001 00000000 00000000 00000000
zzzzzzzz zzzzzzzz zzzzzzzz zzzzzzzz
zzzzzzzz zzzzzzzz zzzzzzzz zzzzzzzz
zzzzzzzz zzzzzzzz zzzzzzzz zzzzzzzz
-7.260070e+14 1 176 01001010001001100101011 0
8.000000e+00 0 130 00000000000000000000000 carry(z) over(z) under(z)

x1 = 0 01011101 01100111100011110111011,  93
01000000 00000000 00000000 00000000
01000000 10000000 00000000 00000000
01000001 00000000 00000000 00000000
zzzzzzzz zzzzzzzz zzzzzzzz zzzzzzzz
zzzzzzzz zzzzzzzz zzzzzzzz zzzzzzzz
zzzzzzzz zzzzzzzz zzzzzzzz zzzzzzzz
1.223173e+10 0 160 01101100100010001011011 0
8.000000e+00 0 130 00000000000000000000000 carry(z) over(z) under(z)

x1 = 0 10011110 01101011111100101101100, 158
01000000 00000000 00000000 00000000
11010000 00110101 11111001 01101100
11110000 10110111 11100110 00111110
zzzzzzzz zzzzzzzz zzzzzzzz zzzzzzzz
zzzzzzzz zzzzzzzz zzzzzzzz zzzzzzzz
zzzzzzzz zzzzzzzz zzzzzzzz zzzzzzzz
3.275443e-10 0  95 01101000001000111000011 0
-4.553128e+29 1 225 01101111110011000111110 carry(z) over(z) under(z)

x1 = 0 10101001 11110101100001010101011, 169
01000000 00000000 00000000 00000000
11010101 11111010 11000010 10101011
11111111 10000000 00000000 00000000
zzzzzzzz zzzzzzzz zzzzzzzz zzzzzzzz
zzzzzzzz zzzzzzzz zzzzzzzz zzzzzzzz
zzzzzzzz zzzzzzzz zzzzzzzz zzzzzzzz
1.160623e-13 0  84 00000101010110010101110 0
-inf 1 255 00000000000000000000000 carry(z) over(z) under(z)

x1 = 0 11111100 10100001000011101000001, 252
01000000 00000000 00000000 00000000
11111111 01010000 10000111 01000001
11111111 10000000 00000000 00000000
zzzzzzzz zzzzzzzz zzzzzzzz zzzzzzzz
zzzzzzzz zzzzzzzz zzzzzzzz zzzzzzzz
zzzzzzzz zzzzzzzz zzzzzzzz zzzzzzzz
1.443097e-38 0   1 00111010010001110101010 0
-inf 1 255 00000000000000000000000 carry(z) over(z) under(z)

x1 = 1 01101100 00000101110000001110011, 108
01000000 00000000 00000000 00000000
01000000 10000000 00000000 00010000
01000001 00000000 00000000 00110001
zzzzzzzz zzzzzzzz zzzzzzzz zzzzzzzz
zzzzzzzz zzzzzzzz zzzzzzzz zzzzzzzz
zzzzzzzz zzzzzzzz zzzzzzzz zzzzzzzz
-5.127638e+05 1 145 11110100101111101111010 0
8.000047e+00 0 130 00000000000000000110001 carry(z) over(z) under(z)

x1 = 0 10011110 10100110100110111001100, 158
01000000 00000000 00000000 00000000
11010000 01010011 01001101 11001100
11110001 00001111 11110101 11010011
zzzzzzzz zzzzzzzz zzzzzzzz zzzzzzzz
zzzzzzzz zzzzzzzz zzzzzzzz zzzzzzzz
zzzzzzzz zzzzzzzz zzzzzzzz zzzzzzzz
2.820802e-10 0  95 00110110001001101000010 0
-7.128566e+29 1 226 00011111111010111010011 carry(z) over(z) under(z)

x1 = 0 01001010 00101110000100000111110,  74
01000000 00000000 00000000 00000000
01000000 10000000 00000000 00000000
01000001 00000000 00000000 00000000
zzzzzzzz zzzzzzzz zzzzzzzz zzzzzzzz
zzzzzzzz zzzzzzzz zzzzzzzz zzzzzzzz
zzzzzzzz zzzzzzzz zzzzzzzz zzzzzzzz
7.633614e+15 0 179 10110001111010111011010 0
8.000000e+00 0 130 00000000000000000000000 carry(z) over(z) under(z)

x1 = 0 11001001 01101101010100000101110, 201
01000000 00000000 00000000 00000000
11100101 10110110 10101000 00101110
11111111 10000000 00000000 00000000
zzzzzzzz zzzzzzzz zzzzzzzz zzzzzzzz
zzzzzzzz zzzzzzzz zzzzzzzz zzzzzzzz
zzzzzzzz zzzzzzzz zzzzzzzz zzzzzzzz
3.709831e-23 0  52 01100110110010101111011 0
-inf 1 255 00000000000000000000000 carry(z) over(z) under(z)

x1 = 1 00111101 00010010100011100111000,  61
01000000 00000000 00000000 00000000
01000000 10000000 00000000 00000000
01000001 00000000 00000000 00000000
zzzzzzzz zzzzzzzz zzzzzzzz zzzzzzzz
zzzzzzzz zzzzzzzz zzzzzzzz zzzzzzzz
zzzzzzzz zzzzzzzz zzzzzzzz zzzzzzzz
-6.879995e+19 1 192 11011101011001010100001 0
8.000000e+00 0 130 00000000000000000000000 carry(z) over(z) under(z)

x1 = 0 11110100 00100011100101011101010, 244
01000000 00000000 00000000 00000000
11111011 00010001 11001010 11101010
11111111 10000000 00000000 00000000
zzzzzzzz zzzzzzzz zzzzzzzz zzzzzzzz
zzzzzzzz zzzzzzzz zzzzzzzz zzzzzzzz
zzzzzzzz zzzzzzzz zzzzzzzz zzzzzzzz
5.284025e-36 0   9 11000001100000111110001 0
-inf 1 255 00000000000000000000000 carry(z) over(z) under(z)

x1 = 0 11000110 00001110010111101110000, 198
01000000 00000000 00000000 00000000
11100100 00000111 00101111 01110000
11111111 10000000 00000000 00000000
zzzzzzzz zzzzzzzz zzzzzzzz zzzzzzzz
zzzzzzzz zzzzzzzz zzzzzzzz zzzzzzzz
zzzzzzzz zzzzzzzz zzzzzzzz zzzzzzzz
4.010059e-22 0  55 11100100110010010101010 0
-inf 1 255 00000000000000000000000 carry(z) over(z) under(z)

x1 = 0 10101001 00011000010011110101011, 169
01000000 00000000 00000000 00000000
11010101 10001100 00100111 10101011
11111111 10000000 00000000 00000000
zzzzzzzz zzzzzzzz zzzzzzzz zzzzzzzz
zzzzzzzz zzzzzzzz zzzzzzzz zzzzzzzz
zzzzzzzz zzzzzzzz zzzzzzzz zzzzzzzz
2.076547e-13 0  84 11010011100110001100010 0
-inf 1 255 00000000000000000000000 carry(z) over(z) under(z)

x1 = 0 10010010 11001010001100010110110, 146
01000000 00000000 00000000 00000000
11001010 01100101 00011000 10100110
11011111 00110111 01111001 01011100
zzzzzzzz zzzzzzzz zzzzzzzz zzzzzzzz
zzzzzzzz zzzzzzzz zzzzzzzz zzzzzzzz
zzzzzzzz zzzzzzzz zzzzzzzz zzzzzzzz
1.065667e-06 0 107 00011110000100000001011 0
-1.322070e+19 1 190 01101110111100101011100 carry(z) over(z) under(z)

x1 = 0 00010000 00111100011011110101110,  16
01000000 00000000 00000000 00000000
01000000 10000000 00000000 00000000
01000001 00000000 00000000 00000000
zzzzzzzz zzzzzzzz zzzzzzzz zzzzzzzz
zzzzzzzz zzzzzzzz zzzzzzzz zzzzzzzz
zzzzzzzz zzzzzzzz zzzzzzzz zzzzzzzz
2.100318e+33 0 237 10011110001101101111000 0
8.000000e+00 0 130 00000000000000000000000 carry(z) over(z) under(z)

x1 = 0 01110010 10000101100111111011001, 114
01000000 00000000 00000000 00000000
01000000 01111111 11110011 11010011
01000000 11111111 11011011 01111011
zzzzzzzz zzzzzzzz zzzzzzzz zzzzzzzz
zzzzzzzz zzzzzzzz zzzzzzzz zzzzzzzz
zzzzzzzz zzzzzzzz zzzzzzzz zzzzzzzz
5.382505e+03 0 139 01010000011010000001010 0
7.995542e+00 0 129 11111111101101101111011 carry(z) over(z) under(z)

x1 = 0 11001111 11011100101111111101110, 207
01000000 00000000 00000000 00000000
11101000 11101110 01011111 11101110
11111111 10000000 00000000 00000000
zzzzzzzz zzzzzzzz zzzzzzzz zzzzzzzz
zzzzzzzz zzzzzzzz zzzzzzzz zzzzzzzz
zzzzzzzz zzzzzzzz zzzzzzzz zzzzzzzz
4.441709e-25 0  46 00010010111011011011000 0
-inf 1 255 00000000000000000000000 carry(z) over(z) under(z)

x1 = 0 00000100 01100000000001010011000,   4
01000000 00000000 00000000 00000000
01000000 10000000 00000000 00000000
01000001 00000000 00000000 00000000
zzzzzzzz zzzzzzzz zzzzzzzz zzzzzzzz
zzzzzzzz zzzzzzzz zzzzzzzz zzzzzzzz
zzzzzzzz zzzzzzzz zzzzzzzz zzzzzzzz
7.733245e+36 0 249 01110100010101111001101 0
8.000000e+00 0 130 00000000000000000000000 carry(z) over(z) under(z)

x1 = 0 00111000 10010011111111101001001,  56
01000000 00000000 00000000 00000000
01000000 10000000 00000000 00000000
01000001 00000000 00000000 00000000
zzzzzzzz zzzzzzzz zzzzzzzz zzzzzzzz
zzzzzzzz zzzzzzzz zzzzzzzz zzzzzzzz
zzzzzzzz zzzzzzzz zzzzzzzz zzzzzzzz
1.496216e+21 0 197 01000100011100001010110 0
8.000000e+00 0 130 00000000000000000000000 carry(z) over(z) under(z)

x1 = 1 01111000 11110101000011110011001, 120
01000000 00000000 00000000 00000000
01000000 10000001 11110101 00001111
01000001 00000101 11111110 00001111
zzzzzzzz zzzzzzzz zzzzzzzz zzzzzzzz
zzzzzzzz zzzzzzzz zzzzzzzz zzzzzzzz
zzzzzzzz zzzzzzzz zzzzzzzz zzzzzzzz
-6.539744e+01 1 133 00000101100101101111101 0
8.374526e+00 0 130 00001011111111000001111 carry(z) over(z) under(z)

x1 = 0 10010111 00101010001101101001110, 151
01000000 00000000 00000000 00000000
11001100 10010101 00011011 01001110
11100101 11001010 01010101 11000111
zzzzzzzz zzzzzzzz zzzzzzzz zzzzzzzz
zzzzzzzz zzzzzzzz zzzzzzzz zzzzzzzz
zzzzzzzz zzzzzzzz zzzzzzzz zzzzzzzz
5.116736e-08 0 102 10110111100001100011100 0
-1.194375e+23 1 203 10010100101010111000111 carry(z) over(z) under(z)

x1 = 1 01001000 11010000011011011111000,  72
01000000 00000000 00000000 00000000
01000000 10000000 00000000 00000000
01000001 00000000 00000000 00000000
zzzzzzzz zzzzzzzz zzzzzzzz zzzzzzzz
zzzzzzzz zzzzzzzz zzzzzzzz zzzzzzzz
zzzzzzzz zzzzzzzz zzzzzzzz zzzzzzzz
-1.985958e+16 1 181 00011010001110001011100 0
8.000000e+00 0 130 00000000000000000000000 carry(z) over(z) under(z)

x1 = 0 11101011 01111010101011101110010, 235
01000000 00000000 00000000 00000000
11110110 10111101 01010111 01110010
11111111 10000000 00000000 00000000
zzzzzzzz zzzzzzzz zzzzzzzz zzzzzzzz
zzzzzzzz zzzzzzzz zzzzzzzz zzzzzzzz
zzzzzzzz zzzzzzzz zzzzzzzz zzzzzzzz
2.083169e-33 0  18 01011010001000000011001 0
-inf 1 255 00000000000000000000000 carry(z) over(z) under(z)

x1 = 0 01100111 00000110111101100111100, 103
01000000 00000000 00000000 00000000
01000000 01111111 11111111 11111111
01000000 11111111 11111111 11111101
zzzzzzzz zzzzzzzz zzzzzzzz zzzzzzzz
zzzzzzzz zzzzzzzz zzzzzzzz zzzzzzzz
zzzzzzzz zzzzzzzz zzzzzzzz zzzzzzzz
1.633299e+07 0 150 11110010011100010111010 0
7.999999e+00 0 129 11111111111111111111101 carry(z) over(z) under(z)

x1 = 0 01001101 00110000011100110010000,  77
01000000 00000000 00000000 00000000
01000000 10000000 00000000 00000000
01000001 00000000 00000000 00000000
zzzzzzzz zzzzzzzz zzzzzzzz zzzzzzzz
zzzzzzzz zzzzzzzz zzzzzzzz zzzzzzzz
zzzzzzzz zzzzzzzz zzzzzzzz zzzzzzzz
9.467257e+14 0 176 10101110100001010110001 0
8.000000e+00 0 130 00000000000000000000000 carry(z) over(z) under(z)

x1 = 1 00100100 00001110101011010111100,  36
01000000 00000000 00000000 00000000
01000000 10000000 00000000 00000000
01000001 00000000 00000000 00000000
zzzzzzzz zzzzzzzz zzzzzzzz zzzzzzzz
zzzzzzzz zzzzzzzz zzzzzzzz zzzzzzzz
zzzzzzzz zzzzzzzz zzzzzzzz zzzzzzzz
-2.341624e+27 1 217 11100100001111001001000 0
8.000000e+00 0 130 00000000000000000000000 carry(z) over(z) under(z)

x1 = 0 11011111 11111100000001011010101, 223
01000000 00000000 00000000 00000000
11110000 11111110 00000010 11010101
11111111 10000000 00000000 00000000
zzzzzzzz zzzzzzzz zzzzzzzz zzzzzzzz
zzzzzzzz zzzzzzzz zzzzzzzz zzzzzzzz
zzzzzzzz zzzzzzzz zzzzzzzz zzzzzzzz
6.360302e-30 0  30 00000010000000010010100 0
-inf 1 255 00000000000000000000000 carry(z) over(z) under(z)

x1 = 0 11100100 01011010101010011011111, 228
01000000 00000000 00000000 00000000
11110011 00101101 01010100 11011111
11111111 10000000 00000000 00000000
zzzzzzzz zzzzzzzz zzzzzzzz zzzzzzzz
zzzzzzzz zzzzzzzz zzzzzzzz zzzzzzzz
zzzzzzzz zzzzzzzz zzzzzzzz zzzzzzzz
2.912748e-31 0  25 01111010000110001010010 0
-inf 1 255 00000000000000000000000 carry(z) over(z) under(z)

x1 = 1 01101100 11011111000110110110100, 108
01000000 00000000 00000000 00000000
01000000 10000000 00000000 00011110
01000001 00000000 00000000 01011010
zzzzzzzz zzzzzzzz zzzzzzzz zzzzzzzz
zzzzzzzz zzzzzzzz zzzzzzzz zzzzzzzz
zzzzzzzz zzzzzzzz zzzzzzzz zzzzzzzz
-2.801414e+05 1 145 00010001100100110101101 0
8.000086e+00 0 130 00000000000000001011010 carry(z) over(z) under(z)

x1 = 0 11001011 01110110101101001001000, 203
01000000 00000000 00000000 00000000
11100110 10111011 01011010 01001000
11111111 10000000 00000000 00000000
zzzzzzzz zzzzzzzz zzzzzzzz zzzzzzzz
zzzzzzzz zzzzzzzz zzzzzzzz zzzzzzzz
zzzzzzzz zzzzzzzz zzzzzzzz zzzzzzzz
9.042123e-24 0  50 01011101110011001101101 0
-inf 1 255 00000000000000000000000 carry(z) over(z) under(z)

x1 = 0 01001011 01100001101000000011011,  75
01000000 00000000 00000000 00000000
01000000 10000000 00000000 00000000
01000001 00000000 00000000 00000000
zzzzzzzz zzzzzzzz zzzzzzzz zzzzzzzz
zzzzzzzz zzzzzzzz zzzzzzzz zzzzzzzz
zzzzzzzz zzzzzzzz zzzzzzzz zzzzzzzz
3.260287e+15 0 178 01110010101001101101010 0
8.000000e+00 0 130 00000000000000000000000 carry(z) over(z) under(z)

x1 = 0 10111010 00001111100011101000100, 186
01000000 00000000 00000000 00000000
11011110 00000111 11000111 01000100
11111111 10000000 00000000 00000000
zzzzzzzz zzzzzzzz zzzzzzzz zzzzzzzz
zzzzzzzz zzzzzzzz zzzzzzzz zzzzzzzz
zzzzzzzz zzzzzzzz zzzzzzzz zzzzzzzz
1.635346e-18 0  67 11100010101010110011110 0
-inf 1 255 00000000000000000000000 carry(z) over(z) under(z)

x1 = 0 11101111 10000101011000100000100, 239
01000000 00000000 00000000 00000000
11111000 11000010 10110001 00000100
11111111 10000000 00000000 00000000
zzzzzzzz zzzzzzzz zzzzzzzz zzzzzzzz
zzzzzzzz zzzzzzzz zzzzzzzz zzzzzzzz
zzzzzzzz zzzzzzzz zzzzzzzz zzzzzzzz
1.266204e-34 0  14 01010000100111010101101 0
-inf 1 255 00000000000000000000000 carry(z) over(z) under(z)

x1 = 1 00101011 01011101101001011110001,  43
01000000 00000000 00000000 00000000
01000000 10000000 00000000 00000000
01000001 00000000 00000000 00000000
zzzzzzzz zzzzzzzz zzzzzzzz zzzzzzzz
zzzzzzzz zzzzzzzz zzzzzzzz zzzzzzzz
zzzzzzzz zzzzzzzz zzzzzzzz zzzzzzzz
-1.416213e+25 1 210 01110110110111100101010 0
8.000000e+00 0 130 00000000000000000000000 carry(z) over(z) under(z)

x1 = 0 10011110 01101010001110000100011, 158
01000000 00000000 00000000 00000000
11010000 00110101 00011100 00100011
11110000 10110101 01001010 10001100
zzzzzzzz zzzzzzzz zzzzzzzz zzzzzzzz
zzzzzzzz zzzzzzzz zzzzzzzz zzzzzzzz
zzzzzzzz zzzzzzzz zzzzzzzz zzzzzzzz
3.291076e-10 0  95 01101001110110111000110 0
-4.488553e+29 1 225 01101010100101010001100 carry(z) over(z) under(z)

x1 = 1 01011100 01100100011111010111000,  92
01000000 00000000 00000000 00000000
01000000 10000000 00000000 00000000
01000001 00000000 00000000 00000000
zzzzzzzz zzzzzzzz zzzzzzzz zzzzzzzz
zzzzzzzz zzzzzzzz zzzzzzzz zzzzzzzz
zzzzzzzz zzzzzzzz zzzzzzzz zzzzzzzz
-2.467417e+10 1 161 01101111101011000111100 0
8.000000e+00 0 130 00000000000000000000000 carry(z) over(z) under(z)

x1 = 0 11110110 11010100010110100111001, 246
01000000 00000000 00000000 00000000
11111100 01101010 00101101 00111001
11111111 10000000 00000000 00000000
zzzzzzzz zzzzzzzz zzzzzzzz zzzzzzzz
zzzzzzzz zzzzzzzz zzzzzzzz zzzzzzzz
zzzzzzzz zzzzzzzz zzzzzzzz zzzzzzzz
8.224261e-37 0   7 00010111110110110110110 0
-inf 1 255 00000000000000000000000 carry(z) over(z) under(z)

x1 = 0 11101001 11001011110110000111111, 233
01000000 00000000 00000000 00000000
11110101 11100101 11101100 00111111
11111111 10000000 00000000 00000000
zzzzzzzz zzzzzzzz zzzzzzzz zzzzzzzz
zzzzzzzz zzzzzzzz zzzzzzzz zzzzzzzz
zzzzzzzz zzzzzzzz zzzzzzzz zzzzzzzz
6.861962e-33 0  20 00011101000010001110011 0
-inf 1 255 00000000000000000000000 carry(z) over(z) under(z)

x1 = 0 00010110 01110100000010111111100,  22
01000000 00000000 00000000 00000000
01000000 10000000 00000000 00000000
01000001 00000000 00000000 00000000
zzzzzzzz zzzzzzzz zzzzzzzz zzzzzzzz
zzzzzzzz zzzzzzzz zzzzzzzz zzzzzzzz
zzzzzzzz zzzzzzzz zzzzzzzz zzzzzzzz
2.791207e+31 0 231 01100000010011001100000 0
8.000000e+00 0 130 00000000000000000000000 carry(z) over(z) under(z)

x1 = 0 11100110 01011001101111000111101, 230
01000000 00000000 00000000 00000000
11110100 00101100 11011110 00111101
11111111 10000000 00000000 00000000
zzzzzzzz zzzzzzzz zzzzzzzz zzzzzzzz
zzzzzzzz zzzzzzzz zzzzzzzz zzzzzzzz
zzzzzzzz zzzzzzzz zzzzzzzz zzzzzzzz
7.301389e-32 0  23 01111011000111000001110 0
-inf 1 255 00000000000000000000000 carry(z) over(z) under(z)

x1 = 1 00010101 00101001011111100110000,  21
01000000 00000000 00000000 00000000
01000000 10000000 00000000 00000000
01000001 00000000 00000000 00000000
zzzzzzzz zzzzzzzz zzzzzzzz zzzzzzzz
zzzzzzzz zzzzzzzz zzzzzzzz zzzzzzzz
zzzzzzzz zzzzzzzz zzzzzzzz zzzzzzzz
-6.981388e+31 1 232 10111000100101100110101 0
8.000000e+00 0 130 00000000000000000000000 carry(z) over(z) under(z)

x1 = 0 10110100 11011110010001000100000, 180
01000000 00000000 00000000 00000000
11011011 01101111 00100010 00100000
11111111 10000000 00000000 00000000
zzzzzzzz zzzzzzzz zzzzzzzz zzzzzzzz
zzzzzzzz zzzzzzzz zzzzzzzz zzzzzzzz
zzzzzzzz zzzzzzzz zzzzzzzz zzzzzzzz
5.942650e-17 0  73 00010010000011100110111 0
-inf 1 255 00000000000000000000000 carry(z) over(z) under(z)

x1 = 1 01000010 10111110001110011110101,  66
01000000 00000000 00000000 00000000
01000000 10000000 00000000 00000000
01000001 00000000 00000000 00000000
zzzzzzzz zzzzzzzz zzzzzzzz zzzzzzzz
zzzzzzzz zzzzzzzz zzzzzzzz zzzzzzzz
zzzzzzzz zzzzzzzz zzzzzzzz zzzzzzzz
-1.322862e+18 1 187 00100101101111000000001 0
8.000000e+00 0 130 00000000000000000000000 carry(z) over(z) under(z)

x1 = 1 00001011 11111101110110001101001,  11
01000000 00000000 00000000 00000000
01000000 10000000 00000000 00000000
01000001 00000000 00000000 00000000
zzzzzzzz zzzzzzzz zzzzzzzz zzzzzzzz
zzzzzzzz zzzzzzzz zzzzzzzz zzzzzzzz
zzzzzzzz zzzzzzzz zzzzzzzz zzzzzzzz
-4.171379e+34 1 242 00000001000101001100000 0
8.000000e+00 0 130 00000000000000000000000 carry(z) over(z) under(z)

x1 = 0 10011110 10101010000111001011111, 158
01000000 00000000 00000000 00000000
11010000 01010101 00001110 01011111
11110001 00010011 10010010 01001000
zzzzzzzz zzzzzzzz zzzzzzzz zzzzzzzz
zzzzzzzz zzzzzzzz zzzzzzzz zzzzzzzz
zzzzzzzz zzzzzzzz zzzzzzzz zzzzzzzz
2.797603e-10 0  95 00110011100110011000010 0
-7.307382e+29 1 226 00100111001001001001000 carry(z) over(z) under(z)

x1 = 0 01011001 00110010010001011110001,  89
01000000 00000000 00000000 00000000
01000000 10000000 00000000 00000000
01000001 00000000 00000000 00000000
zzzzzzzz zzzzzzzz zzzzzzzz zzzzzzzz
zzzzzzzz zzzzzzzz zzzzzzzz zzzzzzzz
zzzzzzzz zzzzzzzz zzzzzzzz zzzzzzzz
2.297583e+11 0 164 10101011111101010100011 0
8.000000e+00 0 130 00000000000000000000000 carry(z) over(z) under(z)

x1 = 0 11110010 01010111100101010100110, 242
01000000 00000000 00000000 00000000
11111010 00101011 11001010 10100110
11111111 10000000 00000000 00000000
zzzzzzzz zzzzzzzz zzzzzzzz zzzzzzzz
zzzzzzzz zzzzzzzz zzzzzzzz zzzzzzzz
zzzzzzzz zzzzzzzz zzzzzzzz zzzzzzzz
1.793736e-35 0  11 01111101011111000100100 0
-inf 1 255 00000000000000000000000 carry(z) over(z) under(z)

x1 = 0 10110011 11010011100110110001111, 179
01000000 00000000 00000000 00000000
11011010 11101001 11001101 10001111
11111111 10000000 00000000 00000000
zzzzzzzz zzzzzzzz zzzzzzzz zzzzzzzz
zzzzzzzz zzzzzzzz zzzzzzzz zzzzzzzz
zzzzzzzz zzzzzzzz zzzzzzzz zzzzzzzz
1.215627e-16 0  74 00011000010011011110111 0
-inf 1 255 00000000000000000000000 carry(z) over(z) under(z)

x1 = 0 00001110 00010000100010100010001,  14
01000000 00000000 00000000 00000000
01000000 10000000 00000000 00000000
01000001 00000000 00000000 00000000
zzzzzzzz zzzzzzzz zzzzzzzz zzzzzzzz
zzzzzzzz zzzzzzzz zzzzzzzz zzzzzzzz
zzzzzzzz zzzzzzzz zzzzzzzz zzzzzzzz
9.754385e+33 0 239 11100000111011011010011 0
8.000000e+00 0 130 00000000000000000000000 carry(z) over(z) under(z)

x1 = 1 00110101 00010101110011110011011,  53
01000000 00000000 00000000 00000000
01000000 10000000 00000000 00000000
01000001 00000000 00000000 00000000
zzzzzzzz zzzzzzzz zzzzzzzz zzzzzzzz
zzzzzzzz zzzzzzzz zzzzzzzz zzzzzzzz
zzzzzzzz zzzzzzzz zzzzzzzz zzzzzzzz
-1.740655e+22 1 200 11010111110011100011001 0
8.000000e+00 0 130 00000000000000000000000 carry(z) over(z) under(z)

x1 = 0 10111111 11010001011100111111000, 191
01000000 00000000 00000000 00000000
11100000 11101000 10111001 11111000
11111111 10000000 00000000 00000000
zzzzzzzz zzzzzzzz zzzzzzzz zzzzzzzz
zzzzzzzz zzzzzzzz zzzzzzzz zzzzzzzz
zzzzzzzz zzzzzzzz zzzzzzzz zzzzzzzz
2.981567e-20 0  62 00011001100110011101110 0
-inf 1 255 00000000000000000000000 carry(z) over(z) under(z)

x1 = 0 10101100 10111010101001101110000, 172
01000000 00000000 00000000 00000000
11010111 01011101 01010011 01110000
11111111 10000000 00000000 00000000
zzzzzzzz zzzzzzzz zzzzzzzz zzzzzzzz
zzzzzzzz zzzzzzzz zzzzzzzz zzzzzzzz
zzzzzzzz zzzzzzzz zzzzzzzz zzzzzzzz
1.643720e-14 0  81 00101000000110110011011 0
-inf 1 255 00000000000000000000000 carry(z) over(z) under(z)

x1 = 0 10001110 01001000000101010001100, 142
01000000 00000000 00000000 00000000
11001000 00100100 00001001 10001100
11011000 10000110 10110100 11010110
zzzzzzzz zzzzzzzz zzzzzzzz zzzzzzzz
zzzzzzzz zzzzzzzz zzzzzzzz zzzzzzzz
zzzzzzzz zzzzzzzz zzzzzzzz zzzzzzzz
2.381262e-05 0 111 10001111100000100110100 0
-1.184890e+15 1 177 00001101011010011010110 carry(z) over(z) under(z)

x1 = 0 10110010 00101001000010010011110, 178
01000000 00000000 00000000 00000000
11011010 00010100 10000100 10011110
11111111 10000000 00000000 00000000
zzzzzzzz zzzzzzzz zzzzzzzz zzzzzzzz
zzzzzzzz zzzzzzzz zzzzzzzz zzzzzzzz
zzzzzzzz zzzzzzzz zzzzzzzz zzzzzzzz
3.827375e-16 0  75 10111001010001000010101 0
-inf 1 255 00000000000000000000000 carry(z) over(z) under(z)

x1 = 0 01100000 10001110010000011111111,  96
01000000 00000000 00000000 00000000
01000000 10000000 00000000 00000000
01000001 00000000 00000000 00000000
zzzzzzzz zzzzzzzz zzzzzzzz zzzzzzzz
zzzzzzzz zzzzzzzz zzzzzzzz zzzzzzzz
zzzzzzzz zzzzzzzz zzzzzzzz zzzzzzzz
1.380402e+09 0 157 01001001000111010000110 0
8.000000e+00 0 130 00000000000000000000000 carry(z) over(z) under(z)

x1 = 0 10011100 01011000100111110011110, 156
01000000 00000000 00000000 00000000
11001111 00101100 01001111 10011110
11101101 10011100 00100001 10001000
zzzzzzzz zzzzzzzz zzzzzzzz zzzzzzzz
zzzzzzzz zzzzzzzz zzzzzzzz zzzzzzzz
zzzzzzzz zzzzzzzz zzzzzzzz zzzzzzzz
1.383653e-09 0  97 01111100010101011110011 0
-6.040025e+27 1 219 00111000010000110001000 carry(z) over(z) under(z)

x1 = 0 11100111 00111110110110000111001, 231
01000000 00000000 00000000 00000000
11110100 10011111 01101100 00111001
11111111 10000000 00000000 00000000
zzzzzzzz zzzzzzzz zzzzzzzz zzzzzzzz
zzzzzzzz zzzzzzzz zzzzzzzz zzzzzzzz
zzzzzzzz zzzzzzzz zzzzzzzz zzzzzzzz
3.958586e-32 0  22 10011011000101010100100 0
-inf 1 255 00000000000000000000000 carry(z) over(z) under(z)

x1 = 0 00100000 01011111101101011110111,  32
01000000 00000000 00000000 00000000
01000000 10000000 00000000 00000000
01000001 00000000 00000000 00000000
zzzzzzzz zzzzzzzz zzzzzzzz zzzzzzzz
zzzzzzzz zzzzzzzz zzzzzzzz zzzzzzzz
zzzzzzzz zzzzzzzz zzzzzzzz zzzzzzzz
2.883394e+28 0 221 01110100101010111000001 0
8.000000e+00 0 130 00000000000000000000000 carry(z) over(z) under(z)

x1 = 0 01001001 00010011010001100001110,  73
01000000 00000000 00000000 00000000
01000000 10000000 00000000 00000000
01000001 00000000 00000000 00000000
zzzzzzzz zzzzzzzz zzzzzzzz zzzzzzzz
zzzzzzzz zzzzzzzz zzzzzzzz zzzzzzzz
zzzzzzzz zzzzzzzz zzzzzzzz zzzzzzzz
1.675308e+16 0 180 11011100001001101011101 0
8.000000e+00 0 130 00000000000000000000000 carry(z) over(z) under(z)

x1 = 0 01110101 10000110111011011000101, 117
01000000 00000000 00000000 00000000
01000000 01111111 10011110 01000101
01000000 11111110 11011011 01100100
zzzzzzzz zzzzzzzz zzzzzzzz zzzzzzzz
zzzzzzzz zzzzzzzz zzzzzzzz zzzzzzzz
zzzzzzzz zzzzzzzz zzzzzzzz zzzzzzzz
6.705687e+02 0 136 01001111010010001100101 0
7.964281e+00 0 129 11111101101101101100100 carry(z) over(z) under(z)

x1 = 0 11010010 10001000101111110010101, 210
01000000 00000000 00000000 00000000
11101010 01000100 01011111 10010101
11111111 10000000 00000000 00000000
zzzzzzzz zzzzzzzz zzzzzzzz zzzzzzzz
zzzzzzzz zzzzzzzz zzzzzzzz zzzzzzzz
zzzzzzzz zzzzzzzz zzzzzzzz zzzzzzzz
6.739656e-26 0  43 01001101101110110100101 0
-inf 1 255 00000000000000000000000 carry(z) over(z) under(z)

x1 = 0 10101001 10100001100010000001110, 169
01000000 00000000 00000000 00000000
11010101 11010000 11000100 00001110
11111111 10000000 00000000 00000000
zzzzzzzz zzzzzzzz zzzzzzzz zzzzzzzz
zzzzzzzz zzzzzzzz zzzzzzzz zzzzzzzz
zzzzzzzz zzzzzzzz zzzzzzzz zzzzzzzz
1.394090e-13 0  84 00111001111010111100110 0
-inf 1 255 00000000000000000000000 carry(z) over(z) under(z)

x1 = 0 00010001 11011111100011001100011,  17
01000000 00000000 00000000 00000000
01000000 10000000 00000000 00000000
01000001 00000000 00000000 00000000
zzzzzzzz zzzzzzzz zzzzzzzz zzzzzzzz
zzzzzzzz zzzzzzzz zzzzzzzz zzzzzzzz
zzzzzzzz zzzzzzzz zzzzzzzz zzzzzzzz
6.929560e+32 0 236 00010001010100101010111 0
8.000000e+00 0 130 00000000000000000000000 carry(z) over(z) under(z)

x1 = 0 10111001 11000111100101111001110, 185
01000000 00000000 00000000 00000000
11011101 11100011 11001011 11001110
11111111 10000000 00000000 00000000
zzzzzzzz zzzzzzzz zzzzzzzz zzzzzzzz
zzzzzzzz zzzzzzzz zzzzzzzz zzzzzzzz
zzzzzzzz zzzzzzzz zzzzzzzz zzzzzzzz
1.949503e-18 0  68 00011111101100100010010 0
-inf 1 255 00000000000000000000000 carry(z) over(z) under(z)

x1 = 0 11001010 00000001001111100000101, 202
01000000 00000000 00000000 00000000
11100110 00000000 10011111 00000101
11111111 10000000 00000000 00000000
zzzzzzzz zzzzzzzz zzzzzzzz zzzzzzzz
zzzzzzzz zzzzzzzz zzzzzzzz zzzzzzzz
zzzzzzzz zzzzzzzz zzzzzzzz zzzzzzzz
2.634195e-23 0  51 11111101100001101111111 0
-inf 1 255 00000000000000000000000 carry(z) over(z) under(z)

x1 = 1 01011010 11110010110100101110010,  90
01000000 00000000 00000000 00000000
01000000 10000000 00000000 00000000
01000001 00000000 00000000 00000000
zzzzzzzz zzzzzzzz zzzzzzzz zzzzzzzz
zzzzzzzz zzzzzzzz zzzzzzzz zzzzzzzz
zzzzzzzz zzzzzzzz zzzzzzzz zzzzzzzz
-7.053467e+10 1 163 00000110110000110001101 0
8.000000e+00 0 130 00000000000000000000000 carry(z) over(z) under(z)

x1 = 1 00101111 01001110100001010010100,  47
01000000 00000000 00000000 00000000
01000000 10000000 00000000 00000000
01000001 00000000 00000000 00000000
zzzzzzzz zzzzzzzz zzzzzzzz zzzzzzzz
zzzzzzzz zzzzzzzz zzzzzzzz zzzzzzzz
zzzzzzzz zzzzzzzz zzzzzzzz zzzzzzzz
-9.251611e+23 1 206 10000111110100100010101 0
8.000000e+00 0 130 00000000000000000000000 carry(z) over(z) under(z)

x1 = 0 10011100 10001001111111010011011, 156
01000000 00000000 00000000 00000000
11001111 01000100 11111110 10011011
11101101 11101001 01001100 10000110
zzzzzzzz zzzzzzzz zzzzzzzz zzzzzzzz
zzzzzzzz zzzzzzzz zzzzzzzz zzzzzzzz
zzzzzzzz zzzzzzzz zzzzzzzz zzzzzzzz
1.210280e-09 0  97 01001100101011011110010 0
-9.025315e+27 1 219 11010010100110010000110 carry(z) over(z) under(z)

x1 = 1 00000100 10010100010110110000000,   4
01000000 00000000 00000000 00000000
01000000 10000000 00000000 00000000
01000001 00000000 00000000 00000000
zzzzzzzz zzzzzzzz zzzzzzzz zzzzzzzz
zzzzzzzz zzzzzzzz zzzzzzzz zzzzzzzz
zzzzzzzz zzzzzzzz zzzzzzzz zzzzzzzz
-6.732341e+36 1 249 01000100001001101000001 0
8.000000e+00 0 130 00000000000000000000000 carry(z) over(z) under(z)

x1 = 0 01000001 00101110000100011110111,  65
01000000 00000000 00000000 00000000
01000000 10000000 00000000 00000000
01000001 00000000 00000000 00000000
zzzzzzzz zzzzzzzz zzzzzzzz zzzzzzzz
zzzzzzzz zzzzzzzz zzzzzzzz zzzzzzzz
zzzzzzzz zzzzzzzz zzzzzzzz zzzzzzzz
3.908337e+18 0 188 10110001111010011010001 0
8.000000e+00 0 130 00000000000000000000000 carry(z) over(z) under(z)

x1 = 0 01010110 01010001100101001101001,  86
01000000 00000000 00000000 00000000
01000000 10000000 00000000 00000000
01000001 00000000 00000000 00000000
zzzzzzzz zzzzzzzz zzzzzzzz zzzzzzzz
zzzzzzzz zzzzzzzz zzzzzzzz zzzzzzzz
zzzzzzzz zzzzzzzz zzzzzzzz zzzzzzzz
1.667598e+12 0 167 10000100010001001001011 0
8.000000e+00 0 130 00000000000000000000000 carry(z) over(z) under(z)

end of checking module fadd
exit
INFO: [Common 17-206] Exiting xsim at Sun Oct 20 02:50:54 2019...
