#-----------------------------------------------------------
# xsim v2018.3 (64-bit)
# SW Build 2405991 on Thu Dec  6 23:38:27 MST 2018
# IP Build 2404404 on Fri Dec  7 01:43:56 MST 2018
# Start of session at: Sat Oct 19 15:54:08 2019
# Process ID: 13668
# Current directory: C:/Users/tkodera/Desktop/CPU/Fpu
# Command line: xsim.exe -mode tcl -source {xsim.dir/fadd_testbench.sim/xsim_script.tcl}
# Log file: C:/Users/tkodera/Desktop/CPU/Fpu/xsim.log
# Journal file: C:/Users/tkodera/Desktop/CPU/Fpu\xsim.jou
#-----------------------------------------------------------
source xsim.dir/fadd_testbench.sim/xsim_script.tcl
# xsim {fadd_testbench.sim} -autoloadwcfg -runall
Vivado Simulator 2018.3
Time resolution is 100 ps
run -all
start of checking module fadd
difference message format
x1 = [input 1(bit)], [exponent 1(decimal)]
x2 = [input 2(bit)], [exponent 2(decimal)]
ref. : result(float) sign(bit),exponent(decimal),mantissa(bit) overflow(bit)
fadd : result(float) sign(bit),exponent(decimal),mantissa(bit) overflow(bit)
x1 = 1 00000000 10000000010010110101011,   0
x2 = 1 00001000 10100001000011111110110,   8
-5.890984e-39 + -2.451271e-36 = -2.457162e-36
00000000000000000000000000000011010010000010000100000101
00000000110000000010010110101011000000000000000000000000
ulp(1) G(0) R(1) S(01011000000000000000000000000)
-2.457162e-36 1,  8,10100010000100001000001 0
-2.480672e-36 1,  8,10100110000100001000001 0

x1 = 1 00011010 10010100101100111111011,  26
x2 = 1 00000000 01111000000011111110000,   0
-6.235437e-31 + -5.512977e-39 = -6.235437e-31
00000000000000000000000000000011001010010110011111101101
00000000000000000000000000101111000000011111110000000000
ulp(1) G(0) R(1) S(01111000000011111110000000000)
-6.235437e-31 1, 26,10010100101100111111011 0
-4.263284e-31 1, 26,00010100101100111111011 0

x1 = 0 00000000 10001110110110100011110,   0
x2 = 1 00001011 00110000001000001100100,  11
6.559464e-39 + -1.430003e-35 = -1.429347e-35
00000000000000000000000000000010010111110111101000100011
00000000000110001110110110100011110000000000000000000000
ulp(0) G(1) R(1) S(00011110000000000000000000000)
-1.429347e-35 1, 11,00101111111111010001001 0
-1.426996e-35 1, 11,00101111011111010001001 0

x1 = 0 00000111 10010101010010110110001,   7
x2 = 1 00000000 01010101001001010000010,   0
1.191053e-36 + -3.909648e-39 = 1.187144e-36
00000000000000000000000000000011000111111110110110011100
00000001010101010010010100000100000000000000000000000000
ulp(1) G(0) R(0) S(00100000000000000000000000000)
1.187144e-36 0,  7,10010011111101101100111 0
1.163634e-36 0,  7,10001011111101101100111 0

x1 = 0 00000000 01000101100110001111010,   0
x2 = 0 00001110 10101000011001000111001,  14
3.195759e-39 + 1.596387e-34 = 1.596419e-34
00000000000000000000000000000011010100001101110100111101
00000000000000101000101100110001111010000000000000000000
ulp(1) G(0) R(1) S(10001111010000000000000000000)
1.596419e-34 0, 14,10101000011001101001111 0
1.596654e-34 0, 14,10101000011101101001111 0

x1 = 1 00000000 01001011011000100010011,   0
x2 = 1 00010111 10101000101000011000100,  23
-3.461436e-39 + -8.178095e-32 = -8.178096e-32
00000000000000000000000000000011010100010100001100011010
00000000000000000000000101001011011000100010011000000000
ulp(0) G(1) R(0) S(01011011000100010011000000000)
-8.178096e-32 1, 23,10101000101000011000101 0
-8.178098e-32 1, 23,10101000101000011001001 0

end of checking module fadd
exit
INFO: [Common 17-206] Exiting xsim at Sat Oct 19 15:54:17 2019...
