#-----------------------------------------------------------
# xsim v2018.3 (64-bit)
# SW Build 2405991 on Thu Dec  6 23:38:27 MST 2018
# IP Build 2404404 on Fri Dec  7 01:43:56 MST 2018
# Start of session at: Mon Oct 14 17:38:58 2019
# Process ID: 1408
# Current directory: C:/Users/tkodera/Desktop/CPU/Fpu
# Command line: xsim.exe -mode tcl -source {xsim.dir/fdiv_testbench.sim/xsim_script.tcl}
# Log file: C:/Users/tkodera/Desktop/CPU/Fpu/xsim.log
# Journal file: C:/Users/tkodera/Desktop/CPU/Fpu\xsim.jou
#-----------------------------------------------------------
source xsim.dir/fdiv_testbench.sim/xsim_script.tcl
# xsim {fdiv_testbench.sim} -autoloadwcfg -runall
Vivado Simulator 2018.3
Time resolution is 100 ps
run -all
start of checking module fadd
difference message format
x1 = [input 1(bit)], [exponent 1(decimal)]
x2 = [input 2(bit)], [exponent 2(decimal)]
ref. : result(float) sign(bit),exponent(decimal),mantissa(bit) overflow(bit)
fdiv : result(float) sign(bit),exponent(decimal),mantissa(bit) overflow(bit)
x1 = 0 11000111 01000011111100111100011, 199
x2 = 0 10110001 01110000000100100001011, 177
101000011111100111100011000 00000000000000000000000
000000000000000000000000111 00001010100001001100001
y = 0 148 00001010100001001100000 carry(0) over(0) under(0)
5.975864e+21 / 1.618792e+15 = 2.183320e+06
fy(correct) = 0,148,11000010101000010011000 0
5.975864e+21 / 1.618792e+15 = 3.691558e+06

x1 = 1 01101110 01010100001101111010100, 110
x2 = 0 01001100 00111000010111111110110,  76
101010100001101111010100000 00000000000000000000000
000000000000000000000001000 10110110100010110000111
y = 1 161 00010110110100010110000 carry(1) over(0) under(0)
-1.013927e-05 / 5.418837e-16 = -1.871115e+10
fy(correct) = 1,161,00010110110100010110001 0
-1.013927e-05 / 5.418837e-16 = -1.871115e+10

x1 = 1 00010011 11000010011000111000101,  19
x2 = 0 01001001 11111010110001011000001,  73
111000010011000111000101000 00000000000000000000000
000000000000000000000000111 00011100001001000111001
y = 1  72 00011100001001000111000 carry(0) over(0) under(0)
-5.421358e-33 / 1.098886e-16 = -3.080677e-17
fy(correct) = 1, 72,11000111000010010001110 0
-5.421358e-33 / 1.098886e-16 = -4.933506e-17

x1 = 0 11101011 00101101111100001000011, 235
x2 = 0 11011011 00000110010101110101000, 219
100101101111100001000011000 00000000000000000000000
000000000000000000000001001 00110101001000010111100
y = 0 143 00100110101001000010111 carry(1) over(0) under(0)
3.827538e+32 / 5.074414e+27 = 7.542818e+04
fy(correct) = 0,143,00100110101001000011000 0
3.827538e+32 / 5.074414e+27 = 7.542818e+04

x1 = 0 11111011 01101010110101111001101, 251
x2 = 1 01011001 10000010001010000010111,  89
101101010110101111001101000 00000000000000000000000
000000000000000000000000111 10000100010110010110001
y = 1  32 10000100010110010110000 carry(0) over(0) under(0)
3.014375e+37 / -5.487620e-12 = -3.829418e-29
fy(correct) = 1,255,00000000000000000000000 0
3.014375e+37 / -5.487620e-12 = -5.493046e+48

x1 = 1 00100111 00111110101101110011111,  39
x2 = 1 00001111 00101101001110110010010,  15
100111110101101110011111000 00000000000000000000000
000000000000000000000001000 01110110110111111111101
y = 0 151 00001110110110111111111 carry(1) over(0) under(0)
-4.022759e-27 / -2.266210e-34 = 1.775104e+07
fy(correct) = 0,151,00001110110111000000000 0
-4.022759e-27 / -2.266210e-34 = 1.775104e+07

x1 = 0 10100011 01111100111011011011000, 163
x2 = 1 00010010 01101100101001111100010,  18
101111100111011011011000000 00000000000000000000000
000000000000000000000001000 01011011011001001110100
y = 1  16 00001011011011001001111 carry(1) over(0) under(0)
1.022547e+11 / -2.194689e-33 = -4.023753e-34
fy(correct) = 1,255,00000000000000000000000 0
1.022547e+11 / -2.194689e-33 = -4.659188e+43

x1 = 0 11101010 00110011100100100111010, 234
x2 = 0 10011110 11100111110001010100101, 158
100110011100100100111010000 00000000000000000000000
000000000000000000000000101 00001011011001101011011
y = 0 202 00001011011001101011011 carry(0) over(0) under(0)
1.949470e+32 / 4.091717e+09 = 3.946145e+22
fy(correct) = 0,202,01000010110110011010111 0
1.949470e+32 / 4.091717e+09 = 4.764430e+22

x1 = 1 01101011 11101110110011111111001, 107
x2 = 0 00010001 01110010010010011011001,  17
111101110110011111111001000 00000000000000000000000
000000000000000000000001010 10110000101110010011111
y = 1 217 01010110000101110010011 carry(1) over(0) under(0)
-1.843319e-06 / 1.114295e-33 = -1.654248e+27
fy(correct) = 1,217,01010110000101110010100 0
-1.843319e-06 / 1.114295e-33 = -1.654248e+27

x1 = 0 10101110 00010101000000000110111, 174
x2 = 0 00001111 01101011101111011010001,  15
100010101000000000110111000 00000000000000000000000
000000000000000000000000110 00010111101000000010111
y = 0  29 00010111101000000010111 carry(0) over(0) under(0)
1.522833e+14 / 2.736481e-34 = 3.446653e-30
fy(correct) = 0,255,00000000000000000000000 0
1.522833e+14 / 2.736481e-34 = 5.564931e+47

x1 = 0 00100011 11011110111100010111011,  35
x2 = 0 10011000 01001000100100101110010, 152
111011110111100010111011000 00000000000000000000000
000000000000000000000001011 10101001010000001001101
y = 0  10 01110101001010000001001 carry(1) over(0) under(0)
3.778196e-28 / 4.306682e+07 = 8.772868e-36
fy(correct) = 0, 10,01110101001010000001010 0
3.778196e-28 / 4.306682e+07 = 8.772868e-36

x1 = 0 10101110 01010011100000101110111, 174
x2 = 0 10001111 11001101110000010110100, 143
101010011100000101110111000 00000000000000000000000
000000000000000000000000101 11100001110100010011111
y = 0 157 11100001110100010011111 carry(0) over(0) under(0)
1.866484e+14 / 1.182094e+05 = 2.020888e+09
fy(correct) = 0,157,01111000011101000101000 0
1.866484e+14 / 1.182094e+05 = 1.578964e+09

x1 = 0 10101001 10111010110111001001011, 169
x2 = 0 01011100 01101000100000110101110,  92
110111010110111001001011000 00000000000000000000000
000000000000000000000001001 11010011110011100000111
y = 0 204 00111010011110011100000 carry(1) over(0) under(0)
7.608305e+12 / 4.098560e-11 = 1.856336e+23
fy(correct) = 0,204,00111010011110011100001 0
7.608305e+12 / 4.098560e-11 = 1.856336e+23

x1 = 0 10011111 00111001011111110000110, 159
x2 = 0 11001101 10011001110011100000111, 205
100111001011111110000110000 00000000000000000000000
000000000000000000000000110 00011110101100101001100
y = 0  80 00011110101100101001101 carry(0) over(0) under(0)
5.259595e+09 / 4.838122e+23 = 7.957459e-15
fy(correct) = 0, 80,10000111101011001010011 0
5.259595e+09 / 4.838122e+23 = 1.087115e-14

x1 = 0 11110100 10110001000101100100000, 244
x2 = 1 01001101 10001101000000011111101,  77
110110001000101100100000000 00000000000000000000000
000000000000000000000001000 10111010000111100010010
y = 1  38 00010111010000111100010 carry(1) over(0) under(0)
2.810895e+35 / -1.377397e-15 = -1.762408e-27
fy(correct) = 1,255,00000000000000000000000 0
2.810895e+35 / -1.377397e-15 = -2.040729e+50

x1 = 0 01011101 01100111100011110111011,  93
x2 = 0 10011110 01101011111100101101100, 158
101100111100011110111011000 00000000000000000000000
000000000000000000000000111 11100111010011101000100
y = 0  61 11100111010011101000101 carry(0) over(0) under(0)
8.175457e-11 / 3.053022e+09 = 2.579781e-20
fy(correct) = 0, 61,11111001110100111010001 0
8.175457e-11 / 3.053022e+09 = 2.677824e-20

x1 = 0 10101001 11110101100001010101011, 169
x2 = 0 11111100 10100001000011101000001, 252
111110101100001010101011000 00000000000000000000000
000000000000000000000001001 10011110110001010010001
y = 0  44 00110011110110001010010 carry(1) over(0) under(0)
8.616062e+12 / 6.929543e+37 = 1.243381e-25
fy(correct) = 0, 44,00110011110110001010010 0
8.616062e+12 / 6.929543e+37 = 1.243381e-25

x1 = 1 01101100 00000101110000001110011, 108
x2 = 0 10011110 10100110100110111001100, 158
100000101110000001110011000 00000000000000000000000
000000000000000000000000100 11110100011110111110001
y = 1  76 11110100011110111110000 carry(0) over(0) under(0)
-1.950216e-06 / 3.545091e+09 = -8.682011e-16
fy(correct) = 1, 76,00111101000111101111100 0
-1.950216e-06 / 3.545091e+09 = -5.501172e-16

x1 = 0 01001010 00101110000100000111110,  74
x2 = 0 11001001 01101101010100000101110, 201
100101110000100000111110000 00000000000000000000000
000000000000000000000000110 10011101011010100001111
y = 0 255 10011101011010100001111 carry(0) over(0) under(0)
1.309995e-16 / 2.695541e+22 = nan
fy(correct) = 0,  0,01101001110101101010001 0
1.309995e-16 / 2.695541e+22 = 4.859861e-39

x1 = 1 00111101 00010010100011100111000,  61
x2 = 0 11110100 00100011100101011101010, 244
100010010100011100111000000 00000000000000000000000
000000000000000000000000111 10001000011001010000111
y = 1 199 10001000011001010000111 carry(0) over(0) under(0)
-1.453489e-20 / 1.892497e+35 = -7.238405e+21
fy(correct) = 1,  0,00000000000000000000000 0
-1.453489e-20 / 1.892497e+35 = -7.680275e-56

x1 = 0 11000110 00001110010111101110000, 198
x2 = 0 10101001 00011000010011110101011, 169
100001110010111101110000000 00000000000000000000000
000000000000000000000000111 10110111011000011010100
y = 0 155 10110111011000011010101 carry(0) over(0) under(0)
2.493729e+21 / 4.815688e+12 = 4.607249e+08
fy(correct) = 0,155,11101101110110000110101 0
2.493729e+21 / 4.815688e+12 = 5.178344e+08

x1 = 0 10010010 11001010001100010110110, 146
x2 = 0 00010000 00111100011011110101110,  16
111001010001100010110110000 00000000000000000000000
000000000000000000000001011 10010101011110010000100
y = 0   1 01110010101011110010000 carry(1) over(0) under(0)
9.383794e+05 / 4.761185e-34 = 1.702098e-38
fy(correct) = 0,255,00000000000000000000000 0
9.383794e+05 / 4.761185e-34 = 1.970895e+39

x1 = 0 01110010 10000101100111111011001, 114
x2 = 0 11001111 11011100101111111101110, 207
110000101100111111011001000 00000000000000000000000
000000000000000000000000110 10001001101110101011100
y = 0  33 10001001101110101011101 carry(0) over(0) under(0)
1.857871e-04 / 2.251386e+24 = 7.764943e-29
fy(correct) = 0, 33,10100010011011101010111 0
1.857871e-04 / 2.251386e+24 = 8.252123e-29

x1 = 0 00000100 01100000000001010011000,   4
x2 = 0 00111000 10010011111111101001001,  56
101100000000001010011000000 00000000000000000000000
000000000000000000000000110 11111000100001011111111
y = 0  74 11111000100001011111111 carry(0) over(0) under(0)
1.293118e-37 / 6.683527e-22 = 2.188021e-16
fy(correct) = 0, 74,10111110001000011000000 0
1.293118e-37 / 6.683527e-22 = 1.934784e-16

x1 = 1 01111000 11110101000011110011001, 120
x2 = 0 10010111 00101010001101101001110, 151
111110101000011110011001000 00000000000000000000000
000000000000000000000001101 01110001000011110000110
y = 1  96 10101110001000011110000 carry(1) over(0) under(0)
-1.529112e-02 / 1.954371e+07 = -7.824061e-10
fy(correct) = 1, 96,10101110001000011110001 0
-1.529112e-02 / 1.954371e+07 = -7.824062e-10

x1 = 1 01001000 11010000011011011111000,  72
x2 = 0 11101011 01111010101011101110010, 235
111010000011011011111000000 00000000000000000000000
000000000000000000000001001 11001111101110111111101
y = 1 220 00111001111101110111111 carry(1) over(0) under(0)
-5.035354e-17 / 4.800379e+32 = -1.214600e+28
fy(correct) = 1,  0,00000000000000000000000 0
-5.035354e-17 / 4.800379e+32 = -1.048949e-49

x1 = 0 01100111 00000110111101100111100, 103
x2 = 0 01001101 00110000011100110010000,  77
100000110111101100111100000 00000000000000000000000
000000000000000000000000110 11101000111011000000000
y = 0 152 11101000111011000000000 carry(0) over(0) under(0)
6.122579e-08 / 1.056272e-15 = 6.408397e+07
fy(correct) = 0,152,10111010001110110000000 0
6.122579e-08 / 1.056272e-15 = 5.796403e+07

x1 = 1 00100100 00001110101011010111100,  36
x2 = 0 11011111 11111100000001011010101, 223
100001110101011010111100000 00000000000000000000000
000000000000000000000000100 01000011001100000010111
y = 1 195 01000011001100000010111 carry(0) over(0) under(0)
-4.270540e-28 / 1.572252e+29 = -3.726106e+20
fy(correct) = 1,  0,00000000000000000000000 0
-4.270540e-28 / 1.572252e+29 = -2.716192e-57

x1 = 0 11100100 01011010101010011011111, 228
x2 = 1 01101100 11011111000110110110100, 108
101011010101010011011111000 00000000000000000000000
000000000000000000000000101 11001001110110100011011
y = 1 246 11001001110110100011011 carry(0) over(0) under(0)
3.433185e+30 / -3.569626e-06 = -1.188653e+36
fy(correct) = 1,246,01110010011101101000111 0
3.433185e+30 / -3.569626e-06 = -9.617772e+35

x1 = 0 11001011 01110110101101001001000, 203
x2 = 0 01001011 01100001101000000011011,  75
101110110101101001001000000 00000000000000000000000
000000000000000000000001000 01111010000101001001101
y = 0 255 00001111010000101001001 carry(1) over(0) under(0)
1.105935e+23 / 3.067215e-16 = nan
fy(correct) = 0,255,00000000000000000000000 0
1.105935e+23 / 3.067215e-16 = 3.605665e+38

x1 = 0 10111010 00001111100011101000100, 186
x2 = 0 11101111 10000101011000100000100, 239
100001111100011101000100000 00000000000000000000000
000000000000000000000000101 10010100010001111111000
y = 0  73 10010100010001111111000 carry(0) over(0) under(0)
6.114915e+17 / 7.897624e+33 = 8.766447e-17
fy(correct) = 0, 73,01100101000100011111110 0
6.114915e+17 / 7.897624e+33 = 7.742727e-17

x1 = 1 00101011 01011101101001011110001,  43
x2 = 0 10011110 01101010001110000100011, 158
101011101101001011110001000 00000000000000000000000
000000000000000000000000111 10111000111010110010001
y = 1  11 10111000111010110010000 carry(0) over(0) under(0)
-7.061085e-26 / 3.038520e+09 = -2.073189e-35
fy(correct) = 1, 11,11101110001110101100100 0
-7.061085e-26 / 3.038520e+09 = -2.323857e-35

x1 = 1 01011100 01100100011111010111000,  92
x2 = 0 11110110 11010100010110100111001, 246
101100100011111010111000000 00000000000000000000000
000000000000000000000000110 00010110110110010000011
y = 1 228 00010110110110010000010 carry(0) over(0) under(0)
-4.052822e-11 / 1.215915e+36 = -2.761574e+30
fy(correct) = 1,  0,00000000000000000000000 0
-4.052822e-11 / 1.215915e+36 = -3.333147e-47

x1 = 0 11101001 11001011110110000111111, 233
x2 = 0 00010110 01110100000010111111100,  22
111001011110110000111111000 00000000000000000000000
000000000000000000000001001 11100011010011100010101
y = 0  82 00111100011010011100011 carry(1) over(0) under(0)
1.457309e+32 / 3.582680e-32 = 3.512892e-14
fy(correct) = 0,255,00000000000000000000000 0
1.457309e+32 / 3.582680e-32 = 4.067651e+63

x1 = 0 11100110 01011001101111000111101, 230
x2 = 1 00010101 00101001011111100110000,  21
101011001101111000111101000 00000000000000000000000
000000000000000000000001001 01001100000111000101010
y = 1  80 00101001100000111000101 carry(1) over(0) under(0)
1.369602e+31 / -1.432380e-32 = -8.257667e-15
fy(correct) = 1,255,00000000000000000000000 0
1.369602e+31 / -1.432380e-32 = -9.561726e+62

x1 = 0 10110100 11011110010001000100000, 180
x2 = 1 01000010 10111110001110011110101,  66
111011110010001000100000000 00000000000000000000000
000000000000000000000001000 10010011000011010111000
y = 1 241 00010010011000011010111 carry(1) over(0) under(0)
1.682751e+16 / -7.559366e-19 = -2.226048e+34
fy(correct) = 1,241,00010010011000011010111 0
1.682751e+16 / -7.559366e-19 = -2.226048e+34

x1 = 1 00001011 11111101110110001101001,  11
x2 = 0 10011110 10101010000111001011111, 158
111111101110110001101001000 00000000000000000000000
000000000000000000000001001 10010010011100110000101
y = 1 236 00110010010011100110000 carry(1) over(0) under(0)
-2.397289e-35 / 3.574489e+09 = -7.765784e+32
fy(correct) = 1,  0,00000000000000000000101 0
-2.397289e-35 / 3.574489e+09 = -6.706662e-45

x1 = 0 01011001 00110010010001011110001,  89
x2 = 0 11110010 01010111100101010100110, 242
100110010010001011110001000 00000000000000000000000
000000000000000000000000111 00100001100110101100100
y = 0 229 00100001100110101100101 carry(0) over(0) under(0)
4.352401e-12 / 5.574956e+34 = 5.736211e+30
fy(correct) = 0,  0,00000000000000000000000 0
4.352401e-12 / 5.574956e+34 = 7.807059e-47

x1 = 0 10110011 11010011100110110001111, 179
x2 = 0 00001110 00010000100010100010001,  14
111010011100110110001111000 00000000000000000000000
000000000000000000000001101 10111001110100111011010
y = 0  36 10110111001110100111011 carry(1) over(0) under(0)
8.226210e+15 / 1.025180e-34 = 6.929802e-28
fy(correct) = 0,255,00000000000000000000000 0
8.226210e+15 / 1.025180e-34 = 8.024162e+49

x1 = 1 00110101 00010101110011110011011,  53
x2 = 0 10111111 11010001011100111111000, 191
100010101110011110011011000 00000000000000000000000
000000000000000000000000100 11000110010111011010010
y = 1 244 11000110010111011010010 carry(0) over(0) under(0)
-5.744964e-23 / 3.353941e+19 = -2.949003e+35
fy(correct) = 1,  0,00000000000010011000110 0
-5.744964e-23 / 3.353941e+19 = -1.712899e-42

x1 = 0 10101100 10111010101001101110000, 172
x2 = 0 10001110 01001000000101010001100, 142
110111010101001101110000000 00000000000000000000000
000000000000000000000001010 11001011001011100100110
y = 0 157 01011001011001011100100 carry(1) over(0) under(0)
6.083761e+13 / 4.199455e+04 = 1.448702e+09
fy(correct) = 0,157,01011001011001011100101 0
6.083761e+13 / 4.199455e+04 = 1.448703e+09

x1 = 0 10110010 00101001000010010011110, 178
x2 = 0 01100000 10001110010000011111111,  96
100101001000010010011110000 00000000000000000000000
000000000000000000000000101 11110111011110100100100
y = 0 208 11110111011110100100101 carry(0) over(0) under(0)
2.612757e+15 / 7.244267e-10 = 4.755212e+24
fy(correct) = 0,208,01111101110111101001001 0
2.612757e+15 / 7.244267e-10 = 3.606655e+24

x1 = 0 10011100 01011000100111110011110, 156
x2 = 0 11100111 00111110110110000111001, 231
101011000100111110011110000 00000000000000000000000
000000000000000000000001000 10100101100100010010101
y = 0  52 00010100101100100010011 carry(1) over(0) under(0)
7.227247e+08 / 2.526154e+31 = 2.860968e-23
fy(correct) = 0, 52,00010100101100100010011 0
7.227247e+08 / 2.526154e+31 = 2.860968e-23

x1 = 0 00100000 01011111101101011110111,  32
x2 = 0 01001001 00010011010001100001110,  73
101011111101101011110111000 00000000000000000000000
000000000000000000000001010 00111000101011011110100
y = 0  86 01000111000101011011111 carry(1) over(0) under(0)
3.468135e-29 / 5.969050e-17 = 5.810196e-13
fy(correct) = 0, 86,01000111000101011011111 0
3.468135e-29 / 5.969050e-17 = 5.810195e-13

x1 = 0 01110101 10000110111011011000101, 117
x2 = 0 11010010 10001000101111110010101, 210
110000110111011011000101000 00000000000000000000000
000000000000000000000000111 11110110100000111111100
y = 0  33 11110110100000111111101 carry(0) over(0) under(0)
1.491272e-03 / 1.483755e+25 = 9.910371e-29
fy(correct) = 0, 33,11111101101000001111111 0
1.491272e-03 / 1.483755e+25 = 1.005066e-28

x1 = 0 10101001 10100001100010000001110, 169
x2 = 0 00010001 11011111100011001100011,  17
110100001100010000001110000 00000000000000000000000
000000000000000000000000110 11110111001000111111110
y = 0  22 11110111001000111111111 carry(0) over(0) under(0)
7.173140e+12 / 1.443093e-33 = 4.845068e-32
fy(correct) = 0,255,00000000000000000000000 0
7.173140e+12 / 1.443093e-33 = 4.970670e+45

x1 = 0 10111001 11000111100101111001110, 185
x2 = 0 11001010 00000001001111100000101, 202
111000111100101111001110000 00000000000000000000000
000000000000000000000001110 00101011001000101011110
y = 0 110 11000101011001000101011 carry(1) over(0) under(0)
5.129512e+17 / 3.796227e+22 = 1.351213e-05
fy(correct) = 0,110,11000101011001000101100 0
5.129512e+17 / 3.796227e+22 = 1.351213e-05

x1 = 1 01011010 11110010110100101110010,  90
x2 = 1 00101111 01001110100001010010100,  47
111110010110100101110010000 00000000000000000000000
000000000000000000000001011 11101101111001100111001
y = 0 170 01111101101111001100111 carry(1) over(0) under(0)
-1.417742e-11 / -1.080893e-24 = 1.311640e+13
fy(correct) = 0,170,01111101101111001100111 0
-1.417742e-11 / -1.080893e-24 = 1.311640e+13

x1 = 0 10011100 10001001111111010011011, 156
x2 = 1 00000100 10010100010110110000000,   4
110001001111111010011011000 00000000000000000000000
000000000000000000000000111 11001011011111101111010
y = 1  22 11001011011111101111011 carry(0) over(0) under(0)
8.262550e+08 / -1.485367e-37 = -4.424785e-32
fy(correct) = 1,255,00000000000000000000000 0
8.262550e+08 / -1.485367e-37 = -5.562631e+45

x1 = 0 01000001 00101110000100011110111,  65
x2 = 0 01010110 01010001100101001101001,  86
100101110000100011110111000 00000000000000000000000
000000000000000000000000111 00101000100100000110101
y = 0 105 00101000100100000110101 carry(0) over(0) under(0)
2.558633e-19 / 5.996649e-13 = 2.761969e-07
fy(correct) = 0,105,11001010001001000001101 0
2.558633e-19 / 5.996649e-13 = 4.266771e-07

x1 = 0 11001110 10010101100110010000101, 206
x2 = 0 10011100 00100000111001001101001, 156
110010101100110010000101000 00000000000000000000000
000000000000000000000001011 00111011010100111100100
y = 0 177 01100111011010100111100 carry(1) over(0) under(0)
9.576907e+23 / 6.058543e+08 = 1.580728e+15
fy(correct) = 0,177,01100111011010100111101 0
9.576907e+23 / 6.058543e+08 = 1.580728e+15

x1 = 0 10000101 10100000000110011111101, 133
x2 = 0 01101011 00011111100101100100000, 107
110100000000110011111101000 00000000000000000000000
000000000000000000000001011 10010011001100011010100
y = 0 153 01110010011001100011011 carry(1) over(0) under(0)
1.040254e+02 / 1.071345e-06 = 9.709794e+07
fy(correct) = 0,153,01110010011001100011011 0
1.040254e+02 / 1.071345e-06 = 9.709794e+07

x1 = 0 10100000 10110101001111111101001, 160
x2 = 0 11000110 11001110001010111110101, 198
110110101001111111101001000 00000000000000000000000
000000000000000000000000111 10010001100100000010110
y = 0  88 10010001100100000010111 carry(0) over(0) under(0)
1.467165e+10 / 4.262780e+21 = 2.853278e-12
fy(correct) = 0, 88,11100100011001000000110 0
1.467165e+10 / 4.262780e+21 = 3.441804e-12

x1 = 0 11000001 01110001001010110001010, 193
x2 = 1 01101111 01001010110110001101111, 111
101110001001010110001010000 00000000000000000000000
000000000000000000000001000 11101101001101101101111
y = 1 209 00011101101001101101101 carry(1) over(0) under(0)
1.064055e+20 / -1.972003e-05 = -5.395809e+24
fy(correct) = 1,209,00011101101001101101110 0
1.064055e+20 / -1.972003e-05 = -5.395810e+24

x1 = 0 01100010 11101111000100001011110,  98
x2 = 0 01000111 00010001010001010000111,  71
111101111000100001011110000 00000000000000000000000
000000000000000000000001110 01111110001110110010000
y = 0 154 11001111110001110110010 carry(1) over(0) under(0)
3.602075e-09 / 1.481398e-17 = 2.431537e+08
fy(correct) = 0,154,11001111110001110110010 0
3.602075e-09 / 1.481398e-17 = 2.431537e+08

x1 = 0 11011010 01101010011011110001111, 218
x2 = 1 00000011 10100100010100001001000,   3
101101010011011110001111000 00000000000000000000000
000000000000000000000000110 11100101111110010110100
y = 1  85 11100101111110010110101 carry(0) over(0) under(0)
3.505247e+27 / -7.719962e-38 = -4.316319e-13
fy(correct) = 1,255,00000000000000000000000 0
3.505247e+27 / -7.719962e-38 = -4.540498e+64

x1 = 0 00001101 11011111011100001111100,  13
x2 = 0 10011011 11011011100110100011001, 155
111011111011100001111100000 00000000000000000000000
000000000000000000000001000 00010000100001111111000
y = 0 241 00000010000100001111111 carry(1) over(0) under(0)
9.017288e-35 / 4.987052e+08 = 2.093683e+34
fy(correct) = 0,  0,00000000000000010000001 0
9.017288e-35 / 4.987052e+08 = 1.808140e-43

x1 = 1 01110010 11101111001010010110111, 114
x2 = 1 01110000 11001110100000011011011, 112
111101111001010010110111000 00000000000000000000000
000000000000000000000001000 10010000100110010011010
y = 0 129 00010010000100110010011 carry(1) over(0) under(0)
-2.361116e-04 / -5.513509e-05 = 4.282419e+00
fy(correct) = 0,129,00010010000100110010011 0
-2.361116e-04 / -5.513509e-05 = 4.282419e+00

x1 = 0 11100010 11101100110111110100001, 226
x2 = 0 01001101 01011001100110001000110,  77
111101100110111110100001000 00000000000000000000000
000000000000000000000001011 01101000110000100010000
y = 0  20 01101101000110000100010 carry(1) over(0) under(0)
1.220292e+30 / 1.199027e-15 = 8.789337e-33
fy(correct) = 0,255,00000000000000000000000 0
1.220292e+30 / 1.199027e-15 = 1.017736e+45

x1 = 1 01110100 01110010110100100100011, 116
x2 = 0 11110000 11001100010100000011101, 240
101110010110100100100011000 00000000000000000000000
000000000000000000000000110 01110001110101100101100
y = 1   2 01110001110101100101101 carry(0) over(0) under(0)
-7.072857e-04 / 1.867253e+34 = -3.396419e-38
fy(correct) = 1,  2,10011100011101011001011 0
-7.072857e-04 / 1.867253e+34 = -3.787841e-38

x1 = 0 11101001 00110101001100101100000, 233
x2 = 0 11100111 01100001111110111011010, 231
100110101001100101100000000 00000000000000000000000
000000000000000000000000110 11111100111001001000100
y = 0 128 11111100111001001000101 carry(0) over(0) under(0)
9.798883e+31 / 2.804544e+31 = 3.975724e+00
fy(correct) = 0,128,10111111001110010010001 0
9.798883e+31 / 2.804544e+31 = 3.493931e+00

x1 = 0 01100001 10011010110100011111000,  97
x2 = 0 11001100 00100010000100100000001, 204
110011010110100011111000000 00000000000000000000000
000000000000000000000001011 01010100100010010011110
y = 0  20 01101010100100010010011 carry(1) over(0) under(0)
1.494555e-09 / 1.712273e+23 = 8.728483e-33
fy(correct) = 0, 20,01101010100100010010100 0
1.494555e-09 / 1.712273e+23 = 8.728483e-33

x1 = 0 00110100 10111011100101000100000,  52
x2 = 0 11010110 00001101101001000011011, 214
110111011100101000100000000 00000000000000000000000
000000000000000000000001101 00101001000110101000101
y = 0 221 10100101001000110101000 carry(1) over(0) under(0)
4.586500e-23 / 1.629883e+26 = 3.258397e+28
fy(correct) = 0,  0,00000000000000000000000 0
4.586500e-23 / 1.629883e+26 = 2.814007e-49

x1 = 0 10111100 11101110011000100011110, 188
x2 = 0 00011101 11110000110001110000000,  29
111101110011000100011110000 00000000000000000000000
000000000000000000000000111 11110110001000011101010
y = 0  29 11110110001000011101011 carry(0) over(0) under(0)
4.453013e+18 / 6.123254e-30 = 6.189257e-30
fy(correct) = 0,255,00000000000000000000000 0
4.453013e+18 / 6.123254e-30 = 7.272299e+47

x1 = 0 10111101 01101111100111111110101, 189
x2 = 1 00011110 10001001001101000010111,  30
101101111100111111110101000 00000000000000000000000
000000000000000000000000111 01111010110001010110010
y = 1  29 01111010110001010110010 carry(0) over(0) under(0)
6.622537e+18 / -9.693223e-30 = -4.668714e-30
fy(correct) = 1,255,00000000000000000000000 0
6.622537e+18 / -9.693223e-30 = -6.832131e+47

x1 = 0 11101010 00010010110110010000001, 234
x2 = 0 11110010 00101011001101000010110, 242
100010010110110010000001000 00000000000000000000000
000000000000000000000000111 01011001010010010101011
y = 0 118 01011001010010010101011 carry(0) over(0) under(0)
1.742054e+32 / 4.854859e+34 = 2.634327e-03
fy(correct) = 0,118,11010110010100100101011 0
1.742054e+32 / 4.854859e+34 = 3.588269e-03

x1 = 0 11110100 10010110110110000110010, 244
x2 = 0 10100111 00000001001110110100000, 167
110010110110110000110010000 00000000000000000000000
000000000000000000000001100 10100111001011100100000
y = 0 204 10010100111001011100100 carry(1) over(0) under(0)
2.640577e+35 / 1.104801e+12 = 2.390093e+23
fy(correct) = 0,204,10010100111001011100100 0
2.640577e+35 / 1.104801e+12 = 2.390093e+23

x1 = 0 00010000 00011011111110110010110,  16
x2 = 0 10110010 00000110011110000101000, 178
100011011111110110010110000 00000000000000000000000
000000000000000000000001000 10100111110110001110100
y = 0 221 00010100111110110001111 carry(1) over(0) under(0)
4.272873e-34 / 2.308710e+15 = 2.143036e+28
fy(correct) = 0,  0,00000000000000000000000 0
4.272873e-34 / 2.308710e+15 = 1.850762e-49

x1 = 0 11000101 10001010011011110110111, 197
x2 = 0 11111010 00101110110101000011000, 250
110001010011011110110111000 00000000000000000000000
000000000000000000000001010 01101011100001100100111
y = 0  74 01001101011100001100100 carry(1) over(0) under(0)
1.819012e+21 / 1.257902e+37 = 1.446068e-16
fy(correct) = 0, 74,01001101011100001100101 0
1.819012e+21 / 1.257902e+37 = 1.446068e-16

x1 = 0 10100100 00110001101011000111110, 164
x2 = 0 10111010 00100001010001111101001, 186
100110001101011000111110000 00000000000000000000000
000000000000000000000001000 01110100000011101101011
y = 0 105 00001110100000011101101 carry(1) over(0) under(0)
1.641074e+11 / 6.514019e+17 = 2.519295e-07
fy(correct) = 0,105,00001110100000011101101 0
1.641074e+11 / 6.514019e+17 = 2.519295e-07

x1 = 0 10100001 00110000000011110111000, 161
x2 = 0 10110100 01001101101001111010100, 180
100110000000011110111000000 00000000000000000000000
000000000000000000000000111 01001010010110001001001
y = 0 107 01001010010110001001000 carry(0) over(0) under(0)
2.040514e+10 / 1.173944e+16 = 1.230635e-06
fy(correct) = 0,107,11010010100101100010010 0
2.040514e+10 / 1.173944e+16 = 1.738170e-06

x1 = 0 01101100 00100111110000000010001, 108
x2 = 1 01100110 10111010011111101101111, 102
100100111110000000010001000 00000000000000000000000
000000000000000000000000101 01011000110100100001001
y = 1 132 01011000110100100001000 carry(0) over(0) under(0)
2.203513e-06 / -5.151326e-08 = -4.310257e+01
fy(correct) = 1,132,01010110001101001000010 0
2.203513e-06 / -5.151326e-08 = -4.277564e+01

x1 = 0 10101110 01111100011110111101100, 174
x2 = 0 00010000 01011001011011001001111,  16
101111100011110111101100000 00000000000000000000000
000000000000000000000001000 11001111110111011001010
y = 0  29 00011001111110111011001 carry(1) over(0) under(0)
2.091732e+14 / 5.197367e-34 = 3.475711e-30
fy(correct) = 0,255,00000000000000000000000 0
2.091732e+14 / 5.197367e-34 = 4.024599e+47

x1 = 0 00100000 11011011110001101011000,  32
x2 = 0 01001111 10101100100010110100100,  79
111011011110001101011000000 00000000000000000000000
000000000000000000000001000 11100001101110000111110
y = 0  80 00011100001101110000111 carry(1) over(0) under(0)
4.691515e-29 / 5.947244e-15 = 7.888553e-15
fy(correct) = 0, 80,00011100001101110001000 0
4.691515e-29 / 5.947244e-15 = 7.888553e-15

x1 = 0 11000100 10100111000101000100100, 196
x2 = 0 10001101 00000011100001101101010, 141
110100111000101000100100000 00000000000000000000000
000000000000000000000001101 00001010101000111111010
y = 0 182 10100001010101000111111 carry(1) over(0) under(0)
9.755543e+20 / 1.660971e+04 = 5.873398e+16
fy(correct) = 0,182,10100001010101000111111 0
9.755543e+20 / 1.660971e+04 = 5.873398e+16

x1 = 0 10110110 01100111000010100010011, 182
x2 = 0 01110011 00100011100100000010000, 115
101100111000010100010011000 00000000000000000000000
000000000000000000000001001 11011001111110000110001
y = 0 194 00111011001111110000110 carry(1) over(0) under(0)
5.053034e+16 / 2.780561e-04 = 1.817271e+20
fy(correct) = 0,194,00111011001111110000110 0
5.053034e+16 / 2.780561e-04 = 1.817271e+20

x1 = 0 10011101 01011100111100110111001, 157
x2 = 0 11010111 01000010110100001101100, 215
101011100111100110111001000 00000000000000000000000
000000000000000000000001000 10100101110011100101100
y = 0  69 00010100101110011100101 carry(1) over(0) under(0)
1.463606e+09 / 3.902604e+26 = 3.750333e-18
fy(correct) = 0, 69,00010100101110011100110 0
1.463606e+09 / 3.902604e+26 = 3.750333e-18

x1 = 0 11000010 11010000000110110110101, 194
x2 = 0 01100010 00000100000001111011101,  98
111010000000110110110101000 00000000000000000000000
000000000000000000000001110 01000111010011111011111
y = 0 223 11001000111010011111011 carry(1) over(0) under(0)
2.675395e+20 / 1.891969e-09 = 1.414080e+29
fy(correct) = 0,223,11001000111010011111100 0
2.675395e+20 / 1.891969e-09 = 1.414080e+29

x1 = 1 01100100 01000110010101111010110, 100
x2 = 0 01111001 00110111001001011001000, 121
101000110010101111010110000 00000000000000000000000
000000000000000000000001000 01100100000001010001101
y = 1 106 00001100100000001010001 carry(1) over(0) under(0)
-9.497816e-09 / 1.899089e-02 = -5.001248e-07
fy(correct) = 1,106,00001100100000001010010 0
-9.497816e-09 / 1.899089e-02 = -5.001249e-07

x1 = 0 11010101 00100111100101111101110, 213
x2 = 0 00000001 10100011010010110001111,   1
100100111100101111101110000 00000000000000000000000
000000000000000000000000101 10100011110011000011010
y = 0  82 10100011110011000011011 carry(0) over(0) under(0)
8.933756e+25 / 1.925301e-38 = 4.660691e-14
fy(correct) = 0,255,00000000000000000000000 0
8.933756e+25 / 1.925301e-38 = 4.640187e+63

x1 = 0 01010000 01111001111101100110100,  80
x2 = 0 10010111 11110111101100110100011, 151
101111001111101100110100000 00000000000000000000000
000000000000000000000000110 00000000110000101111011
y = 0  55 00000000110000101111011 carry(0) over(0) under(0)
1.049057e-14 / 3.301050e+07 = 2.123882e-22
fy(correct) = 0, 55,10000000001100001011111 0
1.049057e-14 / 3.301050e+07 = 3.177948e-22

x1 = 1 01100011 10100111010100101101101,  99
x2 = 0 10110100 11000000010011100001010, 180
110100111010100101101101000 00000000000000000000000
000000000000000000000000111 10001101111000001001000
y = 1  45 10001101111000001001000 carry(0) over(0) under(0)
-6.160170e-09 / 1.577333e+16 = -3.214026e-25
fy(correct) = 1, 45,11100011011110000010010 0
-6.160170e-09 / 1.577333e+16 = -3.905434e-25

x1 = 0 00010001 00101110110110001101011,  17
x2 = 1 00111000 11001110111010101011011,  56
100101110110110001101011000 00000000000000000000000
000000000000000000000000101 00111011110101001110111
y = 1  87 00111011110101001110111 carry(0) over(0) under(0)
9.113471e-34 / -7.658317e-22 = -1.122060e-12
fy(correct) = 1, 87,01001110111101010011110 0
9.113471e-34 / -7.658317e-22 = -1.190010e-12

x1 = 0 10110110 01100011100110010011010, 182
x2 = 1 01100001 10101000110011110100000,  97
101100011100110010011010000 00000000000000000000000
000000000000000000000000110 10110010010101011001010
y = 1 211 10110010010101011001011 carry(0) over(0) under(0)
5.004603e+16 / -1.545448e-09 = -3.281737e+25
fy(correct) = 1,211,10101100100101010110011 0
5.004603e+16 / -1.545448e-09 = -3.238286e+25

x1 = 0 11010000 11000110100111011111110, 208
x2 = 1 00011010 00001010111011000000111,  26
111000110100111011111110000 00000000000000000000000
000000000000000000000001101 10100000000111100101010
y = 1  53 10110100000000111100101 carry(1) over(0) under(0)
4.293737e+24 / -4.112586e-31 = -9.016575e-23
fy(correct) = 1,255,00000000000000000000000 0
4.293737e+24 / -4.112586e-31 = -1.044048e+55

x1 = 0 00010110 01101001000111010101010,  22
x2 = 0 11100001 11110101011101101101001, 225
101101001000111010101010000 00000000000000000000000
000000000000000000000000101 11000010110011100111110
y = 0 179 11000010110011100111111 carry(0) over(0) under(0)
3.477407e-32 / 6.207825e+29 = 7.930674e+15
fy(correct) = 0,  0,00000000000000000000000 0
3.477407e-32 / 6.207825e+29 = 5.601650e-62

x1 = 1 01010010 11011001110101101100010,  82
x2 = 0 11001100 11001100101101101000100, 204
111011001110101101100010000 00000000000000000000000
000000000000000000000001000 00111010010110010011000
y = 1   5 00000111010010110010011 carry(1) over(0) under(0)
-5.260669e-14 / 2.719570e+23 = -1.934375e-37
fy(correct) = 1,  5,00000111010010110010011 0
-5.260669e-14 / 2.719570e+23 = -1.934376e-37

x1 = 0 01000011 10011110010001100001001,  67
x2 = 1 00100011 10100000011101001100000,  35
110011110010001100001001000 00000000000000000000000
000000000000000000000000111 11110101010001001001011
y = 1 158 11110101010001001001011 carry(0) over(0) under(0)
1.403614e-18 / -3.285259e-28 = -4.204940e+09
fy(correct) = 1,158,11111101010100010010011 0
1.403614e-18 / -3.285259e-28 = -4.272461e+09

x1 = 0 11100110 11010111101000101001011, 230
x2 = 1 01011010 00000111011000110110100,  90
111010111101000101001011000 00000000000000000000000
000000000000000000000001110 01010011001111011111101
y = 1  11 11001010011001111011111 carry(1) over(0) under(0)
1.868339e+31 / -7.485946e-12 = -2.155411e-35
fy(correct) = 1,255,00000000000000000000000 0
1.868339e+31 / -7.485946e-12 = -2.495796e+42

x1 = 0 00000101 10010101111010111001001,   5
x2 = 0 00111001 10110001011110010101101,  57
110010101111010111001001000 00000000000000000000000
000000000000000000000000111 01111101110100011001000
y = 0  74 01111101110100011001000 carry(0) over(0) under(0)
2.982231e-37 / 1.434245e-21 = 1.655874e-16
fy(correct) = 0, 74,11011111011101000110010 0
2.982231e-37 / 1.434245e-21 = 2.079303e-16

x1 = 0 00100110 11010100000110011111000,  38
x2 = 1 01001001 00110100001100011010011,  73
111010100000110011111000000 00000000000000000000000
000000000000000000000001100 00100110100111000111001
y = 1  92 10000100110100111000111 carry(1) over(0) under(0)
2.954135e-27 / -6.682891e-17 = -4.420444e-11
fy(correct) = 1, 92,10000100110100111000111 0
2.954135e-27 / -6.682891e-17 = -4.420444e-11

x1 = 0 01011101 01010001111011100001101,  93
x2 = 1 00001101 10101011101111001000100,  13
101010001111011100001101000 00000000000000000000000
000000000000000000000000110 01010010000000011110111
y = 1 206 01010010000000011110111 carry(0) over(0) under(0)
7.683641e-11 / -8.044828e-35 = -7.980977e+23
fy(correct) = 1,206,10010100100000000111110 0
7.683641e-11 / -8.044828e-35 = -9.551031e+23

x1 = 0 10100011 00111011100101010000111, 163
x2 = 1 01100010 11100111110110011010111,  98
100111011100101010000111000 00000000000000000000000
000000000000000000000000101 00101100110100010010110
y = 1 191 00101100110100010010111 carry(0) over(0) under(0)
8.471346e+10 / -3.549578e-09 = -2.167616e+19
fy(correct) = 1,191,01001011001101000100110 0
8.471346e+10 / -3.549578e-09 = -2.386578e+19

x1 = 0 01000111 01011101001101011110001,  71
x2 = 0 11001010 00001111101011101111111, 202
101011101001101011110001000 00000000000000000000000
000000000000000000000001010 01001000011010010111011
y = 0 252 01001001000011010010111 carry(1) over(0) under(0)
1.893074e-17 / 4.009342e+22 = 5.467306e+37
fy(correct) = 0,  0,00001010010010000110101 0
1.893074e-17 / 4.009342e+22 = 4.721657e-40

x1 = 0 10101100 00011100000010110101010, 172
x2 = 0 10100100 10101111001000111111111, 164
100011100000010110101010000 00000000000000000000000
000000000000000000000000101 01000101010000111010101
y = 0 134 01000101010000111010101 carry(0) over(0) under(0)
3.903874e+13 / 2.314668e+11 = 1.626322e+02
fy(correct) = 0,134,01010001010100001110101 0
3.903874e+13 / 2.314668e+11 = 1.686580e+02

x1 = 0 11010111 10111011011010111000011, 215
x2 = 1 01001111 01010111101000000110001,  79
110111011011010111000011000 00000000000000000000000
000000000000000000000001010 01010010110000111110110
y = 1   7 01001010010110000111111 carry(1) over(0) under(0)
5.360619e+26 / -4.768776e-15 = -9.707987e-37
fy(correct) = 1,255,00000000000000000000000 0
5.360619e+26 / -4.768776e-15 = -1.124108e+41

x1 = 1 00000111 10010110111111011010110,   7
x2 = 1 00011111 00011000101000010110101,  31
110010110111111011010110000 00000000000000000000000
000000000000000000000001011 10011010001010001100101
y = 0 103 01110011010001010001100 carry(1) over(0) under(0)
-1.196039e-36 / -1.383615e-29 = 8.644301e-08
fy(correct) = 0,103,01110011010001010001101 0
-1.196039e-36 / -1.383615e-29 = 8.644301e-08

x1 = 0 00011001 01100111010011110110000,  25
x2 = 0 10110011 10110011000010010000000, 179
101100111010011110110000000 00000000000000000000000
000000000000000000000000110 10011011100000101111011
y = 0 228 10011011100000101111011 carry(0) over(0) under(0)
2.768024e-31 / 7.653219e+15 = 4.075413e+30
fy(correct) = 0,  0,00000000000000000000000 0
2.768024e-31 / 7.653219e+15 = 3.616810e-47

x1 = 0 11000011 11000111110001010110100, 195
x2 = 0 11110001 00100010101110101110100, 241
111000111110001010110100000 00000000000000000000000
000000000000000000000001100 10001010100110101010010
y = 0  81 10010001010100110101010 carry(1) over(0) under(0)
5.254683e+20 / 2.358683e+34 = 2.227804e-14
fy(correct) = 0, 81,10010001010100110101010 0
5.254683e+20 / 2.358683e+34 = 2.227804e-14

x1 = 1 00000011 00001010101010010110001,   3
x2 = 0 11001011 01011110110000110001010, 203
100001010101010010110001000 00000000000000000000000
000000000000000000000000110 00010100111101100011011
y = 1 182 00010100111101100011011 carry(0) over(0) under(0)
-4.897801e-38 / 1.035267e+23 = -3.897890e+16
fy(correct) = 1,  0,00000000000000000000000 0
-4.897801e-38 / 1.035267e+23 = -4.730956e-61

end of checking module fadd
exit
INFO: [Common 17-206] Exiting xsim at Mon Oct 14 17:39:00 2019...
